ARM GAS  C:\Users\93980\AppData\Local\Temp\ccsjaK5h.s 			page 1


   1              		.cpu cortex-m3
   2              		.arch armv7-m
   3              		.fpu softvfp
   4              		.eabi_attribute 20, 1
   5              		.eabi_attribute 21, 1
   6              		.eabi_attribute 23, 3
   7              		.eabi_attribute 24, 1
   8              		.eabi_attribute 25, 1
   9              		.eabi_attribute 26, 1
  10              		.eabi_attribute 30, 1
  11              		.eabi_attribute 34, 1
  12              		.eabi_attribute 18, 4
  13              		.file	"clock_keep.c"
  14              		.text
  15              	.Ltext0:
  16              		.cfi_sections	.debug_frame
  17              		.file 1 "Core/Src/clock_keep.c"
  18              		.section	.text.display_clock,"ax",%progbits
  19              		.align	1
  20              		.global	display_clock
  21              		.syntax unified
  22              		.thumb
  23              		.thumb_func
  25              	display_clock:
  26              	.LVL0:
  27              	.LFB65:
   1:Core/Src/clock_keep.c **** #include "clock_keep.h"
   2:Core/Src/clock_keep.c **** #include "main.h"
   3:Core/Src/clock_keep.c **** #include "rtc.h"
   4:Core/Src/clock_keep.c **** 
   5:Core/Src/clock_keep.c **** uint8_t setting_mode = 0;      // 0: 正常模式, 1: 设置小时, 2: 设置分钟
   6:Core/Src/clock_keep.c **** uint8_t hours = 12;            // 当前小时
   7:Core/Src/clock_keep.c **** uint8_t minutes = 0;           // 当前分钟
   8:Core/Src/clock_keep.c **** uint8_t blink_flag = 0;        // 闪烁标志
   9:Core/Src/clock_keep.c **** 
  10:Core/Src/clock_keep.c **** void display_clock(uint8_t d[4])
  11:Core/Src/clock_keep.c **** {
  28              		.loc 1 11 1 view -0
  29              		.cfi_startproc
  30              		@ args = 0, pretend = 0, frame = 0
  31              		@ frame_needed = 0, uses_anonymous_args = 0
  32              		.loc 1 11 1 is_stmt 0 view .LVU1
  33 0000 F8B5     		push	{r3, r4, r5, r6, r7, lr}
  34              	.LCFI0:
  35              		.cfi_def_cfa_offset 24
  36              		.cfi_offset 3, -24
  37              		.cfi_offset 4, -20
  38              		.cfi_offset 5, -16
  39              		.cfi_offset 6, -12
  40              		.cfi_offset 7, -8
  41              		.cfi_offset 14, -4
  42 0002 0746     		mov	r7, r0
  12:Core/Src/clock_keep.c ****     // 将 d 分别显示到 4 位共阴数码管上
  13:Core/Src/clock_keep.c ****     for (uint8_t i = 0; i < DIGIT_COUNT; i++)
  43              		.loc 1 13 5 is_stmt 1 view .LVU2
  44              	.LBB2:
  45              		.loc 1 13 10 view .LVU3
ARM GAS  C:\Users\93980\AppData\Local\Temp\ccsjaK5h.s 			page 2


  46              	.LVL1:
  47              		.loc 1 13 18 is_stmt 0 view .LVU4
  48 0004 0025     		movs	r5, #0
  49              		.loc 1 13 5 view .LVU5
  50 0006 1AE0     		b	.L2
  51              	.LVL2:
  52              	.L4:
  53              	.LBB3:
  54              	.LBB4:
  14:Core/Src/clock_keep.c ****     {
  15:Core/Src/clock_keep.c ****         HAL_GPIO_WritePin(GPIOA, DIGIT_1_Pin | DIGIT_2_Pin | DIGIT_3_Pin | DIGIT_4_Pin, GPIO_PIN_SE
  16:Core/Src/clock_keep.c **** 
  17:Core/Src/clock_keep.c ****         HAL_GPIO_WritePin(GPIOA, DIGIT_ARR[i], GPIO_PIN_RESET);
  18:Core/Src/clock_keep.c **** 
  19:Core/Src/clock_keep.c ****         uint8_t code = segment_code[d[i]];
  20:Core/Src/clock_keep.c ****         for (uint8_t j = 0; j < 7; j++)
  21:Core/Src/clock_keep.c ****         {
  22:Core/Src/clock_keep.c ****             HAL_GPIO_WritePin(GPIOA, LED_ARR[j], ((code >> j) & 0x01) ? GPIO_PIN_SET : GPIO_PIN_RES
  55              		.loc 1 22 13 is_stmt 1 view .LVU6
  56              		.loc 1 22 57 is_stmt 0 view .LVU7
  57 0008 46FA04F2 		asr	r2, r6, r4
  58              		.loc 1 22 13 view .LVU8
  59 000c 02F00102 		and	r2, r2, #1
  60 0010 174B     		ldr	r3, .L8
  61 0012 33F81410 		ldrh	r1, [r3, r4, lsl #1]
  62 0016 1748     		ldr	r0, .L8+4
  63 0018 FFF7FEFF 		bl	HAL_GPIO_WritePin
  64              	.LVL3:
  20:Core/Src/clock_keep.c ****         {
  65              		.loc 1 20 37 is_stmt 1 discriminator 3 view .LVU9
  66 001c 0134     		adds	r4, r4, #1
  67              	.LVL4:
  20:Core/Src/clock_keep.c ****         {
  68              		.loc 1 20 37 is_stmt 0 discriminator 3 view .LVU10
  69 001e E4B2     		uxtb	r4, r4
  70              	.LVL5:
  71              	.L3:
  20:Core/Src/clock_keep.c ****         {
  72              		.loc 1 20 31 is_stmt 1 discriminator 1 view .LVU11
  73 0020 062C     		cmp	r4, #6
  74 0022 F1D9     		bls	.L4
  75              	.LBE4:
  23:Core/Src/clock_keep.c ****         }
  24:Core/Src/clock_keep.c **** 
  25:Core/Src/clock_keep.c ****         // 显示时钟冒号
  26:Core/Src/clock_keep.c ****         HAL_GPIO_WritePin(GPIOA, LED_DP_Pin, (i == 1) ? GPIO_PIN_SET : GPIO_PIN_RESET);
  76              		.loc 1 26 9 view .LVU12
  77 0024 012D     		cmp	r5, #1
  78 0026 14BF     		ite	ne
  79 0028 0022     		movne	r2, #0
  80 002a 0122     		moveq	r2, #1
  81 002c 0821     		movs	r1, #8
  82 002e 1148     		ldr	r0, .L8+4
  83 0030 FFF7FEFF 		bl	HAL_GPIO_WritePin
  84              	.LVL6:
  27:Core/Src/clock_keep.c **** 
  28:Core/Src/clock_keep.c ****         HAL_Delay(2);
ARM GAS  C:\Users\93980\AppData\Local\Temp\ccsjaK5h.s 			page 3


  85              		.loc 1 28 9 view .LVU13
  86 0034 0220     		movs	r0, #2
  87 0036 FFF7FEFF 		bl	HAL_Delay
  88              	.LVL7:
  89              	.LBE3:
  13:Core/Src/clock_keep.c ****     {
  90              		.loc 1 13 43 discriminator 2 view .LVU14
  91 003a 0135     		adds	r5, r5, #1
  92              	.LVL8:
  13:Core/Src/clock_keep.c ****     {
  93              		.loc 1 13 43 is_stmt 0 discriminator 2 view .LVU15
  94 003c EDB2     		uxtb	r5, r5
  95              	.LVL9:
  96              	.L2:
  13:Core/Src/clock_keep.c ****     {
  97              		.loc 1 13 27 is_stmt 1 discriminator 1 view .LVU16
  98 003e 0E4B     		ldr	r3, .L8+8
  99 0040 1B78     		ldrb	r3, [r3]	@ zero_extendqisi2
 100 0042 AB42     		cmp	r3, r5
 101 0044 12D9     		bls	.L7
 102              	.LBB6:
  15:Core/Src/clock_keep.c **** 
 103              		.loc 1 15 9 view .LVU17
 104 0046 0B4C     		ldr	r4, .L8+4
 105 0048 0122     		movs	r2, #1
 106 004a 48F24061 		movw	r1, #34368
 107 004e 2046     		mov	r0, r4
 108 0050 FFF7FEFF 		bl	HAL_GPIO_WritePin
 109              	.LVL10:
  17:Core/Src/clock_keep.c **** 
 110              		.loc 1 17 9 view .LVU18
 111 0054 0022     		movs	r2, #0
 112 0056 094B     		ldr	r3, .L8+12
 113 0058 33F81510 		ldrh	r1, [r3, r5, lsl #1]
 114 005c 2046     		mov	r0, r4
 115 005e FFF7FEFF 		bl	HAL_GPIO_WritePin
 116              	.LVL11:
  19:Core/Src/clock_keep.c ****         for (uint8_t j = 0; j < 7; j++)
 117              		.loc 1 19 9 view .LVU19
  19:Core/Src/clock_keep.c ****         for (uint8_t j = 0; j < 7; j++)
 118              		.loc 1 19 38 is_stmt 0 view .LVU20
 119 0062 7B5D     		ldrb	r3, [r7, r5]	@ zero_extendqisi2
  19:Core/Src/clock_keep.c ****         for (uint8_t j = 0; j < 7; j++)
 120              		.loc 1 19 17 view .LVU21
 121 0064 064A     		ldr	r2, .L8+16
 122 0066 D65C     		ldrb	r6, [r2, r3]	@ zero_extendqisi2
 123              	.LVL12:
  20:Core/Src/clock_keep.c ****         {
 124              		.loc 1 20 9 is_stmt 1 view .LVU22
 125              	.LBB5:
  20:Core/Src/clock_keep.c ****         {
 126              		.loc 1 20 14 view .LVU23
  20:Core/Src/clock_keep.c ****         {
 127              		.loc 1 20 22 is_stmt 0 view .LVU24
 128 0068 0024     		movs	r4, #0
  20:Core/Src/clock_keep.c ****         {
 129              		.loc 1 20 9 view .LVU25
ARM GAS  C:\Users\93980\AppData\Local\Temp\ccsjaK5h.s 			page 4


 130 006a D9E7     		b	.L3
 131              	.LVL13:
 132              	.L7:
  20:Core/Src/clock_keep.c ****         {
 133              		.loc 1 20 9 view .LVU26
 134              	.LBE5:
 135              	.LBE6:
 136              	.LBE2:
  29:Core/Src/clock_keep.c ****     }
  30:Core/Src/clock_keep.c **** }
 137              		.loc 1 30 1 view .LVU27
 138 006c F8BD     		pop	{r3, r4, r5, r6, r7, pc}
 139              	.LVL14:
 140              	.L9:
 141              		.loc 1 30 1 view .LVU28
 142 006e 00BF     		.align	2
 143              	.L8:
 144 0070 00000000 		.word	LED_ARR
 145 0074 00080140 		.word	1073809408
 146 0078 00000000 		.word	DIGIT_COUNT
 147 007c 00000000 		.word	DIGIT_ARR
 148 0080 00000000 		.word	segment_code
 149              		.cfi_endproc
 150              	.LFE65:
 152              		.section	.text.Blink_Control,"ax",%progbits
 153              		.align	1
 154              		.global	Blink_Control
 155              		.syntax unified
 156              		.thumb
 157              		.thumb_func
 159              	Blink_Control:
 160              	.LFB67:
  31:Core/Src/clock_keep.c **** void run_clock_keep()
  32:Core/Src/clock_keep.c **** {
  33:Core/Src/clock_keep.c ****     uint8_t d[4] = {0};
  34:Core/Src/clock_keep.c ****     RTC_TimeTypeDef sTime;
  35:Core/Src/clock_keep.c ****     HAL_RTC_GetTime(&hrtc, &sTime, RTC_FORMAT_BIN);
  36:Core/Src/clock_keep.c **** 
  37:Core/Src/clock_keep.c ****     if (setting_mode == 1)
  38:Core/Src/clock_keep.c ****     { // 小时设置中
  39:Core/Src/clock_keep.c ****         if (blink_flag)
  40:Core/Src/clock_keep.c ****         {
  41:Core/Src/clock_keep.c ****             d[0] = hours / 10;
  42:Core/Src/clock_keep.c ****             d[1] = hours % 10;
  43:Core/Src/clock_keep.c ****             d[2] = minutes / 10;
  44:Core/Src/clock_keep.c ****             d[3] = minutes % 10;
  45:Core/Src/clock_keep.c ****         }
  46:Core/Src/clock_keep.c ****         else
  47:Core/Src/clock_keep.c ****         {
  48:Core/Src/clock_keep.c ****             // 隐藏小时
  49:Core/Src/clock_keep.c ****             d[0] = 10;
  50:Core/Src/clock_keep.c ****             d[1] = 10;
  51:Core/Src/clock_keep.c ****             d[2] = minutes / 10;
  52:Core/Src/clock_keep.c ****             d[3] = minutes % 10;
  53:Core/Src/clock_keep.c ****         }
  54:Core/Src/clock_keep.c ****     }
  55:Core/Src/clock_keep.c ****     else if (setting_mode == 2)
ARM GAS  C:\Users\93980\AppData\Local\Temp\ccsjaK5h.s 			page 5


  56:Core/Src/clock_keep.c ****     { // 分钟设置中
  57:Core/Src/clock_keep.c ****         if (blink_flag)
  58:Core/Src/clock_keep.c ****         {
  59:Core/Src/clock_keep.c ****             d[0] = hours / 10;
  60:Core/Src/clock_keep.c ****             d[1] = hours % 10;
  61:Core/Src/clock_keep.c ****             d[2] = minutes / 10;
  62:Core/Src/clock_keep.c ****             d[3] = minutes % 10;
  63:Core/Src/clock_keep.c ****         }
  64:Core/Src/clock_keep.c ****         else
  65:Core/Src/clock_keep.c ****         {
  66:Core/Src/clock_keep.c ****             d[0] = hours / 10;
  67:Core/Src/clock_keep.c ****             d[1] = hours % 10;
  68:Core/Src/clock_keep.c ****             // 隐藏分钟
  69:Core/Src/clock_keep.c ****             d[2] = 10;
  70:Core/Src/clock_keep.c ****             d[3] = 10;
  71:Core/Src/clock_keep.c ****         }
  72:Core/Src/clock_keep.c ****     }
  73:Core/Src/clock_keep.c ****     else
  74:Core/Src/clock_keep.c ****     {
  75:Core/Src/clock_keep.c ****         // 正常显示
  76:Core/Src/clock_keep.c ****         d[0] = sTime.Hours / 10;
  77:Core/Src/clock_keep.c ****         d[1] = sTime.Hours % 10;
  78:Core/Src/clock_keep.c ****         d[2] = sTime.Minutes / 10;
  79:Core/Src/clock_keep.c ****         d[3] = sTime.Minutes % 10;
  80:Core/Src/clock_keep.c ****     }
  81:Core/Src/clock_keep.c ****     display_clock(d);
  82:Core/Src/clock_keep.c **** 
  83:Core/Src/clock_keep.c ****     // 闪烁
  84:Core/Src/clock_keep.c ****     Blink_Control();
  85:Core/Src/clock_keep.c **** }
  86:Core/Src/clock_keep.c **** 
  87:Core/Src/clock_keep.c **** void Blink_Control()
  88:Core/Src/clock_keep.c **** {
 161              		.loc 1 88 1 is_stmt 1 view -0
 162              		.cfi_startproc
 163              		@ args = 0, pretend = 0, frame = 0
 164              		@ frame_needed = 0, uses_anonymous_args = 0
 165 0000 08B5     		push	{r3, lr}
 166              	.LCFI1:
 167              		.cfi_def_cfa_offset 8
 168              		.cfi_offset 3, -8
 169              		.cfi_offset 14, -4
  89:Core/Src/clock_keep.c ****     static uint32_t last_blink_time = 0;
 170              		.loc 1 89 5 view .LVU30
  90:Core/Src/clock_keep.c ****     if (HAL_GetTick() - last_blink_time >= 500)
 171              		.loc 1 90 5 view .LVU31
 172              		.loc 1 90 9 is_stmt 0 view .LVU32
 173 0002 FFF7FEFF 		bl	HAL_GetTick
 174              	.LVL15:
 175              		.loc 1 90 23 discriminator 1 view .LVU33
 176 0006 094B     		ldr	r3, .L14
 177 0008 1B68     		ldr	r3, [r3]
 178 000a C01A     		subs	r0, r0, r3
 179              		.loc 1 90 8 discriminator 1 view .LVU34
 180 000c B0F5FA7F 		cmp	r0, #500
 181 0010 00D2     		bcs	.L13
 182              	.L10:
ARM GAS  C:\Users\93980\AppData\Local\Temp\ccsjaK5h.s 			page 6


  91:Core/Src/clock_keep.c ****     {
  92:Core/Src/clock_keep.c ****         blink_flag = !blink_flag; // 切换闪烁状态
  93:Core/Src/clock_keep.c ****         last_blink_time = HAL_GetTick();
  94:Core/Src/clock_keep.c ****     }
  95:Core/Src/clock_keep.c **** }
 183              		.loc 1 95 1 view .LVU35
 184 0012 08BD     		pop	{r3, pc}
 185              	.L13:
  92:Core/Src/clock_keep.c ****         last_blink_time = HAL_GetTick();
 186              		.loc 1 92 9 is_stmt 1 view .LVU36
  92:Core/Src/clock_keep.c ****         last_blink_time = HAL_GetTick();
 187              		.loc 1 92 22 is_stmt 0 view .LVU37
 188 0014 064A     		ldr	r2, .L14+4
 189 0016 1378     		ldrb	r3, [r2]	@ zero_extendqisi2
 190 0018 B3FA83F3 		clz	r3, r3
 191 001c 5B09     		lsrs	r3, r3, #5
  92:Core/Src/clock_keep.c ****         last_blink_time = HAL_GetTick();
 192              		.loc 1 92 20 view .LVU38
 193 001e 1370     		strb	r3, [r2]
  93:Core/Src/clock_keep.c ****     }
 194              		.loc 1 93 9 is_stmt 1 view .LVU39
  93:Core/Src/clock_keep.c ****     }
 195              		.loc 1 93 27 is_stmt 0 view .LVU40
 196 0020 FFF7FEFF 		bl	HAL_GetTick
 197              	.LVL16:
  93:Core/Src/clock_keep.c ****     }
 198              		.loc 1 93 25 discriminator 1 view .LVU41
 199 0024 014B     		ldr	r3, .L14
 200 0026 1860     		str	r0, [r3]
 201              		.loc 1 95 1 view .LVU42
 202 0028 F3E7     		b	.L10
 203              	.L15:
 204 002a 00BF     		.align	2
 205              	.L14:
 206 002c 00000000 		.word	last_blink_time.0
 207 0030 00000000 		.word	blink_flag
 208              		.cfi_endproc
 209              	.LFE67:
 211              		.section	.text.run_clock_keep,"ax",%progbits
 212              		.align	1
 213              		.global	run_clock_keep
 214              		.syntax unified
 215              		.thumb
 216              		.thumb_func
 218              	run_clock_keep:
 219              	.LFB66:
  32:Core/Src/clock_keep.c ****     uint8_t d[4] = {0};
 220              		.loc 1 32 1 is_stmt 1 view -0
 221              		.cfi_startproc
 222              		@ args = 0, pretend = 0, frame = 8
 223              		@ frame_needed = 0, uses_anonymous_args = 0
 224 0000 00B5     		push	{lr}
 225              	.LCFI2:
 226              		.cfi_def_cfa_offset 4
 227              		.cfi_offset 14, -4
 228 0002 83B0     		sub	sp, sp, #12
 229              	.LCFI3:
ARM GAS  C:\Users\93980\AppData\Local\Temp\ccsjaK5h.s 			page 7


 230              		.cfi_def_cfa_offset 16
  33:Core/Src/clock_keep.c ****     RTC_TimeTypeDef sTime;
 231              		.loc 1 33 5 view .LVU44
  33:Core/Src/clock_keep.c ****     RTC_TimeTypeDef sTime;
 232              		.loc 1 33 13 is_stmt 0 view .LVU45
 233 0004 0022     		movs	r2, #0
 234 0006 0192     		str	r2, [sp, #4]
  34:Core/Src/clock_keep.c ****     HAL_RTC_GetTime(&hrtc, &sTime, RTC_FORMAT_BIN);
 235              		.loc 1 34 5 is_stmt 1 view .LVU46
  35:Core/Src/clock_keep.c **** 
 236              		.loc 1 35 5 view .LVU47
 237 0008 6946     		mov	r1, sp
 238 000a 4948     		ldr	r0, .L25
 239 000c FFF7FEFF 		bl	HAL_RTC_GetTime
 240              	.LVL17:
  37:Core/Src/clock_keep.c ****     { // 小时设置中
 241              		.loc 1 37 5 view .LVU48
  37:Core/Src/clock_keep.c ****     { // 小时设置中
 242              		.loc 1 37 22 is_stmt 0 view .LVU49
 243 0010 484B     		ldr	r3, .L25+4
 244 0012 1B78     		ldrb	r3, [r3]	@ zero_extendqisi2
  37:Core/Src/clock_keep.c ****     { // 小时设置中
 245              		.loc 1 37 8 view .LVU50
 246 0014 012B     		cmp	r3, #1
 247 0016 24D0     		beq	.L23
  55:Core/Src/clock_keep.c ****     { // 分钟设置中
 248              		.loc 1 55 10 is_stmt 1 view .LVU51
  55:Core/Src/clock_keep.c ****     { // 分钟设置中
 249              		.loc 1 55 13 is_stmt 0 view .LVU52
 250 0018 022B     		cmp	r3, #2
 251 001a 55D0     		beq	.L24
  76:Core/Src/clock_keep.c ****         d[1] = sTime.Hours % 10;
 252              		.loc 1 76 9 is_stmt 1 view .LVU53
  76:Core/Src/clock_keep.c ****         d[1] = sTime.Hours % 10;
 253              		.loc 1 76 21 is_stmt 0 view .LVU54
 254 001c 9DF80010 		ldrb	r1, [sp]	@ zero_extendqisi2
  76:Core/Src/clock_keep.c ****         d[1] = sTime.Hours % 10;
 255              		.loc 1 76 14 view .LVU55
 256 0020 454B     		ldr	r3, .L25+8
 257 0022 A3FB0102 		umull	r0, r2, r3, r1
 258 0026 D208     		lsrs	r2, r2, #3
 259 0028 8DF80420 		strb	r2, [sp, #4]
  77:Core/Src/clock_keep.c ****         d[2] = sTime.Minutes / 10;
 260              		.loc 1 77 9 is_stmt 1 view .LVU56
  77:Core/Src/clock_keep.c ****         d[2] = sTime.Minutes / 10;
 261              		.loc 1 77 14 is_stmt 0 view .LVU57
 262 002c 02EB8202 		add	r2, r2, r2, lsl #2
 263 0030 5000     		lsls	r0, r2, #1
 264 0032 091A     		subs	r1, r1, r0
 265 0034 8DF80510 		strb	r1, [sp, #5]
  78:Core/Src/clock_keep.c ****         d[3] = sTime.Minutes % 10;
 266              		.loc 1 78 9 is_stmt 1 view .LVU58
  78:Core/Src/clock_keep.c ****         d[3] = sTime.Minutes % 10;
 267              		.loc 1 78 21 is_stmt 0 view .LVU59
 268 0038 9DF80120 		ldrb	r2, [sp, #1]	@ zero_extendqisi2
  78:Core/Src/clock_keep.c ****         d[3] = sTime.Minutes % 10;
 269              		.loc 1 78 14 view .LVU60
ARM GAS  C:\Users\93980\AppData\Local\Temp\ccsjaK5h.s 			page 8


 270 003c A3FB0213 		umull	r1, r3, r3, r2
 271 0040 DB08     		lsrs	r3, r3, #3
 272 0042 8DF80630 		strb	r3, [sp, #6]
  79:Core/Src/clock_keep.c ****     }
 273              		.loc 1 79 9 is_stmt 1 view .LVU61
  79:Core/Src/clock_keep.c ****     }
 274              		.loc 1 79 14 is_stmt 0 view .LVU62
 275 0046 03EB8303 		add	r3, r3, r3, lsl #2
 276 004a 5900     		lsls	r1, r3, #1
 277 004c 521A     		subs	r2, r2, r1
 278 004e 8DF80720 		strb	r2, [sp, #7]
 279              	.L19:
  81:Core/Src/clock_keep.c **** 
 280              		.loc 1 81 5 is_stmt 1 view .LVU63
 281 0052 01A8     		add	r0, sp, #4
 282 0054 FFF7FEFF 		bl	display_clock
 283              	.LVL18:
  84:Core/Src/clock_keep.c **** }
 284              		.loc 1 84 5 view .LVU64
 285 0058 FFF7FEFF 		bl	Blink_Control
 286              	.LVL19:
  85:Core/Src/clock_keep.c **** 
 287              		.loc 1 85 1 is_stmt 0 view .LVU65
 288 005c 03B0     		add	sp, sp, #12
 289              	.LCFI4:
 290              		.cfi_remember_state
 291              		.cfi_def_cfa_offset 4
 292              		@ sp needed
 293 005e 5DF804FB 		ldr	pc, [sp], #4
 294              	.L23:
 295              	.LCFI5:
 296              		.cfi_restore_state
  39:Core/Src/clock_keep.c ****         {
 297              		.loc 1 39 9 is_stmt 1 view .LVU66
  39:Core/Src/clock_keep.c ****         {
 298              		.loc 1 39 13 is_stmt 0 view .LVU67
 299 0062 364B     		ldr	r3, .L25+12
 300 0064 1B78     		ldrb	r3, [r3]	@ zero_extendqisi2
  39:Core/Src/clock_keep.c ****         {
 301              		.loc 1 39 12 view .LVU68
 302 0066 DBB1     		cbz	r3, .L18
  41:Core/Src/clock_keep.c ****             d[1] = hours % 10;
 303              		.loc 1 41 13 is_stmt 1 view .LVU69
  41:Core/Src/clock_keep.c ****             d[1] = hours % 10;
 304              		.loc 1 41 18 is_stmt 0 view .LVU70
 305 0068 354B     		ldr	r3, .L25+16
 306 006a 1978     		ldrb	r1, [r3]	@ zero_extendqisi2
 307 006c 324B     		ldr	r3, .L25+8
 308 006e A3FB0102 		umull	r0, r2, r3, r1
 309 0072 D208     		lsrs	r2, r2, #3
 310 0074 8DF80420 		strb	r2, [sp, #4]
  42:Core/Src/clock_keep.c ****             d[2] = minutes / 10;
 311              		.loc 1 42 13 is_stmt 1 view .LVU71
  42:Core/Src/clock_keep.c ****             d[2] = minutes / 10;
 312              		.loc 1 42 18 is_stmt 0 view .LVU72
 313 0078 02EB8202 		add	r2, r2, r2, lsl #2
 314 007c 5000     		lsls	r0, r2, #1
ARM GAS  C:\Users\93980\AppData\Local\Temp\ccsjaK5h.s 			page 9


 315 007e 091A     		subs	r1, r1, r0
 316 0080 8DF80510 		strb	r1, [sp, #5]
  43:Core/Src/clock_keep.c ****             d[3] = minutes % 10;
 317              		.loc 1 43 13 is_stmt 1 view .LVU73
  43:Core/Src/clock_keep.c ****             d[3] = minutes % 10;
 318              		.loc 1 43 18 is_stmt 0 view .LVU74
 319 0084 2F4A     		ldr	r2, .L25+20
 320 0086 1278     		ldrb	r2, [r2]	@ zero_extendqisi2
 321 0088 A3FB0213 		umull	r1, r3, r3, r2
 322 008c DB08     		lsrs	r3, r3, #3
 323 008e 8DF80630 		strb	r3, [sp, #6]
  44:Core/Src/clock_keep.c ****         }
 324              		.loc 1 44 13 is_stmt 1 view .LVU75
  44:Core/Src/clock_keep.c ****         }
 325              		.loc 1 44 18 is_stmt 0 view .LVU76
 326 0092 03EB8303 		add	r3, r3, r3, lsl #2
 327 0096 5900     		lsls	r1, r3, #1
 328 0098 521A     		subs	r2, r2, r1
 329 009a 8DF80720 		strb	r2, [sp, #7]
 330 009e D8E7     		b	.L19
 331              	.L18:
  49:Core/Src/clock_keep.c ****             d[1] = 10;
 332              		.loc 1 49 13 is_stmt 1 view .LVU77
  49:Core/Src/clock_keep.c ****             d[1] = 10;
 333              		.loc 1 49 18 is_stmt 0 view .LVU78
 334 00a0 0A23     		movs	r3, #10
 335 00a2 8DF80430 		strb	r3, [sp, #4]
  50:Core/Src/clock_keep.c ****             d[2] = minutes / 10;
 336              		.loc 1 50 13 is_stmt 1 view .LVU79
  50:Core/Src/clock_keep.c ****             d[2] = minutes / 10;
 337              		.loc 1 50 18 is_stmt 0 view .LVU80
 338 00a6 8DF80530 		strb	r3, [sp, #5]
  51:Core/Src/clock_keep.c ****             d[3] = minutes % 10;
 339              		.loc 1 51 13 is_stmt 1 view .LVU81
  51:Core/Src/clock_keep.c ****             d[3] = minutes % 10;
 340              		.loc 1 51 18 is_stmt 0 view .LVU82
 341 00aa 264B     		ldr	r3, .L25+20
 342 00ac 1A78     		ldrb	r2, [r3]	@ zero_extendqisi2
 343 00ae 224B     		ldr	r3, .L25+8
 344 00b0 A3FB0213 		umull	r1, r3, r3, r2
 345 00b4 DB08     		lsrs	r3, r3, #3
 346 00b6 8DF80630 		strb	r3, [sp, #6]
  52:Core/Src/clock_keep.c ****         }
 347              		.loc 1 52 13 is_stmt 1 view .LVU83
  52:Core/Src/clock_keep.c ****         }
 348              		.loc 1 52 18 is_stmt 0 view .LVU84
 349 00ba 03EB8303 		add	r3, r3, r3, lsl #2
 350 00be 5900     		lsls	r1, r3, #1
 351 00c0 521A     		subs	r2, r2, r1
 352 00c2 8DF80720 		strb	r2, [sp, #7]
 353 00c6 C4E7     		b	.L19
 354              	.L24:
  57:Core/Src/clock_keep.c ****         {
 355              		.loc 1 57 9 is_stmt 1 view .LVU85
  57:Core/Src/clock_keep.c ****         {
 356              		.loc 1 57 13 is_stmt 0 view .LVU86
 357 00c8 1C4B     		ldr	r3, .L25+12
ARM GAS  C:\Users\93980\AppData\Local\Temp\ccsjaK5h.s 			page 10


 358 00ca 1B78     		ldrb	r3, [r3]	@ zero_extendqisi2
  57:Core/Src/clock_keep.c ****         {
 359              		.loc 1 57 12 view .LVU87
 360 00cc DBB1     		cbz	r3, .L21
  59:Core/Src/clock_keep.c ****             d[1] = hours % 10;
 361              		.loc 1 59 13 is_stmt 1 view .LVU88
  59:Core/Src/clock_keep.c ****             d[1] = hours % 10;
 362              		.loc 1 59 18 is_stmt 0 view .LVU89
 363 00ce 1C4B     		ldr	r3, .L25+16
 364 00d0 1978     		ldrb	r1, [r3]	@ zero_extendqisi2
 365 00d2 194B     		ldr	r3, .L25+8
 366 00d4 A3FB0102 		umull	r0, r2, r3, r1
 367 00d8 D208     		lsrs	r2, r2, #3
 368 00da 8DF80420 		strb	r2, [sp, #4]
  60:Core/Src/clock_keep.c ****             d[2] = minutes / 10;
 369              		.loc 1 60 13 is_stmt 1 view .LVU90
  60:Core/Src/clock_keep.c ****             d[2] = minutes / 10;
 370              		.loc 1 60 18 is_stmt 0 view .LVU91
 371 00de 02EB8202 		add	r2, r2, r2, lsl #2
 372 00e2 5000     		lsls	r0, r2, #1
 373 00e4 091A     		subs	r1, r1, r0
 374 00e6 8DF80510 		strb	r1, [sp, #5]
  61:Core/Src/clock_keep.c ****             d[3] = minutes % 10;
 375              		.loc 1 61 13 is_stmt 1 view .LVU92
  61:Core/Src/clock_keep.c ****             d[3] = minutes % 10;
 376              		.loc 1 61 18 is_stmt 0 view .LVU93
 377 00ea 164A     		ldr	r2, .L25+20
 378 00ec 1278     		ldrb	r2, [r2]	@ zero_extendqisi2
 379 00ee A3FB0213 		umull	r1, r3, r3, r2
 380 00f2 DB08     		lsrs	r3, r3, #3
 381 00f4 8DF80630 		strb	r3, [sp, #6]
  62:Core/Src/clock_keep.c ****         }
 382              		.loc 1 62 13 is_stmt 1 view .LVU94
  62:Core/Src/clock_keep.c ****         }
 383              		.loc 1 62 18 is_stmt 0 view .LVU95
 384 00f8 03EB8303 		add	r3, r3, r3, lsl #2
 385 00fc 5900     		lsls	r1, r3, #1
 386 00fe 521A     		subs	r2, r2, r1
 387 0100 8DF80720 		strb	r2, [sp, #7]
 388 0104 A5E7     		b	.L19
 389              	.L21:
  66:Core/Src/clock_keep.c ****             d[1] = hours % 10;
 390              		.loc 1 66 13 is_stmt 1 view .LVU96
  66:Core/Src/clock_keep.c ****             d[1] = hours % 10;
 391              		.loc 1 66 18 is_stmt 0 view .LVU97
 392 0106 0E4B     		ldr	r3, .L25+16
 393 0108 1A78     		ldrb	r2, [r3]	@ zero_extendqisi2
 394 010a 0B4B     		ldr	r3, .L25+8
 395 010c A3FB0213 		umull	r1, r3, r3, r2
 396 0110 DB08     		lsrs	r3, r3, #3
 397 0112 8DF80430 		strb	r3, [sp, #4]
  67:Core/Src/clock_keep.c ****             // 隐藏分钟
 398              		.loc 1 67 13 is_stmt 1 view .LVU98
  67:Core/Src/clock_keep.c ****             // 隐藏分钟
 399              		.loc 1 67 18 is_stmt 0 view .LVU99
 400 0116 03EB8303 		add	r3, r3, r3, lsl #2
 401 011a 5900     		lsls	r1, r3, #1
ARM GAS  C:\Users\93980\AppData\Local\Temp\ccsjaK5h.s 			page 11


 402 011c 521A     		subs	r2, r2, r1
 403 011e 8DF80520 		strb	r2, [sp, #5]
  69:Core/Src/clock_keep.c ****             d[3] = 10;
 404              		.loc 1 69 13 is_stmt 1 view .LVU100
  69:Core/Src/clock_keep.c ****             d[3] = 10;
 405              		.loc 1 69 18 is_stmt 0 view .LVU101
 406 0122 0A23     		movs	r3, #10
 407 0124 8DF80630 		strb	r3, [sp, #6]
  70:Core/Src/clock_keep.c ****         }
 408              		.loc 1 70 13 is_stmt 1 view .LVU102
  70:Core/Src/clock_keep.c ****         }
 409              		.loc 1 70 18 is_stmt 0 view .LVU103
 410 0128 8DF80730 		strb	r3, [sp, #7]
 411 012c 91E7     		b	.L19
 412              	.L26:
 413 012e 00BF     		.align	2
 414              	.L25:
 415 0130 00000000 		.word	hrtc
 416 0134 00000000 		.word	setting_mode
 417 0138 CDCCCCCC 		.word	-858993459
 418 013c 00000000 		.word	blink_flag
 419 0140 00000000 		.word	hours
 420 0144 00000000 		.word	minutes
 421              		.cfi_endproc
 422              	.LFE66:
 424              		.section	.text.Local_SetTime,"ax",%progbits
 425              		.align	1
 426              		.global	Local_SetTime
 427              		.syntax unified
 428              		.thumb
 429              		.thumb_func
 431              	Local_SetTime:
 432              	.LFB69:
  96:Core/Src/clock_keep.c **** 
  97:Core/Src/clock_keep.c **** void setting_clock_keep(uint16_t GPIO_Pin)
  98:Core/Src/clock_keep.c **** {
  99:Core/Src/clock_keep.c ****     if (GPIO_Pin == BUTTON_INTERRUPT_1_Pin)
 100:Core/Src/clock_keep.c ****     {
 101:Core/Src/clock_keep.c ****         if (setting_mode == 0)
 102:Core/Src/clock_keep.c ****         {
 103:Core/Src/clock_keep.c ****             setting_mode = 1; // 进入小时设置
 104:Core/Src/clock_keep.c ****             Local_SetTime();  // 同步RTC时钟
 105:Core/Src/clock_keep.c ****         }
 106:Core/Src/clock_keep.c ****         else if (setting_mode == 1)
 107:Core/Src/clock_keep.c ****         {
 108:Core/Src/clock_keep.c ****             setting_mode = 2; // 进入分钟设置
 109:Core/Src/clock_keep.c ****         }
 110:Core/Src/clock_keep.c ****         else
 111:Core/Src/clock_keep.c ****         {
 112:Core/Src/clock_keep.c ****             setting_mode = 0; // 退出设置模式，保存时间
 113:Core/Src/clock_keep.c ****             RTC_SetTime(hours, minutes);
 114:Core/Src/clock_keep.c ****         }
 115:Core/Src/clock_keep.c ****     }
 116:Core/Src/clock_keep.c ****     else if (GPIO_Pin == BUTTON_INTERRUPT_2_Pin)
 117:Core/Src/clock_keep.c ****     {
 118:Core/Src/clock_keep.c ****         if (setting_mode == 1)
 119:Core/Src/clock_keep.c ****         {
ARM GAS  C:\Users\93980\AppData\Local\Temp\ccsjaK5h.s 			page 12


 120:Core/Src/clock_keep.c ****             hours = (hours + 1) % 24; // 小时加 1（0~23）
 121:Core/Src/clock_keep.c ****         }
 122:Core/Src/clock_keep.c ****         else if (setting_mode == 2)
 123:Core/Src/clock_keep.c ****         {
 124:Core/Src/clock_keep.c ****             minutes = (minutes + 1) % 60; // 分钟加 1（0~59）
 125:Core/Src/clock_keep.c ****         }
 126:Core/Src/clock_keep.c ****     }
 127:Core/Src/clock_keep.c **** }
 128:Core/Src/clock_keep.c **** 
 129:Core/Src/clock_keep.c **** void Local_SetTime()
 130:Core/Src/clock_keep.c **** {
 433              		.loc 1 130 1 is_stmt 1 view -0
 434              		.cfi_startproc
 435              		@ args = 0, pretend = 0, frame = 8
 436              		@ frame_needed = 0, uses_anonymous_args = 0
 437 0000 00B5     		push	{lr}
 438              	.LCFI6:
 439              		.cfi_def_cfa_offset 4
 440              		.cfi_offset 14, -4
 441 0002 83B0     		sub	sp, sp, #12
 442              	.LCFI7:
 443              		.cfi_def_cfa_offset 16
 131:Core/Src/clock_keep.c ****     RTC_TimeTypeDef sTime;
 444              		.loc 1 131 5 view .LVU105
 132:Core/Src/clock_keep.c ****     HAL_RTC_GetTime(&hrtc, &sTime, RTC_FORMAT_BIN);
 445              		.loc 1 132 5 view .LVU106
 446 0004 0022     		movs	r2, #0
 447 0006 01A9     		add	r1, sp, #4
 448 0008 0648     		ldr	r0, .L29
 449 000a FFF7FEFF 		bl	HAL_RTC_GetTime
 450              	.LVL20:
 133:Core/Src/clock_keep.c **** 
 134:Core/Src/clock_keep.c ****     hours = sTime.Hours;
 451              		.loc 1 134 5 view .LVU107
 452              		.loc 1 134 18 is_stmt 0 view .LVU108
 453 000e 9DF80420 		ldrb	r2, [sp, #4]	@ zero_extendqisi2
 454              		.loc 1 134 11 view .LVU109
 455 0012 054B     		ldr	r3, .L29+4
 456 0014 1A70     		strb	r2, [r3]
 135:Core/Src/clock_keep.c ****     minutes = sTime.Minutes;
 457              		.loc 1 135 5 is_stmt 1 view .LVU110
 458              		.loc 1 135 20 is_stmt 0 view .LVU111
 459 0016 9DF80520 		ldrb	r2, [sp, #5]	@ zero_extendqisi2
 460              		.loc 1 135 13 view .LVU112
 461 001a 044B     		ldr	r3, .L29+8
 462 001c 1A70     		strb	r2, [r3]
 136:Core/Src/clock_keep.c **** }
 463              		.loc 1 136 1 view .LVU113
 464 001e 03B0     		add	sp, sp, #12
 465              	.LCFI8:
 466              		.cfi_def_cfa_offset 4
 467              		@ sp needed
 468 0020 5DF804FB 		ldr	pc, [sp], #4
 469              	.L30:
 470              		.align	2
 471              	.L29:
 472 0024 00000000 		.word	hrtc
ARM GAS  C:\Users\93980\AppData\Local\Temp\ccsjaK5h.s 			page 13


 473 0028 00000000 		.word	hours
 474 002c 00000000 		.word	minutes
 475              		.cfi_endproc
 476              	.LFE69:
 478              		.section	.text.RTC_SetTime,"ax",%progbits
 479              		.align	1
 480              		.global	RTC_SetTime
 481              		.syntax unified
 482              		.thumb
 483              		.thumb_func
 485              	RTC_SetTime:
 486              	.LVL21:
 487              	.LFB70:
 137:Core/Src/clock_keep.c **** void RTC_SetTime(uint8_t hour, uint8_t min)
 138:Core/Src/clock_keep.c **** {
 488              		.loc 1 138 1 is_stmt 1 view -0
 489              		.cfi_startproc
 490              		@ args = 0, pretend = 0, frame = 8
 491              		@ frame_needed = 0, uses_anonymous_args = 0
 492              		.loc 1 138 1 is_stmt 0 view .LVU115
 493 0000 00B5     		push	{lr}
 494              	.LCFI9:
 495              		.cfi_def_cfa_offset 4
 496              		.cfi_offset 14, -4
 497 0002 83B0     		sub	sp, sp, #12
 498              	.LCFI10:
 499              		.cfi_def_cfa_offset 16
 139:Core/Src/clock_keep.c ****     RTC_TimeTypeDef sTime = {0};
 500              		.loc 1 139 5 is_stmt 1 view .LVU116
 501              		.loc 1 139 21 is_stmt 0 view .LVU117
 502 0004 01AB     		add	r3, sp, #4
 503 0006 0022     		movs	r2, #0
 504 0008 ADF80420 		strh	r2, [sp, #4]	@ movhi
 505 000c 8DF80620 		strb	r2, [sp, #6]
 140:Core/Src/clock_keep.c **** 
 141:Core/Src/clock_keep.c ****     sTime.Hours = hour;
 506              		.loc 1 141 5 is_stmt 1 view .LVU118
 507              		.loc 1 141 17 is_stmt 0 view .LVU119
 508 0010 8DF80400 		strb	r0, [sp, #4]
 142:Core/Src/clock_keep.c ****     sTime.Minutes = min;
 509              		.loc 1 142 5 is_stmt 1 view .LVU120
 510              		.loc 1 142 19 is_stmt 0 view .LVU121
 511 0014 8DF80510 		strb	r1, [sp, #5]
 143:Core/Src/clock_keep.c ****     sTime.Seconds = 0;
 512              		.loc 1 143 5 is_stmt 1 view .LVU122
 144:Core/Src/clock_keep.c **** 
 145:Core/Src/clock_keep.c ****     HAL_RTC_SetTime(&hrtc, &sTime, RTC_FORMAT_BIN);
 513              		.loc 1 145 5 view .LVU123
 514 0018 1946     		mov	r1, r3
 515              	.LVL22:
 516              		.loc 1 145 5 is_stmt 0 view .LVU124
 517 001a 0348     		ldr	r0, .L33
 518              	.LVL23:
 519              		.loc 1 145 5 view .LVU125
 520 001c FFF7FEFF 		bl	HAL_RTC_SetTime
 521              	.LVL24:
 146:Core/Src/clock_keep.c **** }...
ARM GAS  C:\Users\93980\AppData\Local\Temp\ccsjaK5h.s 			page 14


 522              		.loc 1 146 1 view .LVU126
 523 0020 03B0     		add	sp, sp, #12
 524              	.LCFI11:
 525              		.cfi_def_cfa_offset 4
 526              		@ sp needed
 527 0022 5DF804FB 		ldr	pc, [sp], #4
 528              	.L34:
 529 0026 00BF     		.align	2
 530              	.L33:
 531 0028 00000000 		.word	hrtc
 532              		.cfi_endproc
 533              	.LFE70:
 535              		.section	.text.setting_clock_keep,"ax",%progbits
 536              		.align	1
 537              		.global	setting_clock_keep
 538              		.syntax unified
 539              		.thumb
 540              		.thumb_func
 542              	setting_clock_keep:
 543              	.LVL25:
 544              	.LFB68:
  98:Core/Src/clock_keep.c **** {
 545              		.loc 1 98 1 is_stmt 1 view -0
 546              		.cfi_startproc
 547              		@ args = 0, pretend = 0, frame = 0
 548              		@ frame_needed = 0, uses_anonymous_args = 0
  98:Core/Src/clock_keep.c **** {
 549              		.loc 1 98 1 is_stmt 0 view .LVU128
 550 0000 08B5     		push	{r3, lr}
 551              	.LCFI12:
 552              		.cfi_def_cfa_offset 8
 553              		.cfi_offset 3, -8
 554              		.cfi_offset 14, -4
  99:Core/Src/clock_keep.c ****     if (GPIO_Pin == BUTTON_INTERRUPT_1_Pin)
 555              		.loc 1 99 5 is_stmt 1 view .LVU129
  99:Core/Src/clock_keep.c ****     if (GPIO_Pin == BUTTON_INTERRUPT_1_Pin)
 556              		.loc 1 99 8 is_stmt 0 view .LVU130
 557 0002 0128     		cmp	r0, #1
 558 0004 02D0     		beq	.L42
 116:Core/Src/clock_keep.c ****     else if (GPIO_Pin == BUTTON_INTERRUPT_2_Pin)
 559              		.loc 1 116 10 is_stmt 1 view .LVU131
 116:Core/Src/clock_keep.c ****     else if (GPIO_Pin == BUTTON_INTERRUPT_2_Pin)
 560              		.loc 1 116 13 is_stmt 0 view .LVU132
 561 0006 8028     		cmp	r0, #128
 562 0008 19D0     		beq	.L43
 563              	.LVL26:
 564              	.L35:
 127:Core/Src/clock_keep.c **** }
 565              		.loc 1 127 1 view .LVU133
 566 000a 08BD     		pop	{r3, pc}
 567              	.LVL27:
 568              	.L42:
 101:Core/Src/clock_keep.c ****         if (setting_mode == 0)
 569              		.loc 1 101 9 is_stmt 1 view .LVU134
 101:Core/Src/clock_keep.c ****         if (setting_mode == 0)
 570              		.loc 1 101 26 is_stmt 0 view .LVU135
 571 000c 1C4B     		ldr	r3, .L46
ARM GAS  C:\Users\93980\AppData\Local\Temp\ccsjaK5h.s 			page 15


 572 000e 1B78     		ldrb	r3, [r3]	@ zero_extendqisi2
 101:Core/Src/clock_keep.c ****         if (setting_mode == 0)
 573              		.loc 1 101 12 view .LVU136
 574 0010 2BB1     		cbz	r3, .L44
 106:Core/Src/clock_keep.c ****         else if (setting_mode == 1)
 575              		.loc 1 106 14 is_stmt 1 view .LVU137
 106:Core/Src/clock_keep.c ****         else if (setting_mode == 1)
 576              		.loc 1 106 17 is_stmt 0 view .LVU138
 577 0012 012B     		cmp	r3, #1
 578 0014 09D1     		bne	.L39
 108:Core/Src/clock_keep.c ****             setting_mode = 2; // 进入分钟设置
 579              		.loc 1 108 13 is_stmt 1 view .LVU139
 108:Core/Src/clock_keep.c ****             setting_mode = 2; // 进入分钟设置
 580              		.loc 1 108 26 is_stmt 0 view .LVU140
 581 0016 1A4B     		ldr	r3, .L46
 582 0018 0222     		movs	r2, #2
 583 001a 1A70     		strb	r2, [r3]
 584 001c F5E7     		b	.L35
 585              	.L44:
 103:Core/Src/clock_keep.c ****             setting_mode = 1; // 进入小时设置
 586              		.loc 1 103 13 is_stmt 1 view .LVU141
 103:Core/Src/clock_keep.c ****             setting_mode = 1; // 进入小时设置
 587              		.loc 1 103 26 is_stmt 0 view .LVU142
 588 001e 184B     		ldr	r3, .L46
 589 0020 0122     		movs	r2, #1
 590 0022 1A70     		strb	r2, [r3]
 104:Core/Src/clock_keep.c ****             Local_SetTime();  // 同步RTC时钟
 591              		.loc 1 104 13 is_stmt 1 view .LVU143
 592 0024 FFF7FEFF 		bl	Local_SetTime
 593              	.LVL28:
 104:Core/Src/clock_keep.c ****             Local_SetTime();  // 同步RTC时钟
 594              		.loc 1 104 13 is_stmt 0 view .LVU144
 595 0028 EFE7     		b	.L35
 596              	.LVL29:
 597              	.L39:
 112:Core/Src/clock_keep.c ****             setting_mode = 0; // 退出设置模式，保存时间
 598              		.loc 1 112 13 is_stmt 1 view .LVU145
 112:Core/Src/clock_keep.c ****             setting_mode = 0; // 退出设置模式，保存时间
 599              		.loc 1 112 26 is_stmt 0 view .LVU146
 600 002a 154B     		ldr	r3, .L46
 601 002c 0022     		movs	r2, #0
 602 002e 1A70     		strb	r2, [r3]
 113:Core/Src/clock_keep.c ****             RTC_SetTime(hours, minutes);
 603              		.loc 1 113 13 is_stmt 1 view .LVU147
 604 0030 144B     		ldr	r3, .L46+4
 605 0032 1978     		ldrb	r1, [r3]	@ zero_extendqisi2
 606 0034 144B     		ldr	r3, .L46+8
 607 0036 1878     		ldrb	r0, [r3]	@ zero_extendqisi2
 608              	.LVL30:
 113:Core/Src/clock_keep.c ****             RTC_SetTime(hours, minutes);
 609              		.loc 1 113 13 is_stmt 0 view .LVU148
 610 0038 FFF7FEFF 		bl	RTC_SetTime
 611              	.LVL31:
 612 003c E5E7     		b	.L35
 613              	.LVL32:
 614              	.L43:
 118:Core/Src/clock_keep.c ****         if (setting_mode == 1)
ARM GAS  C:\Users\93980\AppData\Local\Temp\ccsjaK5h.s 			page 16


 615              		.loc 1 118 9 is_stmt 1 view .LVU149
 118:Core/Src/clock_keep.c ****         if (setting_mode == 1)
 616              		.loc 1 118 26 is_stmt 0 view .LVU150
 617 003e 104B     		ldr	r3, .L46
 618 0040 1B78     		ldrb	r3, [r3]	@ zero_extendqisi2
 118:Core/Src/clock_keep.c ****         if (setting_mode == 1)
 619              		.loc 1 118 12 view .LVU151
 620 0042 012B     		cmp	r3, #1
 621 0044 0FD0     		beq	.L45
 122:Core/Src/clock_keep.c ****         else if (setting_mode == 2)
 622              		.loc 1 122 14 is_stmt 1 view .LVU152
 122:Core/Src/clock_keep.c ****         else if (setting_mode == 2)
 623              		.loc 1 122 17 is_stmt 0 view .LVU153
 624 0046 022B     		cmp	r3, #2
 625 0048 DFD1     		bne	.L35
 124:Core/Src/clock_keep.c ****             minutes = (minutes + 1) % 60; // 分钟加 1（0~59）
 626              		.loc 1 124 13 is_stmt 1 view .LVU154
 124:Core/Src/clock_keep.c ****             minutes = (minutes + 1) % 60; // 分钟加 1（0~59）
 627              		.loc 1 124 32 is_stmt 0 view .LVU155
 628 004a 0E49     		ldr	r1, .L46+4
 629 004c 0A78     		ldrb	r2, [r1]	@ zero_extendqisi2
 630 004e 0132     		adds	r2, r2, #1
 124:Core/Src/clock_keep.c ****             minutes = (minutes + 1) % 60; // 分钟加 1（0~59）
 631              		.loc 1 124 37 view .LVU156
 632 0050 0E4B     		ldr	r3, .L46+12
 633 0052 83FB0203 		smull	r0, r3, r3, r2
 634              	.LVL33:
 124:Core/Src/clock_keep.c ****             minutes = (minutes + 1) % 60; // 分钟加 1（0~59）
 635              		.loc 1 124 37 view .LVU157
 636 0056 1344     		add	r3, r3, r2
 637 0058 5B11     		asrs	r3, r3, #5
 638 005a C3EB0313 		rsb	r3, r3, r3, lsl #4
 639 005e A2EB8303 		sub	r3, r2, r3, lsl #2
 124:Core/Src/clock_keep.c ****             minutes = (minutes + 1) % 60; // 分钟加 1（0~59）
 640              		.loc 1 124 21 view .LVU158
 641 0062 0B70     		strb	r3, [r1]
 127:Core/Src/clock_keep.c **** }
 642              		.loc 1 127 1 view .LVU159
 643 0064 D1E7     		b	.L35
 644              	.LVL34:
 645              	.L45:
 120:Core/Src/clock_keep.c ****             hours = (hours + 1) % 24; // 小时加 1（0~23）
 646              		.loc 1 120 13 is_stmt 1 view .LVU160
 120:Core/Src/clock_keep.c ****             hours = (hours + 1) % 24; // 小时加 1（0~23）
 647              		.loc 1 120 28 is_stmt 0 view .LVU161
 648 0066 0849     		ldr	r1, .L46+8
 649 0068 0A78     		ldrb	r2, [r1]	@ zero_extendqisi2
 650 006a 0132     		adds	r2, r2, #1
 120:Core/Src/clock_keep.c ****             hours = (hours + 1) % 24; // 小时加 1（0~23）
 651              		.loc 1 120 33 view .LVU162
 652 006c 084B     		ldr	r3, .L46+16
 653 006e 83FB0203 		smull	r0, r3, r3, r2
 654              	.LVL35:
 120:Core/Src/clock_keep.c ****             hours = (hours + 1) % 24; // 小时加 1（0~23）
 655              		.loc 1 120 33 view .LVU163
 656 0072 9B10     		asrs	r3, r3, #2
 657 0074 03EB4303 		add	r3, r3, r3, lsl #1
ARM GAS  C:\Users\93980\AppData\Local\Temp\ccsjaK5h.s 			page 17


 658 0078 A2EBC303 		sub	r3, r2, r3, lsl #3
 120:Core/Src/clock_keep.c ****             hours = (hours + 1) % 24; // 小时加 1（0~23）
 659              		.loc 1 120 19 view .LVU164
 660 007c 0B70     		strb	r3, [r1]
 661 007e C4E7     		b	.L35
 662              	.L47:
 663              		.align	2
 664              	.L46:
 665 0080 00000000 		.word	setting_mode
 666 0084 00000000 		.word	minutes
 667 0088 00000000 		.word	hours
 668 008c 89888888 		.word	-2004318071
 669 0090 ABAAAA2A 		.word	715827883
 670              		.cfi_endproc
 671              	.LFE68:
 673              		.section	.bss.last_blink_time.0,"aw",%nobits
 674              		.align	2
 677              	last_blink_time.0:
 678 0000 00000000 		.space	4
 679              		.global	blink_flag
 680              		.section	.bss.blink_flag,"aw",%nobits
 683              	blink_flag:
 684 0000 00       		.space	1
 685              		.global	minutes
 686              		.section	.bss.minutes,"aw",%nobits
 689              	minutes:
 690 0000 00       		.space	1
 691              		.global	hours
 692              		.section	.data.hours,"aw"
 695              	hours:
 696 0000 0C       		.byte	12
 697              		.global	setting_mode
 698              		.section	.bss.setting_mode,"aw",%nobits
 701              	setting_mode:
 702 0000 00       		.space	1
 703              		.text
 704              	.Letext0:
 705              		.file 2 "D:/arm-none-eabi-gcc/arm-none-eabi/include/machine/_default_types.h"
 706              		.file 3 "D:/arm-none-eabi-gcc/arm-none-eabi/include/sys/_stdint.h"
 707              		.file 4 "Drivers/CMSIS/Device/ST/STM32F1xx/Include/stm32f103xb.h"
 708              		.file 5 "Drivers/STM32F1xx_HAL_Driver/Inc/stm32f1xx_hal_def.h"
 709              		.file 6 "Drivers/STM32F1xx_HAL_Driver/Inc/stm32f1xx_hal_gpio.h"
 710              		.file 7 "Drivers/STM32F1xx_HAL_Driver/Inc/stm32f1xx_hal_rtc.h"
 711              		.file 8 "Core/Inc/main.h"
 712              		.file 9 "Core/Inc/rtc.h"
 713              		.file 10 "Drivers/STM32F1xx_HAL_Driver/Inc/stm32f1xx_hal.h"
ARM GAS  C:\Users\93980\AppData\Local\Temp\ccsjaK5h.s 			page 18


DEFINED SYMBOLS
                            *ABS*:00000000 clock_keep.c
C:\Users\93980\AppData\Local\Temp\ccsjaK5h.s:19     .text.display_clock:00000000 $t
C:\Users\93980\AppData\Local\Temp\ccsjaK5h.s:25     .text.display_clock:00000000 display_clock
C:\Users\93980\AppData\Local\Temp\ccsjaK5h.s:144    .text.display_clock:00000070 $d
C:\Users\93980\AppData\Local\Temp\ccsjaK5h.s:153    .text.Blink_Control:00000000 $t
C:\Users\93980\AppData\Local\Temp\ccsjaK5h.s:159    .text.Blink_Control:00000000 Blink_Control
C:\Users\93980\AppData\Local\Temp\ccsjaK5h.s:206    .text.Blink_Control:0000002c $d
C:\Users\93980\AppData\Local\Temp\ccsjaK5h.s:677    .bss.last_blink_time.0:00000000 last_blink_time.0
C:\Users\93980\AppData\Local\Temp\ccsjaK5h.s:683    .bss.blink_flag:00000000 blink_flag
C:\Users\93980\AppData\Local\Temp\ccsjaK5h.s:212    .text.run_clock_keep:00000000 $t
C:\Users\93980\AppData\Local\Temp\ccsjaK5h.s:218    .text.run_clock_keep:00000000 run_clock_keep
C:\Users\93980\AppData\Local\Temp\ccsjaK5h.s:415    .text.run_clock_keep:00000130 $d
C:\Users\93980\AppData\Local\Temp\ccsjaK5h.s:701    .bss.setting_mode:00000000 setting_mode
C:\Users\93980\AppData\Local\Temp\ccsjaK5h.s:695    .data.hours:00000000 hours
C:\Users\93980\AppData\Local\Temp\ccsjaK5h.s:689    .bss.minutes:00000000 minutes
C:\Users\93980\AppData\Local\Temp\ccsjaK5h.s:425    .text.Local_SetTime:00000000 $t
C:\Users\93980\AppData\Local\Temp\ccsjaK5h.s:431    .text.Local_SetTime:00000000 Local_SetTime
C:\Users\93980\AppData\Local\Temp\ccsjaK5h.s:472    .text.Local_SetTime:00000024 $d
C:\Users\93980\AppData\Local\Temp\ccsjaK5h.s:479    .text.RTC_SetTime:00000000 $t
C:\Users\93980\AppData\Local\Temp\ccsjaK5h.s:485    .text.RTC_SetTime:00000000 RTC_SetTime
C:\Users\93980\AppData\Local\Temp\ccsjaK5h.s:531    .text.RTC_SetTime:00000028 $d
C:\Users\93980\AppData\Local\Temp\ccsjaK5h.s:536    .text.setting_clock_keep:00000000 $t
C:\Users\93980\AppData\Local\Temp\ccsjaK5h.s:542    .text.setting_clock_keep:00000000 setting_clock_keep
C:\Users\93980\AppData\Local\Temp\ccsjaK5h.s:665    .text.setting_clock_keep:00000080 $d
C:\Users\93980\AppData\Local\Temp\ccsjaK5h.s:674    .bss.last_blink_time.0:00000000 $d
C:\Users\93980\AppData\Local\Temp\ccsjaK5h.s:684    .bss.blink_flag:00000000 $d
C:\Users\93980\AppData\Local\Temp\ccsjaK5h.s:690    .bss.minutes:00000000 $d
C:\Users\93980\AppData\Local\Temp\ccsjaK5h.s:702    .bss.setting_mode:00000000 $d

UNDEFINED SYMBOLS
HAL_GPIO_WritePin
HAL_Delay
LED_ARR
DIGIT_COUNT
DIGIT_ARR
segment_code
HAL_GetTick
HAL_RTC_GetTime
hrtc
HAL_RTC_SetTime
