ARM GAS  C:\Users\93980\AppData\Local\Temp\ccGieuf9.s 			page 1


   1              		.cpu cortex-m3
   2              		.arch armv7-m
   3              		.fpu softvfp
   4              		.eabi_attribute 20, 1
   5              		.eabi_attribute 21, 1
   6              		.eabi_attribute 23, 3
   7              		.eabi_attribute 24, 1
   8              		.eabi_attribute 25, 1
   9              		.eabi_attribute 26, 1
  10              		.eabi_attribute 30, 1
  11              		.eabi_attribute 34, 1
  12              		.eabi_attribute 18, 4
  13              		.file	"gpio.c"
  14              		.text
  15              	.Ltext0:
  16              		.cfi_sections	.debug_frame
  17              		.file 1 "Core/Src/gpio.c"
  18              		.section	.text.MX_GPIO_Init,"ax",%progbits
  19              		.align	1
  20              		.global	MX_GPIO_Init
  21              		.syntax unified
  22              		.thumb
  23              		.thumb_func
  25              	MX_GPIO_Init:
  26              	.LFB65:
   1:Core/Src/gpio.c **** /* USER CODE BEGIN Header */
   2:Core/Src/gpio.c **** /**
   3:Core/Src/gpio.c ****   ******************************************************************************
   4:Core/Src/gpio.c ****   * @file    gpio.c
   5:Core/Src/gpio.c ****   * @brief   This file provides code for the configuration
   6:Core/Src/gpio.c ****   *          of all used GPIO pins.
   7:Core/Src/gpio.c ****   ******************************************************************************
   8:Core/Src/gpio.c ****   * @attention
   9:Core/Src/gpio.c ****   *
  10:Core/Src/gpio.c ****   * Copyright (c) 2025 STMicroelectronics.
  11:Core/Src/gpio.c ****   * All rights reserved.
  12:Core/Src/gpio.c ****   *
  13:Core/Src/gpio.c ****   * This software is licensed under terms that can be found in the LICENSE file
  14:Core/Src/gpio.c ****   * in the root directory of this software component.
  15:Core/Src/gpio.c ****   * If no LICENSE file comes with this software, it is provided AS-IS.
  16:Core/Src/gpio.c ****   *
  17:Core/Src/gpio.c ****   ******************************************************************************
  18:Core/Src/gpio.c ****   */
  19:Core/Src/gpio.c **** /* USER CODE END Header */
  20:Core/Src/gpio.c **** 
  21:Core/Src/gpio.c **** /* Includes ------------------------------------------------------------------*/
  22:Core/Src/gpio.c **** #include "gpio.h"
  23:Core/Src/gpio.c **** 
  24:Core/Src/gpio.c **** /* USER CODE BEGIN 0 */
  25:Core/Src/gpio.c **** 
  26:Core/Src/gpio.c **** /* USER CODE END 0 */
  27:Core/Src/gpio.c **** 
  28:Core/Src/gpio.c **** /*----------------------------------------------------------------------------*/
  29:Core/Src/gpio.c **** /* Configure GPIO                                                             */
  30:Core/Src/gpio.c **** /*----------------------------------------------------------------------------*/
  31:Core/Src/gpio.c **** /* USER CODE BEGIN 1 */
  32:Core/Src/gpio.c **** 
ARM GAS  C:\Users\93980\AppData\Local\Temp\ccGieuf9.s 			page 2


  33:Core/Src/gpio.c **** /* USER CODE END 1 */
  34:Core/Src/gpio.c **** 
  35:Core/Src/gpio.c **** /** Configure pins as
  36:Core/Src/gpio.c ****         * Analog
  37:Core/Src/gpio.c ****         * Input
  38:Core/Src/gpio.c ****         * Output
  39:Core/Src/gpio.c ****         * EVENT_OUT
  40:Core/Src/gpio.c ****         * EXTI
  41:Core/Src/gpio.c **** */
  42:Core/Src/gpio.c **** void MX_GPIO_Init(void)
  43:Core/Src/gpio.c **** {
  27              		.loc 1 43 1 view -0
  28              		.cfi_startproc
  29              		@ args = 0, pretend = 0, frame = 32
  30              		@ frame_needed = 0, uses_anonymous_args = 0
  31 0000 2DE9F043 		push	{r4, r5, r6, r7, r8, r9, lr}
  32              	.LCFI0:
  33              		.cfi_def_cfa_offset 28
  34              		.cfi_offset 4, -28
  35              		.cfi_offset 5, -24
  36              		.cfi_offset 6, -20
  37              		.cfi_offset 7, -16
  38              		.cfi_offset 8, -12
  39              		.cfi_offset 9, -8
  40              		.cfi_offset 14, -4
  41 0004 89B0     		sub	sp, sp, #36
  42              	.LCFI1:
  43              		.cfi_def_cfa_offset 64
  44:Core/Src/gpio.c **** 
  45:Core/Src/gpio.c ****   GPIO_InitTypeDef GPIO_InitStruct = {0};
  44              		.loc 1 45 3 view .LVU1
  45              		.loc 1 45 20 is_stmt 0 view .LVU2
  46 0006 04AD     		add	r5, sp, #16
  47 0008 0024     		movs	r4, #0
  48 000a 0494     		str	r4, [sp, #16]
  49 000c 0594     		str	r4, [sp, #20]
  50 000e 0694     		str	r4, [sp, #24]
  51 0010 0794     		str	r4, [sp, #28]
  46:Core/Src/gpio.c **** 
  47:Core/Src/gpio.c ****   /* GPIO Ports Clock Enable */
  48:Core/Src/gpio.c ****   __HAL_RCC_GPIOC_CLK_ENABLE();
  52              		.loc 1 48 3 is_stmt 1 view .LVU3
  53              	.LBB2:
  54              		.loc 1 48 3 view .LVU4
  55              		.loc 1 48 3 view .LVU5
  56 0012 334B     		ldr	r3, .L3
  57 0014 9A69     		ldr	r2, [r3, #24]
  58 0016 42F01002 		orr	r2, r2, #16
  59 001a 9A61     		str	r2, [r3, #24]
  60              		.loc 1 48 3 view .LVU6
  61 001c 9A69     		ldr	r2, [r3, #24]
  62 001e 02F01002 		and	r2, r2, #16
  63 0022 0092     		str	r2, [sp]
  64              		.loc 1 48 3 view .LVU7
  65 0024 009A     		ldr	r2, [sp]
  66              	.LBE2:
  67              		.loc 1 48 3 view .LVU8
ARM GAS  C:\Users\93980\AppData\Local\Temp\ccGieuf9.s 			page 3


  49:Core/Src/gpio.c ****   __HAL_RCC_GPIOD_CLK_ENABLE();
  68              		.loc 1 49 3 view .LVU9
  69              	.LBB3:
  70              		.loc 1 49 3 view .LVU10
  71              		.loc 1 49 3 view .LVU11
  72 0026 9A69     		ldr	r2, [r3, #24]
  73 0028 42F02002 		orr	r2, r2, #32
  74 002c 9A61     		str	r2, [r3, #24]
  75              		.loc 1 49 3 view .LVU12
  76 002e 9A69     		ldr	r2, [r3, #24]
  77 0030 02F02002 		and	r2, r2, #32
  78 0034 0192     		str	r2, [sp, #4]
  79              		.loc 1 49 3 view .LVU13
  80 0036 019A     		ldr	r2, [sp, #4]
  81              	.LBE3:
  82              		.loc 1 49 3 view .LVU14
  50:Core/Src/gpio.c ****   __HAL_RCC_GPIOA_CLK_ENABLE();
  83              		.loc 1 50 3 view .LVU15
  84              	.LBB4:
  85              		.loc 1 50 3 view .LVU16
  86              		.loc 1 50 3 view .LVU17
  87 0038 9A69     		ldr	r2, [r3, #24]
  88 003a 42F00402 		orr	r2, r2, #4
  89 003e 9A61     		str	r2, [r3, #24]
  90              		.loc 1 50 3 view .LVU18
  91 0040 9A69     		ldr	r2, [r3, #24]
  92 0042 02F00402 		and	r2, r2, #4
  93 0046 0292     		str	r2, [sp, #8]
  94              		.loc 1 50 3 view .LVU19
  95 0048 029A     		ldr	r2, [sp, #8]
  96              	.LBE4:
  97              		.loc 1 50 3 view .LVU20
  51:Core/Src/gpio.c ****   __HAL_RCC_GPIOB_CLK_ENABLE();
  98              		.loc 1 51 3 view .LVU21
  99              	.LBB5:
 100              		.loc 1 51 3 view .LVU22
 101              		.loc 1 51 3 view .LVU23
 102 004a 9A69     		ldr	r2, [r3, #24]
 103 004c 42F00802 		orr	r2, r2, #8
 104 0050 9A61     		str	r2, [r3, #24]
 105              		.loc 1 51 3 view .LVU24
 106 0052 9B69     		ldr	r3, [r3, #24]
 107 0054 03F00803 		and	r3, r3, #8
 108 0058 0393     		str	r3, [sp, #12]
 109              		.loc 1 51 3 view .LVU25
 110 005a 039B     		ldr	r3, [sp, #12]
 111              	.LBE5:
 112              		.loc 1 51 3 view .LVU26
  52:Core/Src/gpio.c **** 
  53:Core/Src/gpio.c ****   /*Configure GPIO pin Output Level */
  54:Core/Src/gpio.c ****   HAL_GPIO_WritePin(GPIOA, LED_E_Pin|LED_D_Pin|LED_C_Pin|LED_G_Pin
 113              		.loc 1 54 3 view .LVU27
 114 005c 214F     		ldr	r7, .L3+4
 115 005e 0122     		movs	r2, #1
 116 0060 41F63611 		movw	r1, #6454
 117 0064 3846     		mov	r0, r7
 118 0066 FFF7FEFF 		bl	HAL_GPIO_WritePin
ARM GAS  C:\Users\93980\AppData\Local\Temp\ccGieuf9.s 			page 4


 119              	.LVL0:
  55:Core/Src/gpio.c ****                           |LED_B_Pin|LED_F_Pin|LED_A_Pin, GPIO_PIN_SET);
  56:Core/Src/gpio.c **** 
  57:Core/Src/gpio.c ****   /*Configure GPIO pin Output Level */
  58:Core/Src/gpio.c ****   HAL_GPIO_WritePin(GPIOA, LED_DP_Pin|DIGIT_4_Pin|DIGIT_3_Pin|DIGIT_2_Pin
 120              		.loc 1 58 3 view .LVU28
 121 006a 2246     		mov	r2, r4
 122 006c 48F24861 		movw	r1, #34376
 123 0070 3846     		mov	r0, r7
 124 0072 FFF7FEFF 		bl	HAL_GPIO_WritePin
 125              	.LVL1:
  59:Core/Src/gpio.c ****                           |DIGIT_1_Pin, GPIO_PIN_RESET);
  60:Core/Src/gpio.c **** 
  61:Core/Src/gpio.c ****   /*Configure GPIO pins : PAPin PAPin PAPin PAPin
  62:Core/Src/gpio.c ****                            PAPin PAPin PAPin PAPin
  63:Core/Src/gpio.c ****                            PAPin PAPin PAPin PAPin */
  64:Core/Src/gpio.c ****   GPIO_InitStruct.Pin = LED_E_Pin|LED_D_Pin|LED_DP_Pin|LED_C_Pin
 126              		.loc 1 64 3 view .LVU29
 127              		.loc 1 64 23 is_stmt 0 view .LVU30
 128 0076 49F67E73 		movw	r3, #40830
 129 007a 0493     		str	r3, [sp, #16]
  65:Core/Src/gpio.c ****                           |LED_G_Pin|DIGIT_4_Pin|LED_B_Pin|DIGIT_3_Pin
  66:Core/Src/gpio.c ****                           |DIGIT_2_Pin|LED_F_Pin|LED_A_Pin|DIGIT_1_Pin;
  67:Core/Src/gpio.c ****   GPIO_InitStruct.Mode = GPIO_MODE_OUTPUT_PP;
 130              		.loc 1 67 3 is_stmt 1 view .LVU31
 131              		.loc 1 67 24 is_stmt 0 view .LVU32
 132 007c 0126     		movs	r6, #1
 133 007e 0596     		str	r6, [sp, #20]
  68:Core/Src/gpio.c ****   GPIO_InitStruct.Pull = GPIO_NOPULL;
 134              		.loc 1 68 3 is_stmt 1 view .LVU33
 135              		.loc 1 68 24 is_stmt 0 view .LVU34
 136 0080 0694     		str	r4, [sp, #24]
  69:Core/Src/gpio.c ****   GPIO_InitStruct.Speed = GPIO_SPEED_FREQ_HIGH;
 137              		.loc 1 69 3 is_stmt 1 view .LVU35
 138              		.loc 1 69 25 is_stmt 0 view .LVU36
 139 0082 4FF00308 		mov	r8, #3
 140 0086 CDF81C80 		str	r8, [sp, #28]
  70:Core/Src/gpio.c ****   HAL_GPIO_Init(GPIOA, &GPIO_InitStruct);
 141              		.loc 1 70 3 is_stmt 1 view .LVU37
 142 008a 2946     		mov	r1, r5
 143 008c 3846     		mov	r0, r7
 144 008e FFF7FEFF 		bl	HAL_GPIO_Init
 145              	.LVL2:
  71:Core/Src/gpio.c **** 
  72:Core/Src/gpio.c ****   /*Configure GPIO pin : PtPin */
  73:Core/Src/gpio.c ****   GPIO_InitStruct.Pin = BUTTON_INTERRUPT_2_Pin;
 146              		.loc 1 73 3 view .LVU38
 147              		.loc 1 73 23 is_stmt 0 view .LVU39
 148 0092 8023     		movs	r3, #128
 149 0094 0493     		str	r3, [sp, #16]
  74:Core/Src/gpio.c ****   GPIO_InitStruct.Mode = GPIO_MODE_IT_FALLING;
 150              		.loc 1 74 3 is_stmt 1 view .LVU40
 151              		.loc 1 74 24 is_stmt 0 view .LVU41
 152 0096 DFF85090 		ldr	r9, .L3+8
 153 009a CDF81490 		str	r9, [sp, #20]
  75:Core/Src/gpio.c ****   GPIO_InitStruct.Pull = GPIO_PULLUP;
 154              		.loc 1 75 3 is_stmt 1 view .LVU42
ARM GAS  C:\Users\93980\AppData\Local\Temp\ccGieuf9.s 			page 5


 155              		.loc 1 75 24 is_stmt 0 view .LVU43
 156 009e 0696     		str	r6, [sp, #24]
  76:Core/Src/gpio.c ****   HAL_GPIO_Init(BUTTON_INTERRUPT_2_GPIO_Port, &GPIO_InitStruct);
 157              		.loc 1 76 3 is_stmt 1 view .LVU44
 158 00a0 2946     		mov	r1, r5
 159 00a2 3846     		mov	r0, r7
 160 00a4 FFF7FEFF 		bl	HAL_GPIO_Init
 161              	.LVL3:
  77:Core/Src/gpio.c **** 
  78:Core/Src/gpio.c ****   /*Configure GPIO pin : PtPin */
  79:Core/Src/gpio.c ****   GPIO_InitStruct.Pin = BUTTON_INTERRUPT_1_Pin;
 162              		.loc 1 79 3 view .LVU45
 163              		.loc 1 79 23 is_stmt 0 view .LVU46
 164 00a8 0496     		str	r6, [sp, #16]
  80:Core/Src/gpio.c ****   GPIO_InitStruct.Mode = GPIO_MODE_IT_FALLING;
 165              		.loc 1 80 3 is_stmt 1 view .LVU47
 166              		.loc 1 80 24 is_stmt 0 view .LVU48
 167 00aa CDF81490 		str	r9, [sp, #20]
  81:Core/Src/gpio.c ****   GPIO_InitStruct.Pull = GPIO_PULLUP;
 168              		.loc 1 81 3 is_stmt 1 view .LVU49
 169              		.loc 1 81 24 is_stmt 0 view .LVU50
 170 00ae 0696     		str	r6, [sp, #24]
  82:Core/Src/gpio.c ****   HAL_GPIO_Init(BUTTON_INTERRUPT_1_GPIO_Port, &GPIO_InitStruct);
 171              		.loc 1 82 3 is_stmt 1 view .LVU51
 172 00b0 2946     		mov	r1, r5
 173 00b2 0E48     		ldr	r0, .L3+12
 174 00b4 FFF7FEFF 		bl	HAL_GPIO_Init
 175              	.LVL4:
  83:Core/Src/gpio.c **** 
  84:Core/Src/gpio.c ****   /* EXTI interrupt init*/
  85:Core/Src/gpio.c ****   HAL_NVIC_SetPriority(EXTI0_IRQn, 3, 0);
 176              		.loc 1 85 3 view .LVU52
 177 00b8 2246     		mov	r2, r4
 178 00ba 4146     		mov	r1, r8
 179 00bc 0620     		movs	r0, #6
 180 00be FFF7FEFF 		bl	HAL_NVIC_SetPriority
 181              	.LVL5:
  86:Core/Src/gpio.c ****   HAL_NVIC_EnableIRQ(EXTI0_IRQn);
 182              		.loc 1 86 3 view .LVU53
 183 00c2 0620     		movs	r0, #6
 184 00c4 FFF7FEFF 		bl	HAL_NVIC_EnableIRQ
 185              	.LVL6:
  87:Core/Src/gpio.c **** 
  88:Core/Src/gpio.c ****   HAL_NVIC_SetPriority(EXTI9_5_IRQn, 3, 0);
 186              		.loc 1 88 3 view .LVU54
 187 00c8 2246     		mov	r2, r4
 188 00ca 4146     		mov	r1, r8
 189 00cc 1720     		movs	r0, #23
 190 00ce FFF7FEFF 		bl	HAL_NVIC_SetPriority
 191              	.LVL7:
  89:Core/Src/gpio.c ****   HAL_NVIC_EnableIRQ(EXTI9_5_IRQn);
 192              		.loc 1 89 3 view .LVU55
 193 00d2 1720     		movs	r0, #23
 194 00d4 FFF7FEFF 		bl	HAL_NVIC_EnableIRQ
 195              	.LVL8:
  90:Core/Src/gpio.c **** 
  91:Core/Src/gpio.c **** }
ARM GAS  C:\Users\93980\AppData\Local\Temp\ccGieuf9.s 			page 6


 196              		.loc 1 91 1 is_stmt 0 view .LVU56
 197 00d8 09B0     		add	sp, sp, #36
 198              	.LCFI2:
 199              		.cfi_def_cfa_offset 28
 200              		@ sp needed
 201 00da BDE8F083 		pop	{r4, r5, r6, r7, r8, r9, pc}
 202              	.L4:
 203 00de 00BF     		.align	2
 204              	.L3:
 205 00e0 00100240 		.word	1073876992
 206 00e4 00080140 		.word	1073809408
 207 00e8 00002110 		.word	270598144
 208 00ec 000C0140 		.word	1073810432
 209              		.cfi_endproc
 210              	.LFE65:
 212              		.text
 213              	.Letext0:
 214              		.file 2 "Drivers/CMSIS/Device/ST/STM32F1xx/Include/stm32f103xb.h"
 215              		.file 3 "D:/arm-none-eabi-gcc/arm-none-eabi/include/machine/_default_types.h"
 216              		.file 4 "D:/arm-none-eabi-gcc/arm-none-eabi/include/sys/_stdint.h"
 217              		.file 5 "Drivers/STM32F1xx_HAL_Driver/Inc/stm32f1xx_hal_gpio.h"
 218              		.file 6 "Drivers/STM32F1xx_HAL_Driver/Inc/stm32f1xx_hal_cortex.h"
ARM GAS  C:\Users\93980\AppData\Local\Temp\ccGieuf9.s 			page 7


DEFINED SYMBOLS
                            *ABS*:00000000 gpio.c
C:\Users\93980\AppData\Local\Temp\ccGieuf9.s:19     .text.MX_GPIO_Init:00000000 $t
C:\Users\93980\AppData\Local\Temp\ccGieuf9.s:25     .text.MX_GPIO_Init:00000000 MX_GPIO_Init
C:\Users\93980\AppData\Local\Temp\ccGieuf9.s:205    .text.MX_GPIO_Init:000000e0 $d

UNDEFINED SYMBOLS
HAL_GPIO_WritePin
HAL_GPIO_Init
HAL_NVIC_SetPriority
HAL_NVIC_EnableIRQ
