ARM GAS  C:\Users\93980\AppData\Local\Temp\ccrpVVlU.s 			page 1


   1              		.cpu cortex-m3
   2              		.arch armv7-m
   3              		.fpu softvfp
   4              		.eabi_attribute 20, 1
   5              		.eabi_attribute 21, 1
   6              		.eabi_attribute 23, 3
   7              		.eabi_attribute 24, 1
   8              		.eabi_attribute 25, 1
   9              		.eabi_attribute 26, 1
  10              		.eabi_attribute 30, 1
  11              		.eabi_attribute 34, 1
  12              		.eabi_attribute 18, 4
  13              		.file	"main.c"
  14              		.text
  15              	.Ltext0:
  16              		.cfi_sections	.debug_frame
  17              		.file 1 "Core/Src/main.c"
  18              		.section	.text.getSegmentCode,"ax",%progbits
  19              		.align	1
  20              		.global	getSegmentCode
  21              		.syntax unified
  22              		.thumb
  23              		.thumb_func
  25              	getSegmentCode:
  26              	.LVL0:
  27              	.LFB65:
   1:Core/Src/main.c **** /* USER CODE BEGIN Header */
   2:Core/Src/main.c **** /**
   3:Core/Src/main.c ****  ******************************************************************************
   4:Core/Src/main.c ****  * @file           : main.c
   5:Core/Src/main.c ****  * @brief          : Main program body
   6:Core/Src/main.c ****  ******************************************************************************
   7:Core/Src/main.c ****  * @attention
   8:Core/Src/main.c ****  *
   9:Core/Src/main.c ****  * Copyright (c) 2025 STMicroelectronics.
  10:Core/Src/main.c ****  * All rights reserved.
  11:Core/Src/main.c ****  *
  12:Core/Src/main.c ****  * This software is licensed under terms that can be found in the LICENSE file
  13:Core/Src/main.c ****  * in the root directory of this software component.
  14:Core/Src/main.c ****  * If no LICENSE file comes with this software, it is provided AS-IS.
  15:Core/Src/main.c ****  *
  16:Core/Src/main.c ****  ******************************************************************************
  17:Core/Src/main.c ****  */
  18:Core/Src/main.c **** /* USER CODE END Header */
  19:Core/Src/main.c **** /* Includes ------------------------------------------------------------------*/
  20:Core/Src/main.c **** #include "main.h"
  21:Core/Src/main.c **** #include "rtc.h"
  22:Core/Src/main.c **** #include "tim.h"
  23:Core/Src/main.c **** #include "gpio.h"
  24:Core/Src/main.c **** 
  25:Core/Src/main.c **** /* Private includes ----------------------------------------------------------*/
  26:Core/Src/main.c **** /* USER CODE BEGIN Includes */
  27:Core/Src/main.c **** 
  28:Core/Src/main.c **** #include "revolve.h"
  29:Core/Src/main.c **** #include "time_keep.h"
  30:Core/Src/main.c **** #include "clock_keep.h"
  31:Core/Src/main.c **** #include "countdown.h"
ARM GAS  C:\Users\93980\AppData\Local\Temp\ccrpVVlU.s 			page 2


  32:Core/Src/main.c **** #include "dice.h"
  33:Core/Src/main.c **** #include "mode_select.h"
  34:Core/Src/main.c **** 
  35:Core/Src/main.c **** /* USER CODE END Includes */
  36:Core/Src/main.c **** 
  37:Core/Src/main.c **** /* Private typedef -----------------------------------------------------------*/
  38:Core/Src/main.c **** /* USER CODE BEGIN PTD */
  39:Core/Src/main.c **** 
  40:Core/Src/main.c **** /* USER CODE END PTD */
  41:Core/Src/main.c **** 
  42:Core/Src/main.c **** /* Private define ------------------------------------------------------------*/
  43:Core/Src/main.c **** /* USER CODE BEGIN PD */
  44:Core/Src/main.c **** 
  45:Core/Src/main.c **** /* USER CODE END PD */
  46:Core/Src/main.c **** 
  47:Core/Src/main.c **** /* Private macro -------------------------------------------------------------*/
  48:Core/Src/main.c **** /* USER CODE BEGIN PM */
  49:Core/Src/main.c **** 
  50:Core/Src/main.c **** /* USER CODE END PM */
  51:Core/Src/main.c **** 
  52:Core/Src/main.c **** /* Private variables ---------------------------------------------------------*/
  53:Core/Src/main.c **** 
  54:Core/Src/main.c **** /* USER CODE BEGIN PV */
  55:Core/Src/main.c **** const uint8_t segment_code[11] = {
  56:Core/Src/main.c ****     0b00111111, // 0
  57:Core/Src/main.c ****     0b00000110, // 1
  58:Core/Src/main.c ****     0b01011011, // 2
  59:Core/Src/main.c ****     0b01001111, // 3
  60:Core/Src/main.c ****     0b01100110, // 4
  61:Core/Src/main.c ****     0b01101101, // 5
  62:Core/Src/main.c ****     0b01111101, // 6
  63:Core/Src/main.c ****     0b00000111, // 7
  64:Core/Src/main.c ****     0b01111111, // 8
  65:Core/Src/main.c ****     0b01101111, // 9
  66:Core/Src/main.c ****     0b00000000  // 10
  67:Core/Src/main.c **** };
  68:Core/Src/main.c **** 
  69:Core/Src/main.c **** // Êï∞Á†ÅÁÆ°ÊÆµÁ†ÅÂÆö‰πâÔºàÂÖ±Èò¥ÊûÅÔºâ
  70:Core/Src/main.c **** const uint8_t charMap[26] = {
  71:Core/Src/main.c ****     0x77, 0x7C, 0x39, 0x5E, 0x79, 0x71, 0x3D, 0x76, 0x30, 0x1E, // A-J
  72:Core/Src/main.c ****     0x75, 0x38, 0x37, 0x54, 0x5C, 0x73, 0x67, 0x50, 0x6D, 0x78, // K-T
  73:Core/Src/main.c ****     0x3E, 0x1C, 0x2A, 0x49, 0x66, 0x5B                          // U-Z
  74:Core/Src/main.c **** };
  75:Core/Src/main.c **** 
  76:Core/Src/main.c **** const uint8_t DIGIT_COUNT = 4; // 4 ‰ΩçÊï∞Á†ÅÁÆ°
  77:Core/Src/main.c **** 
  78:Core/Src/main.c **** char displayBuffer[30] = "ABCDEFGHIJKLMNOPQRSTUVWXYZ  ";
  79:Core/Src/main.c **** uint8_t currentIndex = 0;
  80:Core/Src/main.c **** 
  81:Core/Src/main.c **** uint16_t LED_ARR[7] = {LED_A_Pin, LED_B_Pin, LED_C_Pin, LED_D_Pin, LED_E_Pin, LED_F_Pin, LED_G_Pin}
  82:Core/Src/main.c **** uint16_t DIGIT_ARR[4] = {DIGIT_1_Pin, DIGIT_2_Pin, DIGIT_3_Pin, DIGIT_4_Pin};
  83:Core/Src/main.c **** 
  84:Core/Src/main.c **** // ÈªòËÆ§-Ê®°ÂºèÈÄâÊã©Ê®°Âºè
  85:Core/Src/main.c **** volatile ModeState modeState = MODE_STATE_MODE_SELECT;
  86:Core/Src/main.c **** 
  87:Core/Src/main.c **** // Âú®ËøõÂÖ•ÂæÖÊú∫ÂâçÔºåÂèØ‰ª•‰øùÂ≠ò‰∏äÊ¨°ÁöÑÊ®°Âºè
  88:Core/Src/main.c **** volatile ModeState lastModeState = MODE_STATE_MODE_SELECT;
ARM GAS  C:\Users\93980\AppData\Local\Temp\ccrpVVlU.s 			page 3


  89:Core/Src/main.c **** 
  90:Core/Src/main.c **** // ÂΩìÂâçÈÄâÊã©ÁöÑÊ®°ÂºèÁºñ (1~5)
  91:Core/Src/main.c **** volatile uint8_t modeNumber = 1;
  92:Core/Src/main.c **** 
  93:Core/Src/main.c **** // ËÆ∞ÂΩïÊòØÂê¶Â§Ñ‰∫éÈªëÂ±èÂæÖÊú∫Áä∂ÊÄÅ
  94:Core/Src/main.c **** volatile uint8_t isInStandby = 0;
  95:Core/Src/main.c **** 
  96:Core/Src/main.c **** // Áî®‰∫éËÆ∞ÂΩïÊó†Êìç‰ΩúÊó∂Èó¥ÔºàÂçï‰ΩçÔºöÁßí
  97:Core/Src/main.c **** volatile uint16_t inactivityCounter = 0;
  98:Core/Src/main.c **** 
  99:Core/Src/main.c **** // Êåâ‰∏ãÂßãÊó∂
 100:Core/Src/main.c **** volatile uint32_t button_press_start_time = 0;
 101:Core/Src/main.c **** // ÊåâÈíÆÂΩìÂâçÊòØÂê¶Â§Ñ‰∫éÊåâ‰∏ãÁä∂ÊÄÅ
 102:Core/Src/main.c **** volatile uint8_t button_pressed = 0;
 103:Core/Src/main.c **** // ÊòØÂê¶Â∑≤ÁªèËß¶Âèë‰∫ÜÈïøÊåâÊìç
 104:Core/Src/main.c **** volatile uint8_t long_press_triggered = 0;
 105:Core/Src/main.c **** 
 106:Core/Src/main.c **** // ÈïøÊåâÈòàÔøΩÔºàÂçï‰ΩçÔºömsÔºâÔºå‰æãÂ¶Ç 2000ms
 107:Core/Src/main.c **** #define LONG_PRESS_THRESHOLD 1500
 108:Core/Src/main.c **** 
 109:Core/Src/main.c **** // ËøõÂÖ•ÂæÖÊú∫ÁöÑÊó†Êìç‰ΩúÊó∂Èó¥ÈòàÂÄºÔºà2ÂàÜÈíü=120sÔºâ
 110:Core/Src/main.c **** #define INACTIVITY_THRESHOLD 30
 111:Core/Src/main.c **** 
 112:Core/Src/main.c **** #define DEBOUNCE_THRESHOLD_PRESS 50 // Êåâ‰∏ãÈò≤Êäñ 50ms
 113:Core/Src/main.c **** #define DOUBLE_CLICK_THRESHOLD 400  // ÂèåÂáªÈó¥ÈöîÈòàÂÄº 400ms
 114:Core/Src/main.c **** 
 115:Core/Src/main.c **** // ÂÖ®Â±ÄÂèòÈáèÔºåÁî®‰∫éÂèåÂáªÂà§Êñ≠
 116:Core/Src/main.c **** volatile uint8_t clickCount = 0;      // ËÆ∞ÂΩïÁÇπÂáªÊ¨°Êï∞
 117:Core/Src/main.c **** volatile uint32_t firstClickTime = 0; // Á¨¨‰∏ÄÊ¨°ÁÇπÂáªÁöÑÊó∂Èó¥
 118:Core/Src/main.c **** volatile uint32_t buttonLastTime = 0; // Èò≤ÊäñÂèÇËÄÉÊó∂Èó¥
 119:Core/Src/main.c **** 
 120:Core/Src/main.c **** /* USER CODE END PV */
 121:Core/Src/main.c **** 
 122:Core/Src/main.c **** /* Private function prototypes -----------------------------------------------*/
 123:Core/Src/main.c **** void SystemClock_Config(void);
 124:Core/Src/main.c **** /* USER CODE BEGIN PFP */
 125:Core/Src/main.c **** 
 126:Core/Src/main.c **** uint8_t getSegmentCode(char c)
 127:Core/Src/main.c **** {
  28              		.loc 1 127 1 view -0
  29              		.cfi_startproc
  30              		@ args = 0, pretend = 0, frame = 0
  31              		@ frame_needed = 0, uses_anonymous_args = 0
  32              		@ link register save eliminated.
 128:Core/Src/main.c ****   if (c >= 'A' && c <= 'Z')
  33              		.loc 1 128 3 view .LVU1
  34              		.loc 1 128 16 is_stmt 0 view .LVU2
  35 0000 A0F14103 		sub	r3, r0, #65
  36 0004 DBB2     		uxtb	r3, r3
  37              		.loc 1 128 6 view .LVU3
  38 0006 192B     		cmp	r3, #25
  39 0008 01D9     		bls	.L4
 129:Core/Src/main.c ****   {
 130:Core/Src/main.c ****     return charMap[c - 'A'];
 131:Core/Src/main.c ****   }
 132:Core/Src/main.c ****   return 0x00;
  40              		.loc 1 132 10 view .LVU4
ARM GAS  C:\Users\93980\AppData\Local\Temp\ccrpVVlU.s 			page 4


  41 000a 0020     		movs	r0, #0
  42              	.LVL1:
 133:Core/Src/main.c **** }
  43              		.loc 1 133 1 view .LVU5
  44 000c 7047     		bx	lr
  45              	.LVL2:
  46              	.L4:
 130:Core/Src/main.c ****   }
  47              		.loc 1 130 5 is_stmt 1 view .LVU6
 130:Core/Src/main.c ****   }
  48              		.loc 1 130 22 is_stmt 0 view .LVU7
  49 000e 4138     		subs	r0, r0, #65
  50              	.LVL3:
 130:Core/Src/main.c ****   }
  51              		.loc 1 130 19 view .LVU8
  52 0010 014B     		ldr	r3, .L5
  53 0012 185C     		ldrb	r0, [r3, r0]	@ zero_extendqisi2
  54 0014 7047     		bx	lr
  55              	.L6:
  56 0016 00BF     		.align	2
  57              	.L5:
  58 0018 00000000 		.word	charMap
  59              		.cfi_endproc
  60              	.LFE65:
  62              		.section	.text.updateDisplay,"ax",%progbits
  63              		.align	1
  64              		.global	updateDisplay
  65              		.syntax unified
  66              		.thumb
  67              		.thumb_func
  69              	updateDisplay:
  70              	.LFB66:
 134:Core/Src/main.c **** 
 135:Core/Src/main.c **** // Âà∑Êñ∞ 4 ‰ΩçÊï∞Á†ÅÁÆ°
 136:Core/Src/main.c **** void updateDisplay()
 137:Core/Src/main.c **** {
  71              		.loc 1 137 1 is_stmt 1 view -0
  72              		.cfi_startproc
  73              		@ args = 0, pretend = 0, frame = 0
  74              		@ frame_needed = 0, uses_anonymous_args = 0
  75 0000 70B5     		push	{r4, r5, r6, lr}
  76              	.LCFI0:
  77              		.cfi_def_cfa_offset 16
  78              		.cfi_offset 4, -16
  79              		.cfi_offset 5, -12
  80              		.cfi_offset 6, -8
  81              		.cfi_offset 14, -4
 138:Core/Src/main.c ****   for (uint8_t i = 0; i < DIGIT_COUNT; i++)
  82              		.loc 1 138 3 view .LVU10
  83              	.LBB4:
  84              		.loc 1 138 8 view .LVU11
  85              	.LVL4:
  86              		.loc 1 138 16 is_stmt 0 view .LVU12
  87 0002 0026     		movs	r6, #0
  88              		.loc 1 138 3 view .LVU13
  89 0004 12E0     		b	.L8
  90              	.LVL5:
ARM GAS  C:\Users\93980\AppData\Local\Temp\ccrpVVlU.s 			page 5


  91              	.L10:
  92              	.LBB5:
  93              	.LBB6:
 139:Core/Src/main.c ****   {
 140:Core/Src/main.c ****     uint8_t charCode = getSegmentCode(displayBuffer[currentIndex + i]);
 141:Core/Src/main.c **** 
 142:Core/Src/main.c ****     HAL_GPIO_WritePin(GPIOA, DIGIT_1_Pin | DIGIT_2_Pin | DIGIT_3_Pin | DIGIT_4_Pin, GPIO_PIN_SET);
 143:Core/Src/main.c **** 
 144:Core/Src/main.c ****     HAL_GPIO_WritePin(GPIOA, DIGIT_ARR[i], GPIO_PIN_RESET);
 145:Core/Src/main.c **** 
 146:Core/Src/main.c ****     for (uint8_t j = 0; j < 7; j++)
 147:Core/Src/main.c ****     {
 148:Core/Src/main.c ****       HAL_GPIO_WritePin(GPIOA, LED_ARR[j], ((charCode >> j) & 0x01) ? GPIO_PIN_SET : GPIO_PIN_RESET
  94              		.loc 1 148 7 is_stmt 1 view .LVU14
  95              		.loc 1 148 55 is_stmt 0 view .LVU15
  96 0006 45FA04F2 		asr	r2, r5, r4
  97              		.loc 1 148 7 view .LVU16
  98 000a 02F00102 		and	r2, r2, #1
  99 000e 154B     		ldr	r3, .L14
 100 0010 33F81410 		ldrh	r1, [r3, r4, lsl #1]
 101 0014 1448     		ldr	r0, .L14+4
 102 0016 FFF7FEFF 		bl	HAL_GPIO_WritePin
 103              	.LVL6:
 146:Core/Src/main.c ****     {
 104              		.loc 1 146 33 is_stmt 1 discriminator 3 view .LVU17
 105 001a 0134     		adds	r4, r4, #1
 106              	.LVL7:
 146:Core/Src/main.c ****     {
 107              		.loc 1 146 33 is_stmt 0 discriminator 3 view .LVU18
 108 001c E4B2     		uxtb	r4, r4
 109              	.LVL8:
 110              	.L9:
 146:Core/Src/main.c ****     {
 111              		.loc 1 146 27 is_stmt 1 discriminator 1 view .LVU19
 112 001e 062C     		cmp	r4, #6
 113 0020 F1D9     		bls	.L10
 114              	.LBE6:
 149:Core/Src/main.c ****     }
 150:Core/Src/main.c **** 
 151:Core/Src/main.c ****     HAL_Delay(2);
 115              		.loc 1 151 5 view .LVU20
 116 0022 0220     		movs	r0, #2
 117 0024 FFF7FEFF 		bl	HAL_Delay
 118              	.LVL9:
 119              	.LBE5:
 138:Core/Src/main.c ****   {
 120              		.loc 1 138 41 discriminator 2 view .LVU21
 121 0028 0136     		adds	r6, r6, #1
 122              	.LVL10:
 138:Core/Src/main.c ****   {
 123              		.loc 1 138 41 is_stmt 0 discriminator 2 view .LVU22
 124 002a F6B2     		uxtb	r6, r6
 125              	.LVL11:
 126              	.L8:
 138:Core/Src/main.c ****   {
 127              		.loc 1 138 25 is_stmt 1 discriminator 1 view .LVU23
 128 002c 032E     		cmp	r6, #3
ARM GAS  C:\Users\93980\AppData\Local\Temp\ccrpVVlU.s 			page 6


 129 002e 17D8     		bhi	.L13
 130              	.LBB8:
 140:Core/Src/main.c **** 
 131              		.loc 1 140 5 view .LVU24
 140:Core/Src/main.c **** 
 132              		.loc 1 140 66 is_stmt 0 view .LVU25
 133 0030 0E4B     		ldr	r3, .L14+8
 134 0032 1B78     		ldrb	r3, [r3]	@ zero_extendqisi2
 135 0034 3344     		add	r3, r3, r6
 140:Core/Src/main.c **** 
 136              		.loc 1 140 24 view .LVU26
 137 0036 0E4A     		ldr	r2, .L14+12
 138 0038 D05C     		ldrb	r0, [r2, r3]	@ zero_extendqisi2
 139 003a FFF7FEFF 		bl	getSegmentCode
 140              	.LVL12:
 141 003e 0546     		mov	r5, r0
 142              	.LVL13:
 142:Core/Src/main.c **** 
 143              		.loc 1 142 5 is_stmt 1 view .LVU27
 144 0040 094C     		ldr	r4, .L14+4
 145 0042 0122     		movs	r2, #1
 146 0044 48F24061 		movw	r1, #34368
 147 0048 2046     		mov	r0, r4
 148 004a FFF7FEFF 		bl	HAL_GPIO_WritePin
 149              	.LVL14:
 144:Core/Src/main.c **** 
 150              		.loc 1 144 5 view .LVU28
 151 004e 0022     		movs	r2, #0
 152 0050 084B     		ldr	r3, .L14+16
 153 0052 33F81610 		ldrh	r1, [r3, r6, lsl #1]
 154 0056 2046     		mov	r0, r4
 155 0058 FFF7FEFF 		bl	HAL_GPIO_WritePin
 156              	.LVL15:
 146:Core/Src/main.c ****     {
 157              		.loc 1 146 5 view .LVU29
 158              	.LBB7:
 146:Core/Src/main.c ****     {
 159              		.loc 1 146 10 view .LVU30
 146:Core/Src/main.c ****     {
 160              		.loc 1 146 18 is_stmt 0 view .LVU31
 161 005c 0024     		movs	r4, #0
 146:Core/Src/main.c ****     {
 162              		.loc 1 146 5 view .LVU32
 163 005e DEE7     		b	.L9
 164              	.LVL16:
 165              	.L13:
 146:Core/Src/main.c ****     {
 166              		.loc 1 146 5 view .LVU33
 167              	.LBE7:
 168              	.LBE8:
 169              	.LBE4:
 152:Core/Src/main.c ****   }
 153:Core/Src/main.c **** }
 170              		.loc 1 153 1 view .LVU34
 171 0060 70BD     		pop	{r4, r5, r6, pc}
 172              	.LVL17:
 173              	.L15:
ARM GAS  C:\Users\93980\AppData\Local\Temp\ccrpVVlU.s 			page 7


 174              		.loc 1 153 1 view .LVU35
 175 0062 00BF     		.align	2
 176              	.L14:
 177 0064 00000000 		.word	LED_ARR
 178 0068 00080140 		.word	1073809408
 179 006c 00000000 		.word	currentIndex
 180 0070 00000000 		.word	displayBuffer
 181 0074 00000000 		.word	DIGIT_ARR
 182              		.cfi_endproc
 183              	.LFE66:
 185              		.section	.text.scrollText,"ax",%progbits
 186              		.align	1
 187              		.global	scrollText
 188              		.syntax unified
 189              		.thumb
 190              		.thumb_func
 192              	scrollText:
 193              	.LFB67:
 154:Core/Src/main.c **** 
 155:Core/Src/main.c **** // ÊªöÂä®ÊñáÊú¨
 156:Core/Src/main.c **** void scrollText()
 157:Core/Src/main.c **** {
 194              		.loc 1 157 1 is_stmt 1 view -0
 195              		.cfi_startproc
 196              		@ args = 0, pretend = 0, frame = 0
 197              		@ frame_needed = 0, uses_anonymous_args = 0
 198              		@ link register save eliminated.
 158:Core/Src/main.c ****   currentIndex++;
 199              		.loc 1 158 3 view .LVU37
 200              		.loc 1 158 15 is_stmt 0 view .LVU38
 201 0000 054A     		ldr	r2, .L18
 202 0002 1378     		ldrb	r3, [r2]	@ zero_extendqisi2
 203 0004 0133     		adds	r3, r3, #1
 204 0006 DBB2     		uxtb	r3, r3
 205 0008 1370     		strb	r3, [r2]
 159:Core/Src/main.c ****   if (currentIndex > 26)
 206              		.loc 1 159 3 is_stmt 1 view .LVU39
 207              		.loc 1 159 6 is_stmt 0 view .LVU40
 208 000a 1A2B     		cmp	r3, #26
 209 000c 02D9     		bls	.L16
 160:Core/Src/main.c ****   {
 161:Core/Src/main.c ****     currentIndex = 0;
 210              		.loc 1 161 5 is_stmt 1 view .LVU41
 211              		.loc 1 161 18 is_stmt 0 view .LVU42
 212 000e 1346     		mov	r3, r2
 213 0010 0022     		movs	r2, #0
 214 0012 1A70     		strb	r2, [r3]
 215              	.L16:
 162:Core/Src/main.c ****   }
 163:Core/Src/main.c **** }
 216              		.loc 1 163 1 view .LVU43
 217 0014 7047     		bx	lr
 218              	.L19:
 219 0016 00BF     		.align	2
 220              	.L18:
 221 0018 00000000 		.word	currentIndex
 222              		.cfi_endproc
ARM GAS  C:\Users\93980\AppData\Local\Temp\ccrpVVlU.s 			page 8


 223              	.LFE67:
 225              		.section	.text.process_short_press,"ax",%progbits
 226              		.align	1
 227              		.global	process_short_press
 228              		.syntax unified
 229              		.thumb
 230              		.thumb_func
 232              	process_short_press:
 233              	.LVL18:
 234              	.LFB70:
 164:Core/Src/main.c **** 
 165:Core/Src/main.c **** /* USER CODE END PFP */
 166:Core/Src/main.c **** 
 167:Core/Src/main.c **** /* Private user code ---------------------------------------------------------*/
 168:Core/Src/main.c **** /* USER CODE BEGIN 0 */
 169:Core/Src/main.c **** 
 170:Core/Src/main.c **** /* USER CODE END 0 */
 171:Core/Src/main.c **** 
 172:Core/Src/main.c **** /**
 173:Core/Src/main.c ****  * @brief  The application entry point.
 174:Core/Src/main.c ****  * @retval int
 175:Core/Src/main.c ****  */
 176:Core/Src/main.c **** int main(void)
 177:Core/Src/main.c **** {
 178:Core/Src/main.c **** 
 179:Core/Src/main.c ****   /* USER CODE BEGIN 1 */
 180:Core/Src/main.c **** 
 181:Core/Src/main.c ****   /* USER CODE END 1 */
 182:Core/Src/main.c **** 
 183:Core/Src/main.c ****   /* MCU Configuration--------------------------------------------------------*/
 184:Core/Src/main.c **** 
 185:Core/Src/main.c ****   /* Reset of all peripherals, Initializes the Flash interface and the Systick. */
 186:Core/Src/main.c ****   HAL_Init();
 187:Core/Src/main.c **** 
 188:Core/Src/main.c ****   /* USER CODE BEGIN Init */
 189:Core/Src/main.c **** 
 190:Core/Src/main.c ****   /* USER CODE END Init */
 191:Core/Src/main.c **** 
 192:Core/Src/main.c ****   /* Configure the system clock */
 193:Core/Src/main.c ****   SystemClock_Config();
 194:Core/Src/main.c **** 
 195:Core/Src/main.c ****   /* USER CODE BEGIN SysInit */
 196:Core/Src/main.c **** 
 197:Core/Src/main.c ****   /* USER CODE END SysInit */
 198:Core/Src/main.c **** 
 199:Core/Src/main.c ****   /* Initialize all configured peripherals */
 200:Core/Src/main.c ****   MX_GPIO_Init();
 201:Core/Src/main.c ****   MX_RTC_Init();
 202:Core/Src/main.c ****   MX_TIM4_Init();
 203:Core/Src/main.c ****   /* USER CODE BEGIN 2 */
 204:Core/Src/main.c **** 
 205:Core/Src/main.c ****   /* USER CODE END 2 */
 206:Core/Src/main.c **** 
 207:Core/Src/main.c ****   /* Infinite loop */
 208:Core/Src/main.c ****   /* USER CODE BEGIN WHILE */
 209:Core/Src/main.c ****   while (1)
 210:Core/Src/main.c ****   {
ARM GAS  C:\Users\93980\AppData\Local\Temp\ccrpVVlU.s 			page 9


 211:Core/Src/main.c ****     /* USER CODE END WHILE */
 212:Core/Src/main.c **** 
 213:Core/Src/main.c ****     /* USER CODE BEGIN 3 */
 214:Core/Src/main.c **** 
 215:Core/Src/main.c ****     // Ê†πÊçÆ currentMode ÂÅö‰∏çÂêåÁöÑÂ§ÑÁêÜ
 216:Core/Src/main.c ****     switch (modeState)
 217:Core/Src/main.c ****     {
 218:Core/Src/main.c ****     case MODE_STATE_MODE_SELECT:
 219:Core/Src/main.c ****       run_mode_select();
 220:Core/Src/main.c ****       break;
 221:Core/Src/main.c ****     case MODE_STATE_TIMER:
 222:Core/Src/main.c ****       run_time_keep(); // ËÆ°Êó∂Ê®°ÂºèÈÄªËæë
 223:Core/Src/main.c ****       break;
 224:Core/Src/main.c ****     case MODE_STATE_CLOCK:
 225:Core/Src/main.c ****       run_clock_keep(); // Êó∂ÈíüÊ®°ÂºèÈÄªËæë
 226:Core/Src/main.c ****       break;
 227:Core/Src/main.c ****     case MODE_STATE_COUNTDOWN:
 228:Core/Src/main.c ****       run_countdown(); // ÂÄíËÆ°Êó∂Ê®°
 229:Core/Src/main.c ****       break;
 230:Core/Src/main.c ****     case MODE_STATE_DICE:
 231:Core/Src/main.c ****       run_dice(); // È™∞Â≠êÊ®°ÂºèÈÄªËæë
 232:Core/Src/main.c ****       break;
 233:Core/Src/main.c ****     case MODE_STATE_STANDBY:
 234:Core/Src/main.c ****       // ÂæÖÊú∫Ê®°Âºè‰∏ãÈªëÂ±èÔºå‰∏çÊòæÁ§∫‰ªª‰ΩïÊï∞
 235:Core/Src/main.c ****       run_revolve();
 236:Core/Src/main.c ****       break;
 237:Core/Src/main.c ****     default:
 238:Core/Src/main.c ****       break;
 239:Core/Src/main.c ****     }
 240:Core/Src/main.c **** 
 241:Core/Src/main.c ****     // run_time_keep();
 242:Core/Src/main.c **** 
 243:Core/Src/main.c ****     // run_clock_keep();
 244:Core/Src/main.c **** 
 245:Core/Src/main.c ****     // run_countdown();
 246:Core/Src/main.c **** 
 247:Core/Src/main.c ****     // run_dice();
 248:Core/Src/main.c **** 
 249:Core/Src/main.c ****     // revolve();
 250:Core/Src/main.c ****   }
 251:Core/Src/main.c ****   /* USER CODE END 3 */
 252:Core/Src/main.c **** }
 253:Core/Src/main.c **** 
 254:Core/Src/main.c **** /**
 255:Core/Src/main.c ****  * @brief System Clock Configuration
 256:Core/Src/main.c ****  * @retval None
 257:Core/Src/main.c ****  */
 258:Core/Src/main.c **** void SystemClock_Config(void)
 259:Core/Src/main.c **** {
 260:Core/Src/main.c ****   RCC_OscInitTypeDef RCC_OscInitStruct = {0};
 261:Core/Src/main.c ****   RCC_ClkInitTypeDef RCC_ClkInitStruct = {0};
 262:Core/Src/main.c ****   RCC_PeriphCLKInitTypeDef PeriphClkInit = {0};
 263:Core/Src/main.c **** 
 264:Core/Src/main.c ****   /** Initializes the RCC Oscillators according to the specified parameters
 265:Core/Src/main.c ****    * in the RCC_OscInitTypeDef structure.
 266:Core/Src/main.c ****    */
 267:Core/Src/main.c ****   RCC_OscInitStruct.OscillatorType = RCC_OSCILLATORTYPE_HSE | RCC_OSCILLATORTYPE_LSE;
ARM GAS  C:\Users\93980\AppData\Local\Temp\ccrpVVlU.s 			page 10


 268:Core/Src/main.c ****   RCC_OscInitStruct.HSEState = RCC_HSE_ON;
 269:Core/Src/main.c ****   RCC_OscInitStruct.HSEPredivValue = RCC_HSE_PREDIV_DIV1;
 270:Core/Src/main.c ****   RCC_OscInitStruct.LSEState = RCC_LSE_ON;
 271:Core/Src/main.c ****   RCC_OscInitStruct.HSIState = RCC_HSI_ON;
 272:Core/Src/main.c ****   RCC_OscInitStruct.PLL.PLLState = RCC_PLL_ON;
 273:Core/Src/main.c ****   RCC_OscInitStruct.PLL.PLLSource = RCC_PLLSOURCE_HSE;
 274:Core/Src/main.c ****   RCC_OscInitStruct.PLL.PLLMUL = RCC_PLL_MUL9;
 275:Core/Src/main.c ****   if (HAL_RCC_OscConfig(&RCC_OscInitStruct) != HAL_OK)
 276:Core/Src/main.c ****   {
 277:Core/Src/main.c ****     Error_Handler();
 278:Core/Src/main.c ****   }
 279:Core/Src/main.c **** 
 280:Core/Src/main.c ****   /** Initializes the CPU, AHB and APB buses clocks
 281:Core/Src/main.c ****    */
 282:Core/Src/main.c ****   RCC_ClkInitStruct.ClockType = RCC_CLOCKTYPE_HCLK | RCC_CLOCKTYPE_SYSCLK | RCC_CLOCKTYPE_PCLK1 | R
 283:Core/Src/main.c ****   RCC_ClkInitStruct.SYSCLKSource = RCC_SYSCLKSOURCE_PLLCLK;
 284:Core/Src/main.c ****   RCC_ClkInitStruct.AHBCLKDivider = RCC_SYSCLK_DIV1;
 285:Core/Src/main.c ****   RCC_ClkInitStruct.APB1CLKDivider = RCC_HCLK_DIV2;
 286:Core/Src/main.c ****   RCC_ClkInitStruct.APB2CLKDivider = RCC_HCLK_DIV1;
 287:Core/Src/main.c **** 
 288:Core/Src/main.c ****   if (HAL_RCC_ClockConfig(&RCC_ClkInitStruct, FLASH_LATENCY_2) != HAL_OK)
 289:Core/Src/main.c ****   {
 290:Core/Src/main.c ****     Error_Handler();
 291:Core/Src/main.c ****   }
 292:Core/Src/main.c ****   PeriphClkInit.PeriphClockSelection = RCC_PERIPHCLK_RTC;
 293:Core/Src/main.c ****   PeriphClkInit.RTCClockSelection = RCC_RTCCLKSOURCE_LSE;
 294:Core/Src/main.c ****   if (HAL_RCCEx_PeriphCLKConfig(&PeriphClkInit) != HAL_OK)
 295:Core/Src/main.c ****   {
 296:Core/Src/main.c ****     Error_Handler();
 297:Core/Src/main.c ****   }
 298:Core/Src/main.c **** }
 299:Core/Src/main.c **** 
 300:Core/Src/main.c **** /* USER CODE BEGIN 4 */
 301:Core/Src/main.c **** 
 302:Core/Src/main.c **** void process_short_press(uint16_t GPIO_Pin)
 303:Core/Src/main.c **** {
 235              		.loc 1 303 1 is_stmt 1 view -0
 236              		.cfi_startproc
 237              		@ args = 0, pretend = 0, frame = 0
 238              		@ frame_needed = 0, uses_anonymous_args = 0
 239              		.loc 1 303 1 is_stmt 0 view .LVU45
 240 0000 08B5     		push	{r3, lr}
 241              	.LCFI1:
 242              		.cfi_def_cfa_offset 8
 243              		.cfi_offset 3, -8
 244              		.cfi_offset 14, -4
 304:Core/Src/main.c ****   // È™∞Â≠êÊ®°Âºè
 305:Core/Src/main.c ****   // setting_dice(GPIO_Pin);
 306:Core/Src/main.c ****   // ÂÄíËÆ°Êó∂Ê®°
 307:Core/Src/main.c ****   // setting_countdown(GPIO_Pin);
 308:Core/Src/main.c ****   // Êó∂ÈíüÊ®°Âºè
 309:Core/Src/main.c ****   // setting_clock_keep(GPIO_Pin);
 310:Core/Src/main.c ****   //   // ËÆ°Êó∂Ê®°Âºè
 311:Core/Src/main.c ****   //   // begin_end_time_keep();
 312:Core/Src/main.c **** 
 313:Core/Src/main.c ****   switch (modeState)
 245              		.loc 1 313 3 is_stmt 1 view .LVU46
ARM GAS  C:\Users\93980\AppData\Local\Temp\ccrpVVlU.s 			page 11


 246 0002 114B     		ldr	r3, .L30
 247 0004 1B78     		ldrb	r3, [r3]	@ zero_extendqisi2
 248 0006 013B     		subs	r3, r3, #1
 249 0008 042B     		cmp	r3, #4
 250 000a 06D8     		bhi	.L20
 251 000c DFE803F0 		tbb	[pc, r3]
 252              	.L23:
 253 0010 03       		.byte	(.L27-.L23)/2
 254 0011 06       		.byte	(.L26-.L23)/2
 255 0012 09       		.byte	(.L25-.L23)/2
 256 0013 0C       		.byte	(.L24-.L23)/2
 257 0014 0F       		.byte	(.L22-.L23)/2
 258 0015 00       		.p2align 1
 259              	.L27:
 314:Core/Src/main.c ****   {
 315:Core/Src/main.c ****   case MODE_STATE_TIMER:
 316:Core/Src/main.c ****     setting_time_keep(GPIO_Pin); // ËÆ°Êó∂Ê®°ÂºèÈÄªËæë
 260              		.loc 1 316 5 view .LVU47
 261 0016 FFF7FEFF 		bl	setting_time_keep
 262              	.LVL19:
 317:Core/Src/main.c ****     break;
 263              		.loc 1 317 5 view .LVU48
 264              	.L20:
 318:Core/Src/main.c ****   case MODE_STATE_CLOCK:
 319:Core/Src/main.c ****     setting_clock_keep(GPIO_Pin); // Êó∂ÈíüÊ®°ÂºèÈÄªËæë
 320:Core/Src/main.c ****     break;
 321:Core/Src/main.c ****   case MODE_STATE_COUNTDOWN:
 322:Core/Src/main.c ****     setting_countdown(GPIO_Pin); // ÂÄíËÆ°Êó∂
 323:Core/Src/main.c ****     break;
 324:Core/Src/main.c ****   case MODE_STATE_DICE:
 325:Core/Src/main.c ****     setting_dice(GPIO_Pin); // È™∞Â≠êÊ®°ÂºèÈÄªËæë
 326:Core/Src/main.c ****     break;
 327:Core/Src/main.c ****   case MODE_STATE_STANDBY:
 328:Core/Src/main.c ****     if (isInStandby)
 329:Core/Src/main.c ****     {
 330:Core/Src/main.c ****       // ÊÅ¢Â§çÂà∞‰πãÂâçÁöÑÊ®°Âºè
 331:Core/Src/main.c ****       modeState = lastModeState;
 332:Core/Src/main.c ****       isInStandby = 0;
 333:Core/Src/main.c ****     }
 334:Core/Src/main.c ****     break;
 335:Core/Src/main.c ****   default:
 336:Core/Src/main.c ****     break;
 337:Core/Src/main.c ****   }
 338:Core/Src/main.c **** }
 265              		.loc 1 338 1 is_stmt 0 view .LVU49
 266 001a 08BD     		pop	{r3, pc}
 267              	.LVL20:
 268              	.L26:
 319:Core/Src/main.c ****     break;
 269              		.loc 1 319 5 is_stmt 1 view .LVU50
 270 001c FFF7FEFF 		bl	setting_clock_keep
 271              	.LVL21:
 320:Core/Src/main.c ****   case MODE_STATE_COUNTDOWN:
 272              		.loc 1 320 5 view .LVU51
 273 0020 FBE7     		b	.L20
 274              	.LVL22:
 275              	.L25:
ARM GAS  C:\Users\93980\AppData\Local\Temp\ccrpVVlU.s 			page 12


 322:Core/Src/main.c ****     break;
 276              		.loc 1 322 5 view .LVU52
 277 0022 FFF7FEFF 		bl	setting_countdown
 278              	.LVL23:
 323:Core/Src/main.c ****   case MODE_STATE_DICE:
 279              		.loc 1 323 5 view .LVU53
 280 0026 F8E7     		b	.L20
 281              	.LVL24:
 282              	.L24:
 325:Core/Src/main.c ****     break;
 283              		.loc 1 325 5 view .LVU54
 284 0028 FFF7FEFF 		bl	setting_dice
 285              	.LVL25:
 326:Core/Src/main.c ****   case MODE_STATE_STANDBY:
 286              		.loc 1 326 5 view .LVU55
 287 002c F5E7     		b	.L20
 288              	.LVL26:
 289              	.L22:
 328:Core/Src/main.c ****     {
 290              		.loc 1 328 5 view .LVU56
 328:Core/Src/main.c ****     {
 291              		.loc 1 328 9 is_stmt 0 view .LVU57
 292 002e 074B     		ldr	r3, .L30+4
 293 0030 1B78     		ldrb	r3, [r3]	@ zero_extendqisi2
 328:Core/Src/main.c ****     {
 294              		.loc 1 328 8 view .LVU58
 295 0032 002B     		cmp	r3, #0
 296 0034 F1D0     		beq	.L20
 331:Core/Src/main.c ****       isInStandby = 0;
 297              		.loc 1 331 7 is_stmt 1 view .LVU59
 331:Core/Src/main.c ****       isInStandby = 0;
 298              		.loc 1 331 17 is_stmt 0 view .LVU60
 299 0036 064B     		ldr	r3, .L30+8
 300 0038 1B78     		ldrb	r3, [r3]	@ zero_extendqisi2
 301 003a DBB2     		uxtb	r3, r3
 302 003c 024A     		ldr	r2, .L30
 303 003e 1370     		strb	r3, [r2]
 332:Core/Src/main.c ****     }
 304              		.loc 1 332 7 is_stmt 1 view .LVU61
 332:Core/Src/main.c ****     }
 305              		.loc 1 332 19 is_stmt 0 view .LVU62
 306 0040 024B     		ldr	r3, .L30+4
 307 0042 0022     		movs	r2, #0
 308 0044 1A70     		strb	r2, [r3]
 309              		.loc 1 338 1 view .LVU63
 310 0046 E8E7     		b	.L20
 311              	.L31:
 312              		.align	2
 313              	.L30:
 314 0048 00000000 		.word	modeState
 315 004c 00000000 		.word	isInStandby
 316 0050 00000000 		.word	lastModeState
 317              		.cfi_endproc
 318              	.LFE70:
 320              		.section	.text.setting_others,"ax",%progbits
 321              		.align	1
 322              		.global	setting_others
ARM GAS  C:\Users\93980\AppData\Local\Temp\ccrpVVlU.s 			page 13


 323              		.syntax unified
 324              		.thumb
 325              		.thumb_func
 327              	setting_others:
 328              	.LVL27:
 329              	.LFB71:
 339:Core/Src/main.c **** void setting_others(uint16_t GPIO_Pin)
 340:Core/Src/main.c **** {
 330              		.loc 1 340 1 is_stmt 1 view -0
 331              		.cfi_startproc
 332              		@ args = 0, pretend = 0, frame = 0
 333              		@ frame_needed = 0, uses_anonymous_args = 0
 334              		.loc 1 340 1 is_stmt 0 view .LVU65
 335 0000 10B5     		push	{r4, lr}
 336              	.LCFI2:
 337              		.cfi_def_cfa_offset 8
 338              		.cfi_offset 4, -8
 339              		.cfi_offset 14, -4
 340 0002 0446     		mov	r4, r0
 341:Core/Src/main.c ****   if (GPIO_Pin == BUTTON_INTERRUPT_1_Pin)
 341              		.loc 1 341 3 is_stmt 1 view .LVU66
 342              		.loc 1 341 6 is_stmt 0 view .LVU67
 343 0004 0128     		cmp	r0, #1
 344 0006 03D0     		beq	.L38
 345              	.LVL28:
 346              	.L33:
 342:Core/Src/main.c ****   {
 343:Core/Src/main.c **** 
 344:Core/Src/main.c ****     uint32_t currentTime = HAL_GetTick();
 345:Core/Src/main.c **** 
 346:Core/Src/main.c ****     if (clickCount == 0)
 347:Core/Src/main.c ****     {
 348:Core/Src/main.c ****       // Á¨¨‰∏ÄÊ¨°ÁÇπÂáªÔºöËÆ∞ÂΩïÊó∂Èó¥Âπ∂ËÆ°Êï∞
 349:Core/Src/main.c ****       clickCount = 1;
 350:Core/Src/main.c ****       firstClickTime = currentTime;
 351:Core/Src/main.c ****     }
 352:Core/Src/main.c ****     else if (clickCount == 1)
 353:Core/Src/main.c ****     {
 354:Core/Src/main.c ****       // Â¶ÇÊûúÁ¨¨‰∫åÊ¨°ÁÇπÂáªÂú®ÂèåÂáªÈòàÂÄºÂÜÖÔºåÂàôÁõ¥Êé•Âà§ÂÆö‰∏∫ÂèåÂáª
 355:Core/Src/main.c ****       if ((currentTime - firstClickTime) <= DOUBLE_CLICK_THRESHOLD)
 356:Core/Src/main.c ****       {
 357:Core/Src/main.c ****         clickCount = 0; // ÈáçÁΩÆÁÇπÂáªËÆ°Êï∞
 358:Core/Src/main.c ****         firstClickTime = 0;
 359:Core/Src/main.c ****         modeState = MODE_STATE_MODE_SELECT; // Â§ÑÁêÜÂèåÂáªÊìç‰ΩúÔºà‰æãÂ¶ÇÈÄÄÂá∫ÂΩìÂâçÊ®°ÂºèËøîÂõûÊ
 360:Core/Src/main.c ****         return;
 361:Core/Src/main.c ****       }
 362:Core/Src/main.c ****       else
 363:Core/Src/main.c ****       {
 364:Core/Src/main.c ****         clickCount = 1;
 365:Core/Src/main.c ****         firstClickTime = currentTime;
 366:Core/Src/main.c ****       }
 367:Core/Src/main.c ****     }
 368:Core/Src/main.c ****   }
 369:Core/Src/main.c ****   // Â§ÑÁêÜÁü≠ÊåâÊìç‰Ωú
 370:Core/Src/main.c ****   process_short_press(GPIO_Pin);
 347              		.loc 1 370 3 is_stmt 1 view .LVU68
 348 0008 2046     		mov	r0, r4
ARM GAS  C:\Users\93980\AppData\Local\Temp\ccrpVVlU.s 			page 14


 349 000a FFF7FEFF 		bl	process_short_press
 350              	.LVL29:
 351              	.L32:
 371:Core/Src/main.c **** }
 352              		.loc 1 371 1 is_stmt 0 view .LVU69
 353 000e 10BD     		pop	{r4, pc}
 354              	.LVL30:
 355              	.L38:
 356              	.LBB9:
 344:Core/Src/main.c **** 
 357              		.loc 1 344 5 is_stmt 1 view .LVU70
 344:Core/Src/main.c **** 
 358              		.loc 1 344 28 is_stmt 0 view .LVU71
 359 0010 FFF7FEFF 		bl	HAL_GetTick
 360              	.LVL31:
 346:Core/Src/main.c ****     {
 361              		.loc 1 346 5 is_stmt 1 view .LVU72
 346:Core/Src/main.c ****     {
 362              		.loc 1 346 20 is_stmt 0 view .LVU73
 363 0014 104B     		ldr	r3, .L40
 364 0016 1B78     		ldrb	r3, [r3]	@ zero_extendqisi2
 346:Core/Src/main.c ****     {
 365              		.loc 1 346 8 view .LVU74
 366 0018 2BB9     		cbnz	r3, .L34
 349:Core/Src/main.c ****       firstClickTime = currentTime;
 367              		.loc 1 349 7 is_stmt 1 view .LVU75
 349:Core/Src/main.c ****       firstClickTime = currentTime;
 368              		.loc 1 349 18 is_stmt 0 view .LVU76
 369 001a 0F4B     		ldr	r3, .L40
 370 001c 0122     		movs	r2, #1
 371 001e 1A70     		strb	r2, [r3]
 350:Core/Src/main.c ****     }
 372              		.loc 1 350 7 is_stmt 1 view .LVU77
 350:Core/Src/main.c ****     }
 373              		.loc 1 350 22 is_stmt 0 view .LVU78
 374 0020 0E4B     		ldr	r3, .L40+4
 375 0022 1860     		str	r0, [r3]
 376 0024 F0E7     		b	.L33
 377              	.L34:
 352:Core/Src/main.c ****     {
 378              		.loc 1 352 10 is_stmt 1 view .LVU79
 352:Core/Src/main.c ****     {
 379              		.loc 1 352 25 is_stmt 0 view .LVU80
 380 0026 0C4B     		ldr	r3, .L40
 381 0028 1B78     		ldrb	r3, [r3]	@ zero_extendqisi2
 352:Core/Src/main.c ****     {
 382              		.loc 1 352 13 view .LVU81
 383 002a 012B     		cmp	r3, #1
 384 002c ECD1     		bne	.L33
 355:Core/Src/main.c ****       {
 385              		.loc 1 355 7 is_stmt 1 view .LVU82
 355:Core/Src/main.c ****       {
 386              		.loc 1 355 24 is_stmt 0 view .LVU83
 387 002e 0B4B     		ldr	r3, .L40+4
 388 0030 1B68     		ldr	r3, [r3]
 389 0032 C31A     		subs	r3, r0, r3
 355:Core/Src/main.c ****       {
ARM GAS  C:\Users\93980\AppData\Local\Temp\ccrpVVlU.s 			page 15


 390              		.loc 1 355 10 view .LVU84
 391 0034 B3F5C87F 		cmp	r3, #400
 392 0038 05D9     		bls	.L39
 364:Core/Src/main.c ****         firstClickTime = currentTime;
 393              		.loc 1 364 9 is_stmt 1 view .LVU85
 364:Core/Src/main.c ****         firstClickTime = currentTime;
 394              		.loc 1 364 20 is_stmt 0 view .LVU86
 395 003a 074B     		ldr	r3, .L40
 396 003c 0122     		movs	r2, #1
 397 003e 1A70     		strb	r2, [r3]
 365:Core/Src/main.c ****       }
 398              		.loc 1 365 9 is_stmt 1 view .LVU87
 365:Core/Src/main.c ****       }
 399              		.loc 1 365 24 is_stmt 0 view .LVU88
 400 0040 064B     		ldr	r3, .L40+4
 401 0042 1860     		str	r0, [r3]
 402 0044 E0E7     		b	.L33
 403              	.L39:
 357:Core/Src/main.c ****         firstClickTime = 0;
 404              		.loc 1 357 9 is_stmt 1 view .LVU89
 357:Core/Src/main.c ****         firstClickTime = 0;
 405              		.loc 1 357 20 is_stmt 0 view .LVU90
 406 0046 0023     		movs	r3, #0
 407 0048 034A     		ldr	r2, .L40
 408 004a 1370     		strb	r3, [r2]
 358:Core/Src/main.c ****         modeState = MODE_STATE_MODE_SELECT; // Â§ÑÁêÜÂèåÂáªÊìç‰ΩúÔºà‰æãÂ¶ÇÈÄÄÂá∫ÂΩìÂâçÊ®°ÂºèËøîÂõûÊ
 409              		.loc 1 358 9 is_stmt 1 view .LVU91
 358:Core/Src/main.c ****         modeState = MODE_STATE_MODE_SELECT; // Â§ÑÁêÜÂèåÂáªÊìç‰ΩúÔºà‰æãÂ¶ÇÈÄÄÂá∫ÂΩìÂâçÊ®°ÂºèËøîÂõûÊ
 410              		.loc 1 358 24 is_stmt 0 view .LVU92
 411 004c 034A     		ldr	r2, .L40+4
 412 004e 1360     		str	r3, [r2]
 359:Core/Src/main.c ****         return;
 413              		.loc 1 359 9 is_stmt 1 view .LVU93
 359:Core/Src/main.c ****         return;
 414              		.loc 1 359 19 is_stmt 0 view .LVU94
 415 0050 034A     		ldr	r2, .L40+8
 416 0052 1370     		strb	r3, [r2]
 360:Core/Src/main.c ****       }
 417              		.loc 1 360 9 is_stmt 1 view .LVU95
 418 0054 DBE7     		b	.L32
 419              	.L41:
 420 0056 00BF     		.align	2
 421              	.L40:
 422 0058 00000000 		.word	clickCount
 423 005c 00000000 		.word	firstClickTime
 424 0060 00000000 		.word	modeState
 425              	.LBE9:
 426              		.cfi_endproc
 427              	.LFE71:
 429              		.section	.text.HAL_GPIO_EXTI_Callback,"ax",%progbits
 430              		.align	1
 431              		.global	HAL_GPIO_EXTI_Callback
 432              		.syntax unified
 433              		.thumb
 434              		.thumb_func
 436              	HAL_GPIO_EXTI_Callback:
 437              	.LVL32:
ARM GAS  C:\Users\93980\AppData\Local\Temp\ccrpVVlU.s 			page 16


 438              	.LFB72:
 372:Core/Src/main.c **** 
 373:Core/Src/main.c **** void HAL_GPIO_EXTI_Callback(uint16_t GPIO_Pin)
 374:Core/Src/main.c **** {
 439              		.loc 1 374 1 view -0
 440              		.cfi_startproc
 441              		@ args = 0, pretend = 0, frame = 0
 442              		@ frame_needed = 0, uses_anonymous_args = 0
 443              		.loc 1 374 1 is_stmt 0 view .LVU97
 444 0000 10B5     		push	{r4, lr}
 445              	.LCFI3:
 446              		.cfi_def_cfa_offset 8
 447              		.cfi_offset 4, -8
 448              		.cfi_offset 14, -4
 449 0002 0446     		mov	r4, r0
 375:Core/Src/main.c ****   // Èò≤Êäñ
 376:Core/Src/main.c ****   uint32_t currentTime = HAL_GetTick();
 450              		.loc 1 376 3 is_stmt 1 view .LVU98
 451              		.loc 1 376 26 is_stmt 0 view .LVU99
 452 0004 FFF7FEFF 		bl	HAL_GetTick
 453              	.LVL33:
 377:Core/Src/main.c ****   if (currentTime - buttonLastTime < 200)
 454              		.loc 1 377 3 is_stmt 1 view .LVU100
 455              		.loc 1 377 19 is_stmt 0 view .LVU101
 456 0008 0A4B     		ldr	r3, .L46
 457 000a 1B68     		ldr	r3, [r3]
 458 000c C31A     		subs	r3, r0, r3
 459              		.loc 1 377 6 view .LVU102
 460 000e C72B     		cmp	r3, #199
 461 0010 0AD9     		bls	.L42
 378:Core/Src/main.c ****     return;
 379:Core/Src/main.c ****   buttonLastTime = currentTime;
 462              		.loc 1 379 3 is_stmt 1 view .LVU103
 463              		.loc 1 379 18 is_stmt 0 view .LVU104
 464 0012 084B     		ldr	r3, .L46
 465 0014 1860     		str	r0, [r3]
 380:Core/Src/main.c **** 
 381:Core/Src/main.c ****   // ‰ªª‰Ωïaction ÈáçÁΩÆÊó†Êìç‰ΩúËÆ°Êï∞Âô®
 382:Core/Src/main.c ****   inactivityCounter = 0;
 466              		.loc 1 382 3 is_stmt 1 view .LVU105
 467              		.loc 1 382 21 is_stmt 0 view .LVU106
 468 0016 084B     		ldr	r3, .L46+4
 469 0018 0022     		movs	r2, #0
 470 001a 1A80     		strh	r2, [r3]	@ movhi
 383:Core/Src/main.c **** 
 384:Core/Src/main.c ****   // Ê†πÊçÆ currentMode ÂÅö‰∏çÂêåÁöÑÂ§ÑÁêÜ
 385:Core/Src/main.c ****   if (modeState == MODE_STATE_MODE_SELECT)
 471              		.loc 1 385 3 is_stmt 1 view .LVU107
 472              		.loc 1 385 17 is_stmt 0 view .LVU108
 473 001c 074B     		ldr	r3, .L46+8
 474 001e 1B78     		ldrb	r3, [r3]	@ zero_extendqisi2
 475              		.loc 1 385 6 view .LVU109
 476 0020 1BB9     		cbnz	r3, .L44
 386:Core/Src/main.c ****   {
 387:Core/Src/main.c ****     setting_mode_select(GPIO_Pin);
 477              		.loc 1 387 5 is_stmt 1 view .LVU110
 478 0022 2046     		mov	r0, r4
ARM GAS  C:\Users\93980\AppData\Local\Temp\ccrpVVlU.s 			page 17


 479              	.LVL34:
 480              		.loc 1 387 5 is_stmt 0 view .LVU111
 481 0024 FFF7FEFF 		bl	setting_mode_select
 482              	.LVL35:
 483              	.L42:
 388:Core/Src/main.c ****   }
 389:Core/Src/main.c ****   else
 390:Core/Src/main.c ****   {
 391:Core/Src/main.c ****     setting_others(GPIO_Pin);
 392:Core/Src/main.c ****   }
 393:Core/Src/main.c **** }
 484              		.loc 1 393 1 view .LVU112
 485 0028 10BD     		pop	{r4, pc}
 486              	.LVL36:
 487              	.L44:
 391:Core/Src/main.c ****   }
 488              		.loc 1 391 5 is_stmt 1 view .LVU113
 489 002a 2046     		mov	r0, r4
 490              	.LVL37:
 391:Core/Src/main.c ****   }
 491              		.loc 1 391 5 is_stmt 0 view .LVU114
 492 002c FFF7FEFF 		bl	setting_others
 493              	.LVL38:
 494 0030 FAE7     		b	.L42
 495              	.L47:
 496 0032 00BF     		.align	2
 497              	.L46:
 498 0034 00000000 		.word	buttonLastTime
 499 0038 00000000 		.word	inactivityCounter
 500 003c 00000000 		.word	modeState
 501              		.cfi_endproc
 502              	.LFE72:
 504              		.section	.text.HAL_TIM_PeriodElapsedCallback,"ax",%progbits
 505              		.align	1
 506              		.global	HAL_TIM_PeriodElapsedCallback
 507              		.syntax unified
 508              		.thumb
 509              		.thumb_func
 511              	HAL_TIM_PeriodElapsedCallback:
 512              	.LVL39:
 513              	.LFB73:
 394:Core/Src/main.c **** 
 395:Core/Src/main.c **** void HAL_TIM_PeriodElapsedCallback(TIM_HandleTypeDef *htim)
 396:Core/Src/main.c **** {
 514              		.loc 1 396 1 is_stmt 1 view -0
 515              		.cfi_startproc
 516              		@ args = 0, pretend = 0, frame = 0
 517              		@ frame_needed = 0, uses_anonymous_args = 0
 518              		@ link register save eliminated.
 397:Core/Src/main.c ****   if (htim != &htim4)
 519              		.loc 1 397 3 view .LVU116
 520              		.loc 1 397 6 is_stmt 0 view .LVU117
 521 0000 154B     		ldr	r3, .L55
 522 0002 8342     		cmp	r3, r0
 523 0004 00D0     		beq	.L53
 524              	.L48:
 398:Core/Src/main.c ****     return;
ARM GAS  C:\Users\93980\AppData\Local\Temp\ccrpVVlU.s 			page 18


 399:Core/Src/main.c ****   // 1) Êó†Êìç‰ΩúËÆ°Êï∞
 400:Core/Src/main.c ****   inactivityCounter = isInStandby ? 0 : (inactivityCounter + 1);
 401:Core/Src/main.c ****   if (!isInStandby && inactivityCounter >= INACTIVITY_THRESHOLD)
 402:Core/Src/main.c ****   {
 403:Core/Src/main.c ****     // Â¶ÇÊûúÂΩìÂâçÊ®°Âºè‰∏∫ÂÄíËÆ°Êó∂ÔºåÂπ∂‰∏î ÂÄíËÆ°Êó∂Â∑≤ÁªèÁªìÊùüÔºåÂàô‰∏çËøõÂÖ•ÂæÖÊú∫Ê®°Âºè
 404:Core/Src/main.c ****     if (modeState == MODE_STATE_COUNTDOWN && countdownState == STATE_FINISHED)
 405:Core/Src/main.c ****     {
 406:Core/Src/main.c ****       return;
 407:Core/Src/main.c ****     }
 408:Core/Src/main.c ****     // Ë∂ÖËøá2ÂàÜÈíüÊó†Êìç‰ΩúÔºåËøõÂÖ•ÂæÖÊú∫Ê®°Âºè
 409:Core/Src/main.c ****     lastModeState = modeState;
 410:Core/Src/main.c ****     modeState = MODE_STATE_STANDBY;
 411:Core/Src/main.c ****     isInStandby = 1;
 412:Core/Src/main.c ****   }
 413:Core/Src/main.c **** }
 525              		.loc 1 413 1 view .LVU118
 526 0006 7047     		bx	lr
 527              	.L53:
 400:Core/Src/main.c ****   if (!isInStandby && inactivityCounter >= INACTIVITY_THRESHOLD)
 528              		.loc 1 400 3 is_stmt 1 view .LVU119
 400:Core/Src/main.c ****   if (!isInStandby && inactivityCounter >= INACTIVITY_THRESHOLD)
 529              		.loc 1 400 35 is_stmt 0 view .LVU120
 530 0008 144B     		ldr	r3, .L55+4
 531 000a 1B78     		ldrb	r3, [r3]	@ zero_extendqisi2
 400:Core/Src/main.c ****   if (!isInStandby && inactivityCounter >= INACTIVITY_THRESHOLD)
 532              		.loc 1 400 21 view .LVU121
 533 000c EBB9     		cbnz	r3, .L52
 400:Core/Src/main.c ****   if (!isInStandby && inactivityCounter >= INACTIVITY_THRESHOLD)
 534              		.loc 1 400 60 discriminator 1 view .LVU122
 535 000e 144B     		ldr	r3, .L55+8
 536 0010 1B88     		ldrh	r3, [r3]
 537 0012 9BB2     		uxth	r3, r3
 400:Core/Src/main.c ****   if (!isInStandby && inactivityCounter >= INACTIVITY_THRESHOLD)
 538              		.loc 1 400 21 discriminator 1 view .LVU123
 539 0014 0133     		adds	r3, r3, #1
 540 0016 9BB2     		uxth	r3, r3
 541              	.L50:
 400:Core/Src/main.c ****   if (!isInStandby && inactivityCounter >= INACTIVITY_THRESHOLD)
 542              		.loc 1 400 21 discriminator 4 view .LVU124
 543 0018 114A     		ldr	r2, .L55+8
 544 001a 1380     		strh	r3, [r2]	@ movhi
 401:Core/Src/main.c ****   {
 545              		.loc 1 401 3 is_stmt 1 view .LVU125
 401:Core/Src/main.c ****   {
 546              		.loc 1 401 7 is_stmt 0 view .LVU126
 547 001c 0F4B     		ldr	r3, .L55+4
 548 001e 1B78     		ldrb	r3, [r3]	@ zero_extendqisi2
 401:Core/Src/main.c ****   {
 549              		.loc 1 401 6 view .LVU127
 550 0020 002B     		cmp	r3, #0
 551 0022 F0D1     		bne	.L48
 401:Core/Src/main.c ****   {
 552              		.loc 1 401 41 discriminator 1 view .LVU128
 553 0024 1388     		ldrh	r3, [r2]
 554 0026 9BB2     		uxth	r3, r3
 401:Core/Src/main.c ****   {
 555              		.loc 1 401 20 discriminator 1 view .LVU129
ARM GAS  C:\Users\93980\AppData\Local\Temp\ccrpVVlU.s 			page 19


 556 0028 1D2B     		cmp	r3, #29
 557 002a ECD9     		bls	.L48
 404:Core/Src/main.c ****     {
 558              		.loc 1 404 5 is_stmt 1 view .LVU130
 404:Core/Src/main.c ****     {
 559              		.loc 1 404 19 is_stmt 0 view .LVU131
 560 002c 0D4B     		ldr	r3, .L55+12
 561 002e 1B78     		ldrb	r3, [r3]	@ zero_extendqisi2
 404:Core/Src/main.c ****     {
 562              		.loc 1 404 8 view .LVU132
 563 0030 032B     		cmp	r3, #3
 564 0032 0CD0     		beq	.L54
 565              	.L51:
 409:Core/Src/main.c ****     modeState = MODE_STATE_STANDBY;
 566              		.loc 1 409 5 is_stmt 1 view .LVU133
 409:Core/Src/main.c ****     modeState = MODE_STATE_STANDBY;
 567              		.loc 1 409 19 is_stmt 0 view .LVU134
 568 0034 0B4A     		ldr	r2, .L55+12
 569 0036 1378     		ldrb	r3, [r2]	@ zero_extendqisi2
 570 0038 DBB2     		uxtb	r3, r3
 571 003a 0B49     		ldr	r1, .L55+16
 572 003c 0B70     		strb	r3, [r1]
 410:Core/Src/main.c ****     isInStandby = 1;
 573              		.loc 1 410 5 is_stmt 1 view .LVU135
 410:Core/Src/main.c ****     isInStandby = 1;
 574              		.loc 1 410 15 is_stmt 0 view .LVU136
 575 003e 0523     		movs	r3, #5
 576 0040 1370     		strb	r3, [r2]
 411:Core/Src/main.c ****   }
 577              		.loc 1 411 5 is_stmt 1 view .LVU137
 411:Core/Src/main.c ****   }
 578              		.loc 1 411 17 is_stmt 0 view .LVU138
 579 0042 064B     		ldr	r3, .L55+4
 580 0044 0122     		movs	r2, #1
 581 0046 1A70     		strb	r2, [r3]
 582 0048 DDE7     		b	.L48
 583              	.L52:
 400:Core/Src/main.c ****   if (!isInStandby && inactivityCounter >= INACTIVITY_THRESHOLD)
 584              		.loc 1 400 21 discriminator 2 view .LVU139
 585 004a 0023     		movs	r3, #0
 586 004c E4E7     		b	.L50
 587              	.L54:
 404:Core/Src/main.c ****     {
 588              		.loc 1 404 61 discriminator 1 view .LVU140
 589 004e 074B     		ldr	r3, .L55+20
 590 0050 1B78     		ldrb	r3, [r3]	@ zero_extendqisi2
 404:Core/Src/main.c ****     {
 591              		.loc 1 404 43 discriminator 1 view .LVU141
 592 0052 052B     		cmp	r3, #5
 593 0054 EED1     		bne	.L51
 594 0056 D6E7     		b	.L48
 595              	.L56:
 596              		.align	2
 597              	.L55:
 598 0058 00000000 		.word	htim4
 599 005c 00000000 		.word	isInStandby
 600 0060 00000000 		.word	inactivityCounter
ARM GAS  C:\Users\93980\AppData\Local\Temp\ccrpVVlU.s 			page 20


 601 0064 00000000 		.word	modeState
 602 0068 00000000 		.word	lastModeState
 603 006c 00000000 		.word	countdownState
 604              		.cfi_endproc
 605              	.LFE73:
 607              		.section	.text.Error_Handler,"ax",%progbits
 608              		.align	1
 609              		.global	Error_Handler
 610              		.syntax unified
 611              		.thumb
 612              		.thumb_func
 614              	Error_Handler:
 615              	.LFB74:
 414:Core/Src/main.c **** 
 415:Core/Src/main.c **** /* USER CODE END 4 */
 416:Core/Src/main.c **** 
 417:Core/Src/main.c **** /**
 418:Core/Src/main.c ****  * @brief  This function is executed in case of error occurrence.
 419:Core/Src/main.c ****  * @retval None
 420:Core/Src/main.c ****  */
 421:Core/Src/main.c **** void Error_Handler(void)
 422:Core/Src/main.c **** {
 616              		.loc 1 422 1 is_stmt 1 view -0
 617              		.cfi_startproc
 618              		@ Volatile: function does not return.
 619              		@ args = 0, pretend = 0, frame = 0
 620              		@ frame_needed = 0, uses_anonymous_args = 0
 621              		@ link register save eliminated.
 423:Core/Src/main.c ****   /* USER CODE BEGIN Error_Handler_Debug */
 424:Core/Src/main.c ****   /* User can add his own implementation to report the HAL error return state */
 425:Core/Src/main.c ****   __disable_irq();
 622              		.loc 1 425 3 view .LVU143
 623              	.LBB10:
 624              	.LBI10:
 625              		.file 2 "Drivers/CMSIS/Include/cmsis_gcc.h"
   1:Drivers/CMSIS/Include/cmsis_gcc.h **** /**************************************************************************//**
   2:Drivers/CMSIS/Include/cmsis_gcc.h ****  * @file     cmsis_gcc.h
   3:Drivers/CMSIS/Include/cmsis_gcc.h ****  * @brief    CMSIS compiler GCC header file
   4:Drivers/CMSIS/Include/cmsis_gcc.h ****  * @version  V5.0.4
   5:Drivers/CMSIS/Include/cmsis_gcc.h ****  * @date     09. April 2018
   6:Drivers/CMSIS/Include/cmsis_gcc.h ****  ******************************************************************************/
   7:Drivers/CMSIS/Include/cmsis_gcc.h **** /*
   8:Drivers/CMSIS/Include/cmsis_gcc.h ****  * Copyright (c) 2009-2018 Arm Limited. All rights reserved.
   9:Drivers/CMSIS/Include/cmsis_gcc.h ****  *
  10:Drivers/CMSIS/Include/cmsis_gcc.h ****  * SPDX-License-Identifier: Apache-2.0
  11:Drivers/CMSIS/Include/cmsis_gcc.h ****  *
  12:Drivers/CMSIS/Include/cmsis_gcc.h ****  * Licensed under the Apache License, Version 2.0 (the License); you may
  13:Drivers/CMSIS/Include/cmsis_gcc.h ****  * not use this file except in compliance with the License.
  14:Drivers/CMSIS/Include/cmsis_gcc.h ****  * You may obtain a copy of the License at
  15:Drivers/CMSIS/Include/cmsis_gcc.h ****  *
  16:Drivers/CMSIS/Include/cmsis_gcc.h ****  * www.apache.org/licenses/LICENSE-2.0
  17:Drivers/CMSIS/Include/cmsis_gcc.h ****  *
  18:Drivers/CMSIS/Include/cmsis_gcc.h ****  * Unless required by applicable law or agreed to in writing, software
  19:Drivers/CMSIS/Include/cmsis_gcc.h ****  * distributed under the License is distributed on an AS IS BASIS, WITHOUT
  20:Drivers/CMSIS/Include/cmsis_gcc.h ****  * WARRANTIES OR CONDITIONS OF ANY KIND, either express or implied.
  21:Drivers/CMSIS/Include/cmsis_gcc.h ****  * See the License for the specific language governing permissions and
  22:Drivers/CMSIS/Include/cmsis_gcc.h ****  * limitations under the License.
ARM GAS  C:\Users\93980\AppData\Local\Temp\ccrpVVlU.s 			page 21


  23:Drivers/CMSIS/Include/cmsis_gcc.h ****  */
  24:Drivers/CMSIS/Include/cmsis_gcc.h **** 
  25:Drivers/CMSIS/Include/cmsis_gcc.h **** #ifndef __CMSIS_GCC_H
  26:Drivers/CMSIS/Include/cmsis_gcc.h **** #define __CMSIS_GCC_H
  27:Drivers/CMSIS/Include/cmsis_gcc.h **** 
  28:Drivers/CMSIS/Include/cmsis_gcc.h **** /* ignore some GCC warnings */
  29:Drivers/CMSIS/Include/cmsis_gcc.h **** #pragma GCC diagnostic push
  30:Drivers/CMSIS/Include/cmsis_gcc.h **** #pragma GCC diagnostic ignored "-Wsign-conversion"
  31:Drivers/CMSIS/Include/cmsis_gcc.h **** #pragma GCC diagnostic ignored "-Wconversion"
  32:Drivers/CMSIS/Include/cmsis_gcc.h **** #pragma GCC diagnostic ignored "-Wunused-parameter"
  33:Drivers/CMSIS/Include/cmsis_gcc.h **** 
  34:Drivers/CMSIS/Include/cmsis_gcc.h **** /* Fallback for __has_builtin */
  35:Drivers/CMSIS/Include/cmsis_gcc.h **** #ifndef __has_builtin
  36:Drivers/CMSIS/Include/cmsis_gcc.h ****   #define __has_builtin(x) (0)
  37:Drivers/CMSIS/Include/cmsis_gcc.h **** #endif
  38:Drivers/CMSIS/Include/cmsis_gcc.h **** 
  39:Drivers/CMSIS/Include/cmsis_gcc.h **** /* CMSIS compiler specific defines */
  40:Drivers/CMSIS/Include/cmsis_gcc.h **** #ifndef   __ASM
  41:Drivers/CMSIS/Include/cmsis_gcc.h ****   #define __ASM                                  __asm
  42:Drivers/CMSIS/Include/cmsis_gcc.h **** #endif
  43:Drivers/CMSIS/Include/cmsis_gcc.h **** #ifndef   __INLINE
  44:Drivers/CMSIS/Include/cmsis_gcc.h ****   #define __INLINE                               inline
  45:Drivers/CMSIS/Include/cmsis_gcc.h **** #endif
  46:Drivers/CMSIS/Include/cmsis_gcc.h **** #ifndef   __STATIC_INLINE
  47:Drivers/CMSIS/Include/cmsis_gcc.h ****   #define __STATIC_INLINE                        static inline
  48:Drivers/CMSIS/Include/cmsis_gcc.h **** #endif
  49:Drivers/CMSIS/Include/cmsis_gcc.h **** #ifndef   __STATIC_FORCEINLINE                 
  50:Drivers/CMSIS/Include/cmsis_gcc.h ****   #define __STATIC_FORCEINLINE                   __attribute__((always_inline)) static inline
  51:Drivers/CMSIS/Include/cmsis_gcc.h **** #endif                                           
  52:Drivers/CMSIS/Include/cmsis_gcc.h **** #ifndef   __NO_RETURN
  53:Drivers/CMSIS/Include/cmsis_gcc.h ****   #define __NO_RETURN                            __attribute__((__noreturn__))
  54:Drivers/CMSIS/Include/cmsis_gcc.h **** #endif
  55:Drivers/CMSIS/Include/cmsis_gcc.h **** #ifndef   __USED
  56:Drivers/CMSIS/Include/cmsis_gcc.h ****   #define __USED                                 __attribute__((used))
  57:Drivers/CMSIS/Include/cmsis_gcc.h **** #endif
  58:Drivers/CMSIS/Include/cmsis_gcc.h **** #ifndef   __WEAK
  59:Drivers/CMSIS/Include/cmsis_gcc.h ****   #define __WEAK                                 __attribute__((weak))
  60:Drivers/CMSIS/Include/cmsis_gcc.h **** #endif
  61:Drivers/CMSIS/Include/cmsis_gcc.h **** #ifndef   __PACKED
  62:Drivers/CMSIS/Include/cmsis_gcc.h ****   #define __PACKED                               __attribute__((packed, aligned(1)))
  63:Drivers/CMSIS/Include/cmsis_gcc.h **** #endif
  64:Drivers/CMSIS/Include/cmsis_gcc.h **** #ifndef   __PACKED_STRUCT
  65:Drivers/CMSIS/Include/cmsis_gcc.h ****   #define __PACKED_STRUCT                        struct __attribute__((packed, aligned(1)))
  66:Drivers/CMSIS/Include/cmsis_gcc.h **** #endif
  67:Drivers/CMSIS/Include/cmsis_gcc.h **** #ifndef   __PACKED_UNION
  68:Drivers/CMSIS/Include/cmsis_gcc.h ****   #define __PACKED_UNION                         union __attribute__((packed, aligned(1)))
  69:Drivers/CMSIS/Include/cmsis_gcc.h **** #endif
  70:Drivers/CMSIS/Include/cmsis_gcc.h **** #ifndef   __UNALIGNED_UINT32        /* deprecated */
  71:Drivers/CMSIS/Include/cmsis_gcc.h ****   #pragma GCC diagnostic push
  72:Drivers/CMSIS/Include/cmsis_gcc.h ****   #pragma GCC diagnostic ignored "-Wpacked"
  73:Drivers/CMSIS/Include/cmsis_gcc.h ****   #pragma GCC diagnostic ignored "-Wattributes"
  74:Drivers/CMSIS/Include/cmsis_gcc.h ****   struct __attribute__((packed)) T_UINT32 { uint32_t v; };
  75:Drivers/CMSIS/Include/cmsis_gcc.h ****   #pragma GCC diagnostic pop
  76:Drivers/CMSIS/Include/cmsis_gcc.h ****   #define __UNALIGNED_UINT32(x)                  (((struct T_UINT32 *)(x))->v)
  77:Drivers/CMSIS/Include/cmsis_gcc.h **** #endif
  78:Drivers/CMSIS/Include/cmsis_gcc.h **** #ifndef   __UNALIGNED_UINT16_WRITE
  79:Drivers/CMSIS/Include/cmsis_gcc.h ****   #pragma GCC diagnostic push
ARM GAS  C:\Users\93980\AppData\Local\Temp\ccrpVVlU.s 			page 22


  80:Drivers/CMSIS/Include/cmsis_gcc.h ****   #pragma GCC diagnostic ignored "-Wpacked"
  81:Drivers/CMSIS/Include/cmsis_gcc.h ****   #pragma GCC diagnostic ignored "-Wattributes"
  82:Drivers/CMSIS/Include/cmsis_gcc.h ****   __PACKED_STRUCT T_UINT16_WRITE { uint16_t v; };
  83:Drivers/CMSIS/Include/cmsis_gcc.h ****   #pragma GCC diagnostic pop
  84:Drivers/CMSIS/Include/cmsis_gcc.h ****   #define __UNALIGNED_UINT16_WRITE(addr, val)    (void)((((struct T_UINT16_WRITE *)(void *)(addr))-
  85:Drivers/CMSIS/Include/cmsis_gcc.h **** #endif
  86:Drivers/CMSIS/Include/cmsis_gcc.h **** #ifndef   __UNALIGNED_UINT16_READ
  87:Drivers/CMSIS/Include/cmsis_gcc.h ****   #pragma GCC diagnostic push
  88:Drivers/CMSIS/Include/cmsis_gcc.h ****   #pragma GCC diagnostic ignored "-Wpacked"
  89:Drivers/CMSIS/Include/cmsis_gcc.h ****   #pragma GCC diagnostic ignored "-Wattributes"
  90:Drivers/CMSIS/Include/cmsis_gcc.h ****   __PACKED_STRUCT T_UINT16_READ { uint16_t v; };
  91:Drivers/CMSIS/Include/cmsis_gcc.h ****   #pragma GCC diagnostic pop
  92:Drivers/CMSIS/Include/cmsis_gcc.h ****   #define __UNALIGNED_UINT16_READ(addr)          (((const struct T_UINT16_READ *)(const void *)(add
  93:Drivers/CMSIS/Include/cmsis_gcc.h **** #endif
  94:Drivers/CMSIS/Include/cmsis_gcc.h **** #ifndef   __UNALIGNED_UINT32_WRITE
  95:Drivers/CMSIS/Include/cmsis_gcc.h ****   #pragma GCC diagnostic push
  96:Drivers/CMSIS/Include/cmsis_gcc.h ****   #pragma GCC diagnostic ignored "-Wpacked"
  97:Drivers/CMSIS/Include/cmsis_gcc.h ****   #pragma GCC diagnostic ignored "-Wattributes"
  98:Drivers/CMSIS/Include/cmsis_gcc.h ****   __PACKED_STRUCT T_UINT32_WRITE { uint32_t v; };
  99:Drivers/CMSIS/Include/cmsis_gcc.h ****   #pragma GCC diagnostic pop
 100:Drivers/CMSIS/Include/cmsis_gcc.h ****   #define __UNALIGNED_UINT32_WRITE(addr, val)    (void)((((struct T_UINT32_WRITE *)(void *)(addr))-
 101:Drivers/CMSIS/Include/cmsis_gcc.h **** #endif
 102:Drivers/CMSIS/Include/cmsis_gcc.h **** #ifndef   __UNALIGNED_UINT32_READ
 103:Drivers/CMSIS/Include/cmsis_gcc.h ****   #pragma GCC diagnostic push
 104:Drivers/CMSIS/Include/cmsis_gcc.h ****   #pragma GCC diagnostic ignored "-Wpacked"
 105:Drivers/CMSIS/Include/cmsis_gcc.h ****   #pragma GCC diagnostic ignored "-Wattributes"
 106:Drivers/CMSIS/Include/cmsis_gcc.h ****   __PACKED_STRUCT T_UINT32_READ { uint32_t v; };
 107:Drivers/CMSIS/Include/cmsis_gcc.h ****   #pragma GCC diagnostic pop
 108:Drivers/CMSIS/Include/cmsis_gcc.h ****   #define __UNALIGNED_UINT32_READ(addr)          (((const struct T_UINT32_READ *)(const void *)(add
 109:Drivers/CMSIS/Include/cmsis_gcc.h **** #endif
 110:Drivers/CMSIS/Include/cmsis_gcc.h **** #ifndef   __ALIGNED
 111:Drivers/CMSIS/Include/cmsis_gcc.h ****   #define __ALIGNED(x)                           __attribute__((aligned(x)))
 112:Drivers/CMSIS/Include/cmsis_gcc.h **** #endif
 113:Drivers/CMSIS/Include/cmsis_gcc.h **** #ifndef   __RESTRICT
 114:Drivers/CMSIS/Include/cmsis_gcc.h ****   #define __RESTRICT                             __restrict
 115:Drivers/CMSIS/Include/cmsis_gcc.h **** #endif
 116:Drivers/CMSIS/Include/cmsis_gcc.h **** 
 117:Drivers/CMSIS/Include/cmsis_gcc.h **** 
 118:Drivers/CMSIS/Include/cmsis_gcc.h **** /* ###########################  Core Function Access  ########################### */
 119:Drivers/CMSIS/Include/cmsis_gcc.h **** /** \ingroup  CMSIS_Core_FunctionInterface
 120:Drivers/CMSIS/Include/cmsis_gcc.h ****     \defgroup CMSIS_Core_RegAccFunctions CMSIS Core Register Access Functions
 121:Drivers/CMSIS/Include/cmsis_gcc.h ****   @{
 122:Drivers/CMSIS/Include/cmsis_gcc.h ****  */
 123:Drivers/CMSIS/Include/cmsis_gcc.h **** 
 124:Drivers/CMSIS/Include/cmsis_gcc.h **** /**
 125:Drivers/CMSIS/Include/cmsis_gcc.h ****   \brief   Enable IRQ Interrupts
 126:Drivers/CMSIS/Include/cmsis_gcc.h ****   \details Enables IRQ interrupts by clearing the I-bit in the CPSR.
 127:Drivers/CMSIS/Include/cmsis_gcc.h ****            Can only be executed in Privileged modes.
 128:Drivers/CMSIS/Include/cmsis_gcc.h ****  */
 129:Drivers/CMSIS/Include/cmsis_gcc.h **** __STATIC_FORCEINLINE void __enable_irq(void)
 130:Drivers/CMSIS/Include/cmsis_gcc.h **** {
 131:Drivers/CMSIS/Include/cmsis_gcc.h ****   __ASM volatile ("cpsie i" : : : "memory");
 132:Drivers/CMSIS/Include/cmsis_gcc.h **** }
 133:Drivers/CMSIS/Include/cmsis_gcc.h **** 
 134:Drivers/CMSIS/Include/cmsis_gcc.h **** 
 135:Drivers/CMSIS/Include/cmsis_gcc.h **** /**
 136:Drivers/CMSIS/Include/cmsis_gcc.h ****   \brief   Disable IRQ Interrupts
ARM GAS  C:\Users\93980\AppData\Local\Temp\ccrpVVlU.s 			page 23


 137:Drivers/CMSIS/Include/cmsis_gcc.h ****   \details Disables IRQ interrupts by setting the I-bit in the CPSR.
 138:Drivers/CMSIS/Include/cmsis_gcc.h ****            Can only be executed in Privileged modes.
 139:Drivers/CMSIS/Include/cmsis_gcc.h ****  */
 140:Drivers/CMSIS/Include/cmsis_gcc.h **** __STATIC_FORCEINLINE void __disable_irq(void)
 626              		.loc 2 140 27 view .LVU144
 627              	.LBB11:
 141:Drivers/CMSIS/Include/cmsis_gcc.h **** {
 142:Drivers/CMSIS/Include/cmsis_gcc.h ****   __ASM volatile ("cpsid i" : : : "memory");
 628              		.loc 2 142 3 view .LVU145
 629              		.syntax unified
 630              	@ 142 "Drivers/CMSIS/Include/cmsis_gcc.h" 1
 631 0000 72B6     		cpsid i
 632              	@ 0 "" 2
 633              		.thumb
 634              		.syntax unified
 635              	.L58:
 636              	.LBE11:
 637              	.LBE10:
 426:Core/Src/main.c ****   while (1)
 638              		.loc 1 426 3 view .LVU146
 427:Core/Src/main.c ****   {
 428:Core/Src/main.c ****   }
 639              		.loc 1 428 3 view .LVU147
 426:Core/Src/main.c ****   while (1)
 640              		.loc 1 426 9 view .LVU148
 641 0002 FEE7     		b	.L58
 642              		.cfi_endproc
 643              	.LFE74:
 645              		.section	.text.SystemClock_Config,"ax",%progbits
 646              		.align	1
 647              		.global	SystemClock_Config
 648              		.syntax unified
 649              		.thumb
 650              		.thumb_func
 652              	SystemClock_Config:
 653              	.LFB69:
 259:Core/Src/main.c ****   RCC_OscInitTypeDef RCC_OscInitStruct = {0};
 654              		.loc 1 259 1 view -0
 655              		.cfi_startproc
 656              		@ args = 0, pretend = 0, frame = 80
 657              		@ frame_needed = 0, uses_anonymous_args = 0
 658 0000 10B5     		push	{r4, lr}
 659              	.LCFI4:
 660              		.cfi_def_cfa_offset 8
 661              		.cfi_offset 4, -8
 662              		.cfi_offset 14, -4
 663 0002 94B0     		sub	sp, sp, #80
 664              	.LCFI5:
 665              		.cfi_def_cfa_offset 88
 260:Core/Src/main.c ****   RCC_ClkInitTypeDef RCC_ClkInitStruct = {0};
 666              		.loc 1 260 3 view .LVU150
 260:Core/Src/main.c ****   RCC_ClkInitTypeDef RCC_ClkInitStruct = {0};
 667              		.loc 1 260 22 is_stmt 0 view .LVU151
 668 0004 0AAC     		add	r4, sp, #40
 669 0006 2822     		movs	r2, #40
 670 0008 0021     		movs	r1, #0
 671 000a 2046     		mov	r0, r4
ARM GAS  C:\Users\93980\AppData\Local\Temp\ccrpVVlU.s 			page 24


 672 000c FFF7FEFF 		bl	memset
 673              	.LVL40:
 261:Core/Src/main.c ****   RCC_PeriphCLKInitTypeDef PeriphClkInit = {0};
 674              		.loc 1 261 3 is_stmt 1 view .LVU152
 261:Core/Src/main.c ****   RCC_PeriphCLKInitTypeDef PeriphClkInit = {0};
 675              		.loc 1 261 22 is_stmt 0 view .LVU153
 676 0010 0023     		movs	r3, #0
 677 0012 0593     		str	r3, [sp, #20]
 678 0014 0693     		str	r3, [sp, #24]
 679 0016 0793     		str	r3, [sp, #28]
 680 0018 0893     		str	r3, [sp, #32]
 681 001a 0993     		str	r3, [sp, #36]
 262:Core/Src/main.c **** 
 682              		.loc 1 262 3 is_stmt 1 view .LVU154
 262:Core/Src/main.c **** 
 683              		.loc 1 262 28 is_stmt 0 view .LVU155
 684 001c 0193     		str	r3, [sp, #4]
 685 001e 0293     		str	r3, [sp, #8]
 686 0020 0393     		str	r3, [sp, #12]
 687 0022 0493     		str	r3, [sp, #16]
 267:Core/Src/main.c ****   RCC_OscInitStruct.HSEState = RCC_HSE_ON;
 688              		.loc 1 267 3 is_stmt 1 view .LVU156
 267:Core/Src/main.c ****   RCC_OscInitStruct.HSEState = RCC_HSE_ON;
 689              		.loc 1 267 36 is_stmt 0 view .LVU157
 690 0024 0523     		movs	r3, #5
 691 0026 0A93     		str	r3, [sp, #40]
 268:Core/Src/main.c ****   RCC_OscInitStruct.HSEPredivValue = RCC_HSE_PREDIV_DIV1;
 692              		.loc 1 268 3 is_stmt 1 view .LVU158
 268:Core/Src/main.c ****   RCC_OscInitStruct.HSEPredivValue = RCC_HSE_PREDIV_DIV1;
 693              		.loc 1 268 30 is_stmt 0 view .LVU159
 694 0028 4FF48033 		mov	r3, #65536
 695 002c 0B93     		str	r3, [sp, #44]
 269:Core/Src/main.c ****   RCC_OscInitStruct.LSEState = RCC_LSE_ON;
 696              		.loc 1 269 3 is_stmt 1 view .LVU160
 270:Core/Src/main.c ****   RCC_OscInitStruct.HSIState = RCC_HSI_ON;
 697              		.loc 1 270 3 view .LVU161
 270:Core/Src/main.c ****   RCC_OscInitStruct.HSIState = RCC_HSI_ON;
 698              		.loc 1 270 30 is_stmt 0 view .LVU162
 699 002e 0122     		movs	r2, #1
 700 0030 0D92     		str	r2, [sp, #52]
 271:Core/Src/main.c ****   RCC_OscInitStruct.PLL.PLLState = RCC_PLL_ON;
 701              		.loc 1 271 3 is_stmt 1 view .LVU163
 271:Core/Src/main.c ****   RCC_OscInitStruct.PLL.PLLState = RCC_PLL_ON;
 702              		.loc 1 271 30 is_stmt 0 view .LVU164
 703 0032 0E92     		str	r2, [sp, #56]
 272:Core/Src/main.c ****   RCC_OscInitStruct.PLL.PLLSource = RCC_PLLSOURCE_HSE;
 704              		.loc 1 272 3 is_stmt 1 view .LVU165
 272:Core/Src/main.c ****   RCC_OscInitStruct.PLL.PLLSource = RCC_PLLSOURCE_HSE;
 705              		.loc 1 272 34 is_stmt 0 view .LVU166
 706 0034 0222     		movs	r2, #2
 707 0036 1192     		str	r2, [sp, #68]
 273:Core/Src/main.c ****   RCC_OscInitStruct.PLL.PLLMUL = RCC_PLL_MUL9;
 708              		.loc 1 273 3 is_stmt 1 view .LVU167
 273:Core/Src/main.c ****   RCC_OscInitStruct.PLL.PLLMUL = RCC_PLL_MUL9;
 709              		.loc 1 273 35 is_stmt 0 view .LVU168
 710 0038 1293     		str	r3, [sp, #72]
 274:Core/Src/main.c ****   if (HAL_RCC_OscConfig(&RCC_OscInitStruct) != HAL_OK)
ARM GAS  C:\Users\93980\AppData\Local\Temp\ccrpVVlU.s 			page 25


 711              		.loc 1 274 3 is_stmt 1 view .LVU169
 274:Core/Src/main.c ****   if (HAL_RCC_OscConfig(&RCC_OscInitStruct) != HAL_OK)
 712              		.loc 1 274 32 is_stmt 0 view .LVU170
 713 003a 4FF4E013 		mov	r3, #1835008
 714 003e 1393     		str	r3, [sp, #76]
 275:Core/Src/main.c ****   {
 715              		.loc 1 275 3 is_stmt 1 view .LVU171
 275:Core/Src/main.c ****   {
 716              		.loc 1 275 7 is_stmt 0 view .LVU172
 717 0040 2046     		mov	r0, r4
 718 0042 FFF7FEFF 		bl	HAL_RCC_OscConfig
 719              	.LVL41:
 275:Core/Src/main.c ****   {
 720              		.loc 1 275 6 discriminator 1 view .LVU173
 721 0046 C0B9     		cbnz	r0, .L64
 282:Core/Src/main.c ****   RCC_ClkInitStruct.SYSCLKSource = RCC_SYSCLKSOURCE_PLLCLK;
 722              		.loc 1 282 3 is_stmt 1 view .LVU174
 282:Core/Src/main.c ****   RCC_ClkInitStruct.SYSCLKSource = RCC_SYSCLKSOURCE_PLLCLK;
 723              		.loc 1 282 31 is_stmt 0 view .LVU175
 724 0048 0F23     		movs	r3, #15
 725 004a 0593     		str	r3, [sp, #20]
 283:Core/Src/main.c ****   RCC_ClkInitStruct.AHBCLKDivider = RCC_SYSCLK_DIV1;
 726              		.loc 1 283 3 is_stmt 1 view .LVU176
 283:Core/Src/main.c ****   RCC_ClkInitStruct.AHBCLKDivider = RCC_SYSCLK_DIV1;
 727              		.loc 1 283 34 is_stmt 0 view .LVU177
 728 004c 0221     		movs	r1, #2
 729 004e 0691     		str	r1, [sp, #24]
 284:Core/Src/main.c ****   RCC_ClkInitStruct.APB1CLKDivider = RCC_HCLK_DIV2;
 730              		.loc 1 284 3 is_stmt 1 view .LVU178
 284:Core/Src/main.c ****   RCC_ClkInitStruct.APB1CLKDivider = RCC_HCLK_DIV2;
 731              		.loc 1 284 35 is_stmt 0 view .LVU179
 732 0050 0023     		movs	r3, #0
 733 0052 0793     		str	r3, [sp, #28]
 285:Core/Src/main.c ****   RCC_ClkInitStruct.APB2CLKDivider = RCC_HCLK_DIV1;
 734              		.loc 1 285 3 is_stmt 1 view .LVU180
 285:Core/Src/main.c ****   RCC_ClkInitStruct.APB2CLKDivider = RCC_HCLK_DIV1;
 735              		.loc 1 285 36 is_stmt 0 view .LVU181
 736 0054 4FF48062 		mov	r2, #1024
 737 0058 0892     		str	r2, [sp, #32]
 286:Core/Src/main.c **** 
 738              		.loc 1 286 3 is_stmt 1 view .LVU182
 286:Core/Src/main.c **** 
 739              		.loc 1 286 36 is_stmt 0 view .LVU183
 740 005a 0993     		str	r3, [sp, #36]
 288:Core/Src/main.c ****   {
 741              		.loc 1 288 3 is_stmt 1 view .LVU184
 288:Core/Src/main.c ****   {
 742              		.loc 1 288 7 is_stmt 0 view .LVU185
 743 005c 05A8     		add	r0, sp, #20
 744 005e FFF7FEFF 		bl	HAL_RCC_ClockConfig
 745              	.LVL42:
 288:Core/Src/main.c ****   {
 746              		.loc 1 288 6 discriminator 1 view .LVU186
 747 0062 60B9     		cbnz	r0, .L65
 292:Core/Src/main.c ****   PeriphClkInit.RTCClockSelection = RCC_RTCCLKSOURCE_LSE;
 748              		.loc 1 292 3 is_stmt 1 view .LVU187
 292:Core/Src/main.c ****   PeriphClkInit.RTCClockSelection = RCC_RTCCLKSOURCE_LSE;
ARM GAS  C:\Users\93980\AppData\Local\Temp\ccrpVVlU.s 			page 26


 749              		.loc 1 292 38 is_stmt 0 view .LVU188
 750 0064 0123     		movs	r3, #1
 751 0066 0193     		str	r3, [sp, #4]
 293:Core/Src/main.c ****   if (HAL_RCCEx_PeriphCLKConfig(&PeriphClkInit) != HAL_OK)
 752              		.loc 1 293 3 is_stmt 1 view .LVU189
 293:Core/Src/main.c ****   if (HAL_RCCEx_PeriphCLKConfig(&PeriphClkInit) != HAL_OK)
 753              		.loc 1 293 35 is_stmt 0 view .LVU190
 754 0068 4FF48073 		mov	r3, #256
 755 006c 0293     		str	r3, [sp, #8]
 294:Core/Src/main.c ****   {
 756              		.loc 1 294 3 is_stmt 1 view .LVU191
 294:Core/Src/main.c ****   {
 757              		.loc 1 294 7 is_stmt 0 view .LVU192
 758 006e 01A8     		add	r0, sp, #4
 759 0070 FFF7FEFF 		bl	HAL_RCCEx_PeriphCLKConfig
 760              	.LVL43:
 294:Core/Src/main.c ****   {
 761              		.loc 1 294 6 discriminator 1 view .LVU193
 762 0074 28B9     		cbnz	r0, .L66
 298:Core/Src/main.c **** 
 763              		.loc 1 298 1 view .LVU194
 764 0076 14B0     		add	sp, sp, #80
 765              	.LCFI6:
 766              		.cfi_remember_state
 767              		.cfi_def_cfa_offset 8
 768              		@ sp needed
 769 0078 10BD     		pop	{r4, pc}
 770              	.L64:
 771              	.LCFI7:
 772              		.cfi_restore_state
 277:Core/Src/main.c ****   }
 773              		.loc 1 277 5 is_stmt 1 view .LVU195
 774 007a FFF7FEFF 		bl	Error_Handler
 775              	.LVL44:
 776              	.L65:
 290:Core/Src/main.c ****   }
 777              		.loc 1 290 5 view .LVU196
 778 007e FFF7FEFF 		bl	Error_Handler
 779              	.LVL45:
 780              	.L66:
 296:Core/Src/main.c ****   }
 781              		.loc 1 296 5 view .LVU197
 782 0082 FFF7FEFF 		bl	Error_Handler
 783              	.LVL46:
 784              		.cfi_endproc
 785              	.LFE69:
 787              		.section	.text.main,"ax",%progbits
 788              		.align	1
 789              		.global	main
 790              		.syntax unified
 791              		.thumb
 792              		.thumb_func
 794              	main:
 795              	.LFB68:
 177:Core/Src/main.c **** 
 796              		.loc 1 177 1 view -0
 797              		.cfi_startproc
ARM GAS  C:\Users\93980\AppData\Local\Temp\ccrpVVlU.s 			page 27


 798              		@ Volatile: function does not return.
 799              		@ args = 0, pretend = 0, frame = 0
 800              		@ frame_needed = 0, uses_anonymous_args = 0
 801 0000 08B5     		push	{r3, lr}
 802              	.LCFI8:
 803              		.cfi_def_cfa_offset 8
 804              		.cfi_offset 3, -8
 805              		.cfi_offset 14, -4
 186:Core/Src/main.c **** 
 806              		.loc 1 186 3 view .LVU199
 807 0002 FFF7FEFF 		bl	HAL_Init
 808              	.LVL47:
 193:Core/Src/main.c **** 
 809              		.loc 1 193 3 view .LVU200
 810 0006 FFF7FEFF 		bl	SystemClock_Config
 811              	.LVL48:
 200:Core/Src/main.c ****   MX_RTC_Init();
 812              		.loc 1 200 3 view .LVU201
 813 000a FFF7FEFF 		bl	MX_GPIO_Init
 814              	.LVL49:
 201:Core/Src/main.c ****   MX_TIM4_Init();
 815              		.loc 1 201 3 view .LVU202
 816 000e FFF7FEFF 		bl	MX_RTC_Init
 817              	.LVL50:
 202:Core/Src/main.c ****   /* USER CODE BEGIN 2 */
 818              		.loc 1 202 3 view .LVU203
 819 0012 FFF7FEFF 		bl	MX_TIM4_Init
 820              	.LVL51:
 821 0016 01E0     		b	.L69
 822              	.L76:
 219:Core/Src/main.c ****       break;
 823              		.loc 1 219 7 view .LVU204
 824 0018 FFF7FEFF 		bl	run_mode_select
 825              	.LVL52:
 220:Core/Src/main.c ****     case MODE_STATE_TIMER:
 826              		.loc 1 220 7 view .LVU205
 827              	.L69:
 209:Core/Src/main.c ****   {
 828              		.loc 1 209 3 view .LVU206
 216:Core/Src/main.c ****     {
 829              		.loc 1 216 5 view .LVU207
 830 001c 114B     		ldr	r3, .L80
 831 001e 1B78     		ldrb	r3, [r3]	@ zero_extendqisi2
 832 0020 052B     		cmp	r3, #5
 833 0022 FBD8     		bhi	.L69
 834 0024 01A2     		adr	r2, .L71
 835 0026 52F823F0 		ldr	pc, [r2, r3, lsl #2]
 836 002a 00BF     		.p2align 2
 837              	.L71:
 838 002c 19000000 		.word	.L76+1
 839 0030 45000000 		.word	.L75+1
 840 0034 4B000000 		.word	.L74+1
 841 0038 51000000 		.word	.L73+1
 842 003c 57000000 		.word	.L72+1
 843 0040 5D000000 		.word	.L70+1
 844              		.p2align 1
 845              	.L75:
ARM GAS  C:\Users\93980\AppData\Local\Temp\ccrpVVlU.s 			page 28


 222:Core/Src/main.c ****       break;
 846              		.loc 1 222 7 view .LVU208
 847 0044 FFF7FEFF 		bl	run_time_keep
 848              	.LVL53:
 223:Core/Src/main.c ****     case MODE_STATE_CLOCK:
 849              		.loc 1 223 7 view .LVU209
 850 0048 E8E7     		b	.L69
 851              	.L74:
 225:Core/Src/main.c ****       break;
 852              		.loc 1 225 7 view .LVU210
 853 004a FFF7FEFF 		bl	run_clock_keep
 854              	.LVL54:
 226:Core/Src/main.c ****     case MODE_STATE_COUNTDOWN:
 855              		.loc 1 226 7 view .LVU211
 856 004e E5E7     		b	.L69
 857              	.L73:
 228:Core/Src/main.c ****       break;
 858              		.loc 1 228 7 view .LVU212
 859 0050 FFF7FEFF 		bl	run_countdown
 860              	.LVL55:
 229:Core/Src/main.c ****     case MODE_STATE_DICE:
 861              		.loc 1 229 7 view .LVU213
 862 0054 E2E7     		b	.L69
 863              	.L72:
 231:Core/Src/main.c ****       break;
 864              		.loc 1 231 7 view .LVU214
 865 0056 FFF7FEFF 		bl	run_dice
 866              	.LVL56:
 232:Core/Src/main.c ****     case MODE_STATE_STANDBY:
 867              		.loc 1 232 7 view .LVU215
 868 005a DFE7     		b	.L69
 869              	.L70:
 235:Core/Src/main.c ****       break;
 870              		.loc 1 235 7 view .LVU216
 871 005c FFF7FEFF 		bl	run_revolve
 872              	.LVL57:
 236:Core/Src/main.c ****     default:
 873              		.loc 1 236 7 view .LVU217
 874 0060 DCE7     		b	.L69
 875              	.L81:
 876 0062 00BF     		.align	2
 877              	.L80:
 878 0064 00000000 		.word	modeState
 879              		.cfi_endproc
 880              	.LFE68:
 882              		.global	buttonLastTime
 883              		.section	.bss.buttonLastTime,"aw",%nobits
 884              		.align	2
 887              	buttonLastTime:
 888 0000 00000000 		.space	4
 889              		.global	firstClickTime
 890              		.section	.bss.firstClickTime,"aw",%nobits
 891              		.align	2
 894              	firstClickTime:
 895 0000 00000000 		.space	4
 896              		.global	clickCount
 897              		.section	.bss.clickCount,"aw",%nobits
ARM GAS  C:\Users\93980\AppData\Local\Temp\ccrpVVlU.s 			page 29


 900              	clickCount:
 901 0000 00       		.space	1
 902              		.global	long_press_triggered
 903              		.section	.bss.long_press_triggered,"aw",%nobits
 906              	long_press_triggered:
 907 0000 00       		.space	1
 908              		.global	button_pressed
 909              		.section	.bss.button_pressed,"aw",%nobits
 912              	button_pressed:
 913 0000 00       		.space	1
 914              		.global	button_press_start_time
 915              		.section	.bss.button_press_start_time,"aw",%nobits
 916              		.align	2
 919              	button_press_start_time:
 920 0000 00000000 		.space	4
 921              		.global	inactivityCounter
 922              		.section	.bss.inactivityCounter,"aw",%nobits
 923              		.align	1
 926              	inactivityCounter:
 927 0000 0000     		.space	2
 928              		.global	isInStandby
 929              		.section	.bss.isInStandby,"aw",%nobits
 932              	isInStandby:
 933 0000 00       		.space	1
 934              		.global	modeNumber
 935              		.section	.data.modeNumber,"aw"
 938              	modeNumber:
 939 0000 01       		.byte	1
 940              		.global	lastModeState
 941              		.section	.bss.lastModeState,"aw",%nobits
 944              	lastModeState:
 945 0000 00       		.space	1
 946              		.global	modeState
 947              		.section	.bss.modeState,"aw",%nobits
 950              	modeState:
 951 0000 00       		.space	1
 952              		.global	DIGIT_ARR
 953              		.section	.data.DIGIT_ARR,"aw"
 954              		.align	2
 957              	DIGIT_ARR:
 958 0000 0080     		.short	-32768
 959 0002 0004     		.short	1024
 960 0004 0002     		.short	512
 961 0006 4000     		.short	64
 962              		.global	LED_ARR
 963              		.section	.data.LED_ARR,"aw"
 964              		.align	2
 967              	LED_ARR:
 968 0000 0010     		.short	4096
 969 0002 0001     		.short	256
 970 0004 1000     		.short	16
 971 0006 0400     		.short	4
 972 0008 0200     		.short	2
 973 000a 0008     		.short	2048
 974 000c 2000     		.short	32
 975              		.global	currentIndex
 976              		.section	.bss.currentIndex,"aw",%nobits
ARM GAS  C:\Users\93980\AppData\Local\Temp\ccrpVVlU.s 			page 30


 979              	currentIndex:
 980 0000 00       		.space	1
 981              		.global	displayBuffer
 982              		.section	.data.displayBuffer,"aw"
 983              		.align	2
 986              	displayBuffer:
 987 0000 41424344 		.ascii	"ABCDEFGHIJKLMNOPQRSTUVWXYZ  \000"
 987      45464748 
 987      494A4B4C 
 987      4D4E4F50 
 987      51525354 
 988 001d 00       		.space	1
 989              		.global	DIGIT_COUNT
 990              		.section	.rodata.DIGIT_COUNT,"a"
 993              	DIGIT_COUNT:
 994 0000 04       		.byte	4
 995              		.global	charMap
 996              		.section	.rodata.charMap,"a"
 997              		.align	2
 1000              	charMap:
 1001 0000 777C395E 		.ascii	"w|9^yq=v0\036u87T\\sgPmx>\034*If["
 1001      79713D76 
 1001      301E7538 
 1001      37545C73 
 1001      67506D78 
 1002              		.global	segment_code
 1003              		.section	.rodata.segment_code,"a"
 1004              		.align	2
 1007              	segment_code:
 1008 0000 3F065B4F 		.ascii	"?\006[Ofm}\007\177o\000"
 1008      666D7D07 
 1008      7F6F00
 1009              		.text
 1010              	.Letext0:
 1011              		.file 3 "D:/arm-none-eabi-gcc/arm-none-eabi/include/machine/_default_types.h"
 1012              		.file 4 "D:/arm-none-eabi-gcc/arm-none-eabi/include/sys/_stdint.h"
 1013              		.file 5 "Drivers/CMSIS/Device/ST/STM32F1xx/Include/stm32f103xb.h"
 1014              		.file 6 "Drivers/STM32F1xx_HAL_Driver/Inc/stm32f1xx_hal_def.h"
 1015              		.file 7 "Drivers/STM32F1xx_HAL_Driver/Inc/stm32f1xx_hal_rcc.h"
 1016              		.file 8 "Drivers/STM32F1xx_HAL_Driver/Inc/stm32f1xx_hal_rcc_ex.h"
 1017              		.file 9 "Drivers/STM32F1xx_HAL_Driver/Inc/stm32f1xx_hal_gpio.h"
 1018              		.file 10 "Drivers/STM32F1xx_HAL_Driver/Inc/stm32f1xx_hal_dma.h"
 1019              		.file 11 "Drivers/STM32F1xx_HAL_Driver/Inc/stm32f1xx_hal_tim.h"
 1020              		.file 12 "Core/Inc/main.h"
 1021              		.file 13 "Core/Inc/tim.h"
 1022              		.file 14 "Core/Inc/countdown.h"
 1023              		.file 15 "Core/Inc/mode_select.h"
 1024              		.file 16 "Core/Inc/dice.h"
 1025              		.file 17 "Core/Inc/clock_keep.h"
 1026              		.file 18 "Core/Inc/time_keep.h"
 1027              		.file 19 "Core/Inc/revolve.h"
 1028              		.file 20 "Core/Inc/rtc.h"
 1029              		.file 21 "Core/Inc/gpio.h"
 1030              		.file 22 "Drivers/STM32F1xx_HAL_Driver/Inc/stm32f1xx_hal.h"
 1031              		.file 23 "<built-in>"
ARM GAS  C:\Users\93980\AppData\Local\Temp\ccrpVVlU.s 			page 31


DEFINED SYMBOLS
                            *ABS*:00000000 main.c
C:\Users\93980\AppData\Local\Temp\ccrpVVlU.s:19     .text.getSegmentCode:00000000 $t
C:\Users\93980\AppData\Local\Temp\ccrpVVlU.s:25     .text.getSegmentCode:00000000 getSegmentCode
C:\Users\93980\AppData\Local\Temp\ccrpVVlU.s:58     .text.getSegmentCode:00000018 $d
C:\Users\93980\AppData\Local\Temp\ccrpVVlU.s:1000   .rodata.charMap:00000000 charMap
C:\Users\93980\AppData\Local\Temp\ccrpVVlU.s:63     .text.updateDisplay:00000000 $t
C:\Users\93980\AppData\Local\Temp\ccrpVVlU.s:69     .text.updateDisplay:00000000 updateDisplay
C:\Users\93980\AppData\Local\Temp\ccrpVVlU.s:177    .text.updateDisplay:00000064 $d
C:\Users\93980\AppData\Local\Temp\ccrpVVlU.s:967    .data.LED_ARR:00000000 LED_ARR
C:\Users\93980\AppData\Local\Temp\ccrpVVlU.s:979    .bss.currentIndex:00000000 currentIndex
C:\Users\93980\AppData\Local\Temp\ccrpVVlU.s:986    .data.displayBuffer:00000000 displayBuffer
C:\Users\93980\AppData\Local\Temp\ccrpVVlU.s:957    .data.DIGIT_ARR:00000000 DIGIT_ARR
C:\Users\93980\AppData\Local\Temp\ccrpVVlU.s:186    .text.scrollText:00000000 $t
C:\Users\93980\AppData\Local\Temp\ccrpVVlU.s:192    .text.scrollText:00000000 scrollText
C:\Users\93980\AppData\Local\Temp\ccrpVVlU.s:221    .text.scrollText:00000018 $d
C:\Users\93980\AppData\Local\Temp\ccrpVVlU.s:226    .text.process_short_press:00000000 $t
C:\Users\93980\AppData\Local\Temp\ccrpVVlU.s:232    .text.process_short_press:00000000 process_short_press
C:\Users\93980\AppData\Local\Temp\ccrpVVlU.s:253    .text.process_short_press:00000010 $d
C:\Users\93980\AppData\Local\Temp\ccrpVVlU.s:314    .text.process_short_press:00000048 $d
C:\Users\93980\AppData\Local\Temp\ccrpVVlU.s:950    .bss.modeState:00000000 modeState
C:\Users\93980\AppData\Local\Temp\ccrpVVlU.s:932    .bss.isInStandby:00000000 isInStandby
C:\Users\93980\AppData\Local\Temp\ccrpVVlU.s:944    .bss.lastModeState:00000000 lastModeState
C:\Users\93980\AppData\Local\Temp\ccrpVVlU.s:321    .text.setting_others:00000000 $t
C:\Users\93980\AppData\Local\Temp\ccrpVVlU.s:327    .text.setting_others:00000000 setting_others
C:\Users\93980\AppData\Local\Temp\ccrpVVlU.s:422    .text.setting_others:00000058 $d
C:\Users\93980\AppData\Local\Temp\ccrpVVlU.s:900    .bss.clickCount:00000000 clickCount
C:\Users\93980\AppData\Local\Temp\ccrpVVlU.s:894    .bss.firstClickTime:00000000 firstClickTime
C:\Users\93980\AppData\Local\Temp\ccrpVVlU.s:430    .text.HAL_GPIO_EXTI_Callback:00000000 $t
C:\Users\93980\AppData\Local\Temp\ccrpVVlU.s:436    .text.HAL_GPIO_EXTI_Callback:00000000 HAL_GPIO_EXTI_Callback
C:\Users\93980\AppData\Local\Temp\ccrpVVlU.s:498    .text.HAL_GPIO_EXTI_Callback:00000034 $d
C:\Users\93980\AppData\Local\Temp\ccrpVVlU.s:887    .bss.buttonLastTime:00000000 buttonLastTime
C:\Users\93980\AppData\Local\Temp\ccrpVVlU.s:926    .bss.inactivityCounter:00000000 inactivityCounter
C:\Users\93980\AppData\Local\Temp\ccrpVVlU.s:505    .text.HAL_TIM_PeriodElapsedCallback:00000000 $t
C:\Users\93980\AppData\Local\Temp\ccrpVVlU.s:511    .text.HAL_TIM_PeriodElapsedCallback:00000000 HAL_TIM_PeriodElapsedCallback
C:\Users\93980\AppData\Local\Temp\ccrpVVlU.s:598    .text.HAL_TIM_PeriodElapsedCallback:00000058 $d
C:\Users\93980\AppData\Local\Temp\ccrpVVlU.s:608    .text.Error_Handler:00000000 $t
C:\Users\93980\AppData\Local\Temp\ccrpVVlU.s:614    .text.Error_Handler:00000000 Error_Handler
C:\Users\93980\AppData\Local\Temp\ccrpVVlU.s:646    .text.SystemClock_Config:00000000 $t
C:\Users\93980\AppData\Local\Temp\ccrpVVlU.s:652    .text.SystemClock_Config:00000000 SystemClock_Config
C:\Users\93980\AppData\Local\Temp\ccrpVVlU.s:788    .text.main:00000000 $t
C:\Users\93980\AppData\Local\Temp\ccrpVVlU.s:794    .text.main:00000000 main
C:\Users\93980\AppData\Local\Temp\ccrpVVlU.s:838    .text.main:0000002c $d
C:\Users\93980\AppData\Local\Temp\ccrpVVlU.s:844    .text.main:00000044 $t
C:\Users\93980\AppData\Local\Temp\ccrpVVlU.s:878    .text.main:00000064 $d
C:\Users\93980\AppData\Local\Temp\ccrpVVlU.s:884    .bss.buttonLastTime:00000000 $d
C:\Users\93980\AppData\Local\Temp\ccrpVVlU.s:891    .bss.firstClickTime:00000000 $d
C:\Users\93980\AppData\Local\Temp\ccrpVVlU.s:901    .bss.clickCount:00000000 $d
C:\Users\93980\AppData\Local\Temp\ccrpVVlU.s:906    .bss.long_press_triggered:00000000 long_press_triggered
C:\Users\93980\AppData\Local\Temp\ccrpVVlU.s:907    .bss.long_press_triggered:00000000 $d
C:\Users\93980\AppData\Local\Temp\ccrpVVlU.s:912    .bss.button_pressed:00000000 button_pressed
C:\Users\93980\AppData\Local\Temp\ccrpVVlU.s:913    .bss.button_pressed:00000000 $d
C:\Users\93980\AppData\Local\Temp\ccrpVVlU.s:919    .bss.button_press_start_time:00000000 button_press_start_time
C:\Users\93980\AppData\Local\Temp\ccrpVVlU.s:916    .bss.button_press_start_time:00000000 $d
C:\Users\93980\AppData\Local\Temp\ccrpVVlU.s:923    .bss.inactivityCounter:00000000 $d
C:\Users\93980\AppData\Local\Temp\ccrpVVlU.s:933    .bss.isInStandby:00000000 $d
C:\Users\93980\AppData\Local\Temp\ccrpVVlU.s:938    .data.modeNumber:00000000 modeNumber
ARM GAS  C:\Users\93980\AppData\Local\Temp\ccrpVVlU.s 			page 32


C:\Users\93980\AppData\Local\Temp\ccrpVVlU.s:945    .bss.lastModeState:00000000 $d
C:\Users\93980\AppData\Local\Temp\ccrpVVlU.s:951    .bss.modeState:00000000 $d
C:\Users\93980\AppData\Local\Temp\ccrpVVlU.s:954    .data.DIGIT_ARR:00000000 $d
C:\Users\93980\AppData\Local\Temp\ccrpVVlU.s:964    .data.LED_ARR:00000000 $d
C:\Users\93980\AppData\Local\Temp\ccrpVVlU.s:980    .bss.currentIndex:00000000 $d
C:\Users\93980\AppData\Local\Temp\ccrpVVlU.s:983    .data.displayBuffer:00000000 $d
C:\Users\93980\AppData\Local\Temp\ccrpVVlU.s:993    .rodata.DIGIT_COUNT:00000000 DIGIT_COUNT
C:\Users\93980\AppData\Local\Temp\ccrpVVlU.s:997    .rodata.charMap:00000000 $d
C:\Users\93980\AppData\Local\Temp\ccrpVVlU.s:1007   .rodata.segment_code:00000000 segment_code
C:\Users\93980\AppData\Local\Temp\ccrpVVlU.s:1004   .rodata.segment_code:00000000 $d
C:\Users\93980\AppData\Local\Temp\ccrpVVlU.s:258    .text.process_short_press:00000015 $d
C:\Users\93980\AppData\Local\Temp\ccrpVVlU.s:258    .text.process_short_press:00000016 $t

UNDEFINED SYMBOLS
HAL_GPIO_WritePin
HAL_Delay
setting_time_keep
setting_clock_keep
setting_countdown
setting_dice
HAL_GetTick
setting_mode_select
htim4
countdownState
memset
HAL_RCC_OscConfig
HAL_RCC_ClockConfig
HAL_RCCEx_PeriphCLKConfig
HAL_Init
MX_GPIO_Init
MX_RTC_Init
MX_TIM4_Init
run_mode_select
run_time_keep
run_clock_keep
run_countdown
run_dice
run_revolve
