ARM GAS  C:\Users\93980\AppData\Local\Temp\ccHeIqMb.s 			page 1


   1              		.cpu cortex-m3
   2              		.arch armv7-m
   3              		.fpu softvfp
   4              		.eabi_attribute 20, 1
   5              		.eabi_attribute 21, 1
   6              		.eabi_attribute 23, 3
   7              		.eabi_attribute 24, 1
   8              		.eabi_attribute 25, 1
   9              		.eabi_attribute 26, 1
  10              		.eabi_attribute 30, 1
  11              		.eabi_attribute 34, 1
  12              		.eabi_attribute 18, 4
  13              		.file	"mode_select.c"
  14              		.text
  15              	.Ltext0:
  16              		.cfi_sections	.debug_frame
  17              		.file 1 "Core/Src/mode_select.c"
  18              		.section	.text.display_mode_select,"ax",%progbits
  19              		.align	1
  20              		.global	display_mode_select
  21              		.syntax unified
  22              		.thumb
  23              		.thumb_func
  25              	display_mode_select:
  26              	.LVL0:
  27              	.LFB65:
   1:Core/Src/mode_select.c **** #include "mode_select.h"
   2:Core/Src/mode_select.c **** #include "main.h"
   3:Core/Src/mode_select.c **** 
   4:Core/Src/mode_select.c **** volatile uint32_t ms_lastPB0Time = 0; // PB0ÊåâÈíÆÊ∂àÊäñ
   5:Core/Src/mode_select.c **** volatile uint32_t ms_lastPA7Time = 0; // PA7ÊåâÈíÆÊ∂àÊäñ
   6:Core/Src/mode_select.c **** 
   7:Core/Src/mode_select.c **** void display_mode_select(uint8_t d[4])
   8:Core/Src/mode_select.c **** {
  28              		.loc 1 8 1 view -0
  29              		.cfi_startproc
  30              		@ args = 0, pretend = 0, frame = 0
  31              		@ frame_needed = 0, uses_anonymous_args = 0
  32              		.loc 1 8 1 is_stmt 0 view .LVU1
  33 0000 F8B5     		push	{r3, r4, r5, r6, r7, lr}
  34              	.LCFI0:
  35              		.cfi_def_cfa_offset 24
  36              		.cfi_offset 3, -24
  37              		.cfi_offset 4, -20
  38              		.cfi_offset 5, -16
  39              		.cfi_offset 6, -12
  40              		.cfi_offset 7, -8
  41              		.cfi_offset 14, -4
  42 0002 0746     		mov	r7, r0
   9:Core/Src/mode_select.c ****     // Â∞Ü d ÂàÜÂà´ÊòæÁ§∫Âà∞ 4 ‰ΩçÂÖ±Èò¥Êï∞Á†ÅÁÆ°‰∏ä
  10:Core/Src/mode_select.c ****     for (uint8_t i = 0; i < DIGIT_COUNT; i++)
  43              		.loc 1 10 5 is_stmt 1 view .LVU2
  44              	.LBB2:
  45              		.loc 1 10 10 view .LVU3
  46              	.LVL1:
  47              		.loc 1 10 18 is_stmt 0 view .LVU4
  48 0004 0026     		movs	r6, #0
ARM GAS  C:\Users\93980\AppData\Local\Temp\ccHeIqMb.s 			page 2


  49              		.loc 1 10 5 view .LVU5
  50 0006 12E0     		b	.L2
  51              	.LVL2:
  52              	.L4:
  53              	.LBB3:
  54              	.LBB4:
  11:Core/Src/mode_select.c ****     {
  12:Core/Src/mode_select.c ****         HAL_GPIO_WritePin(GPIOA, DIGIT_1_Pin | DIGIT_2_Pin | DIGIT_3_Pin | DIGIT_4_Pin, GPIO_PIN_SE
  13:Core/Src/mode_select.c **** 
  14:Core/Src/mode_select.c ****         HAL_GPIO_WritePin(GPIOA, DIGIT_ARR[i], GPIO_PIN_RESET);
  15:Core/Src/mode_select.c **** 
  16:Core/Src/mode_select.c ****         uint8_t code = segment_code[d[i]];
  17:Core/Src/mode_select.c ****         for (uint8_t j = 0; j < 7; j++)
  18:Core/Src/mode_select.c ****         {
  19:Core/Src/mode_select.c ****             HAL_GPIO_WritePin(GPIOA, LED_ARR[j], ((code >> j) & 0x01) ? GPIO_PIN_SET : GPIO_PIN_RES
  55              		.loc 1 19 13 is_stmt 1 view .LVU6
  56              		.loc 1 19 57 is_stmt 0 view .LVU7
  57 0008 45FA04F2 		asr	r2, r5, r4
  58              		.loc 1 19 13 view .LVU8
  59 000c 02F00102 		and	r2, r2, #1
  60 0010 134B     		ldr	r3, .L8
  61 0012 33F81410 		ldrh	r1, [r3, r4, lsl #1]
  62 0016 1348     		ldr	r0, .L8+4
  63 0018 FFF7FEFF 		bl	HAL_GPIO_WritePin
  64              	.LVL3:
  17:Core/Src/mode_select.c ****         {
  65              		.loc 1 17 37 is_stmt 1 discriminator 3 view .LVU9
  66 001c 0134     		adds	r4, r4, #1
  67              	.LVL4:
  17:Core/Src/mode_select.c ****         {
  68              		.loc 1 17 37 is_stmt 0 discriminator 3 view .LVU10
  69 001e E4B2     		uxtb	r4, r4
  70              	.LVL5:
  71              	.L3:
  17:Core/Src/mode_select.c ****         {
  72              		.loc 1 17 31 is_stmt 1 discriminator 1 view .LVU11
  73 0020 062C     		cmp	r4, #6
  74 0022 F1D9     		bls	.L4
  75              	.LBE4:
  20:Core/Src/mode_select.c ****         }
  21:Core/Src/mode_select.c **** 
  22:Core/Src/mode_select.c ****         HAL_Delay(2);
  76              		.loc 1 22 9 view .LVU12
  77 0024 0220     		movs	r0, #2
  78 0026 FFF7FEFF 		bl	HAL_Delay
  79              	.LVL6:
  80              	.LBE3:
  10:Core/Src/mode_select.c ****     {
  81              		.loc 1 10 43 discriminator 2 view .LVU13
  82 002a 0136     		adds	r6, r6, #1
  83              	.LVL7:
  10:Core/Src/mode_select.c ****     {
  84              		.loc 1 10 43 is_stmt 0 discriminator 2 view .LVU14
  85 002c F6B2     		uxtb	r6, r6
  86              	.LVL8:
  87              	.L2:
  10:Core/Src/mode_select.c ****     {
ARM GAS  C:\Users\93980\AppData\Local\Temp\ccHeIqMb.s 			page 3


  88              		.loc 1 10 27 is_stmt 1 discriminator 1 view .LVU15
  89 002e 0E4B     		ldr	r3, .L8+8
  90 0030 1B78     		ldrb	r3, [r3]	@ zero_extendqisi2
  91 0032 B342     		cmp	r3, r6
  92 0034 12D9     		bls	.L7
  93              	.LBB6:
  12:Core/Src/mode_select.c **** 
  94              		.loc 1 12 9 view .LVU16
  95 0036 0B4C     		ldr	r4, .L8+4
  96 0038 0122     		movs	r2, #1
  97 003a 48F24061 		movw	r1, #34368
  98 003e 2046     		mov	r0, r4
  99 0040 FFF7FEFF 		bl	HAL_GPIO_WritePin
 100              	.LVL9:
  14:Core/Src/mode_select.c **** 
 101              		.loc 1 14 9 view .LVU17
 102 0044 0022     		movs	r2, #0
 103 0046 094B     		ldr	r3, .L8+12
 104 0048 33F81610 		ldrh	r1, [r3, r6, lsl #1]
 105 004c 2046     		mov	r0, r4
 106 004e FFF7FEFF 		bl	HAL_GPIO_WritePin
 107              	.LVL10:
  16:Core/Src/mode_select.c ****         for (uint8_t j = 0; j < 7; j++)
 108              		.loc 1 16 9 view .LVU18
  16:Core/Src/mode_select.c ****         for (uint8_t j = 0; j < 7; j++)
 109              		.loc 1 16 38 is_stmt 0 view .LVU19
 110 0052 BB5D     		ldrb	r3, [r7, r6]	@ zero_extendqisi2
  16:Core/Src/mode_select.c ****         for (uint8_t j = 0; j < 7; j++)
 111              		.loc 1 16 17 view .LVU20
 112 0054 064A     		ldr	r2, .L8+16
 113 0056 D55C     		ldrb	r5, [r2, r3]	@ zero_extendqisi2
 114              	.LVL11:
  17:Core/Src/mode_select.c ****         {
 115              		.loc 1 17 9 is_stmt 1 view .LVU21
 116              	.LBB5:
  17:Core/Src/mode_select.c ****         {
 117              		.loc 1 17 14 view .LVU22
  17:Core/Src/mode_select.c ****         {
 118              		.loc 1 17 22 is_stmt 0 view .LVU23
 119 0058 0024     		movs	r4, #0
  17:Core/Src/mode_select.c ****         {
 120              		.loc 1 17 9 view .LVU24
 121 005a E1E7     		b	.L3
 122              	.LVL12:
 123              	.L7:
  17:Core/Src/mode_select.c ****         {
 124              		.loc 1 17 9 view .LVU25
 125              	.LBE5:
 126              	.LBE6:
 127              	.LBE2:
  23:Core/Src/mode_select.c ****     }
  24:Core/Src/mode_select.c **** }
 128              		.loc 1 24 1 view .LVU26
 129 005c F8BD     		pop	{r3, r4, r5, r6, r7, pc}
 130              	.LVL13:
 131              	.L9:
 132              		.loc 1 24 1 view .LVU27
ARM GAS  C:\Users\93980\AppData\Local\Temp\ccHeIqMb.s 			page 4


 133 005e 00BF     		.align	2
 134              	.L8:
 135 0060 00000000 		.word	LED_ARR
 136 0064 00080140 		.word	1073809408
 137 0068 00000000 		.word	DIGIT_COUNT
 138 006c 00000000 		.word	DIGIT_ARR
 139 0070 00000000 		.word	segment_code
 140              		.cfi_endproc
 141              	.LFE65:
 143              		.section	.text.setting_mode_select,"ax",%progbits
 144              		.align	1
 145              		.global	setting_mode_select
 146              		.syntax unified
 147              		.thumb
 148              		.thumb_func
 150              	setting_mode_select:
 151              	.LVL14:
 152              	.LFB66:
  25:Core/Src/mode_select.c **** 
  26:Core/Src/mode_select.c **** void setting_mode_select(uint16_t GPIO_Pin)
  27:Core/Src/mode_select.c **** {
 153              		.loc 1 27 1 is_stmt 1 view -0
 154              		.cfi_startproc
 155              		@ args = 0, pretend = 0, frame = 0
 156              		@ frame_needed = 0, uses_anonymous_args = 0
 157              		.loc 1 27 1 is_stmt 0 view .LVU29
 158 0000 08B5     		push	{r3, lr}
 159              	.LCFI1:
 160              		.cfi_def_cfa_offset 8
 161              		.cfi_offset 3, -8
 162              		.cfi_offset 14, -4
  28:Core/Src/mode_select.c ****     if (GPIO_Pin == BUTTON_INTERRUPT_1_Pin)
 163              		.loc 1 28 5 is_stmt 1 view .LVU30
 164              		.loc 1 28 8 is_stmt 0 view .LVU31
 165 0002 0128     		cmp	r0, #1
 166 0004 02D0     		beq	.L21
  29:Core/Src/mode_select.c ****     {
  30:Core/Src/mode_select.c ****         // ËØªÂèñÂΩìÂâçPB0ÁîµÂπ≥ÔºàÂÅáËÆæ‰ΩéÁîµÂπ≥‰ª£Ë°®Êåâ‰∏ãÔºå‰∏äÊãâÊñπÂºèÔºåÊâÄ‰ª•È´òÁîµÂπ≥‰ª£Ë
  31:Core/Src/mode_select.c ****         GPIO_PinState state = HAL_GPIO_ReadPin(GPIOB, BUTTON_INTERRUPT_1_Pin);
  32:Core/Src/mode_select.c **** 
  33:Core/Src/mode_select.c ****         if (state == GPIO_PIN_RESET) // ÊåâÈíÆÊåâ‰∏ãÔºà‰ΩéÁîµÂπ≥Ôºâ
  34:Core/Src/mode_select.c ****         {
  35:Core/Src/mode_select.c ****             // ËøõÂÖ•ÂØπÂ∫îÊ®°Âºè
  36:Core/Src/mode_select.c ****             switch (modeNumber)
  37:Core/Src/mode_select.c ****             {
  38:Core/Src/mode_select.c ****             case 1:
  39:Core/Src/mode_select.c ****                 modeState = MODE_STATE_TIMER;
  40:Core/Src/mode_select.c ****                 break;
  41:Core/Src/mode_select.c ****             case 2:
  42:Core/Src/mode_select.c ****                 modeState = MODE_STATE_CLOCK;
  43:Core/Src/mode_select.c ****                 break;
  44:Core/Src/mode_select.c ****             case 3:
  45:Core/Src/mode_select.c ****                 modeState = MODE_STATE_COUNTDOWN;
  46:Core/Src/mode_select.c ****                 break;
  47:Core/Src/mode_select.c ****             case 4:
  48:Core/Src/mode_select.c ****                 modeState = MODE_STATE_DICE;
  49:Core/Src/mode_select.c ****                 break;
ARM GAS  C:\Users\93980\AppData\Local\Temp\ccHeIqMb.s 			page 5


  50:Core/Src/mode_select.c ****             case 5:
  51:Core/Src/mode_select.c ****                 modeState = MODE_STATE_STANDBY;
  52:Core/Src/mode_select.c ****                 isInStandby = 1;
  53:Core/Src/mode_select.c ****                 break;
  54:Core/Src/mode_select.c ****             default:
  55:Core/Src/mode_select.c ****                 break;
  56:Core/Src/mode_select.c ****             }
  57:Core/Src/mode_select.c ****         }
  58:Core/Src/mode_select.c ****     }
  59:Core/Src/mode_select.c ****     else if (GPIO_Pin == BUTTON_INTERRUPT_2_Pin)
 167              		.loc 1 59 10 is_stmt 1 view .LVU32
 168              		.loc 1 59 13 is_stmt 0 view .LVU33
 169 0006 8028     		cmp	r0, #128
 170 0008 27D0     		beq	.L22
 171              	.LVL15:
 172              	.L10:
  60:Core/Src/mode_select.c ****     {
  61:Core/Src/mode_select.c ****         // ÊªöÂä®ÊòæÁ§∫‰∏ã‰∏Ä‰∏™Ê®°ÂºèÁºñÂè∑
  62:Core/Src/mode_select.c ****         modeNumber++;
  63:Core/Src/mode_select.c ****         if (modeNumber > 5)
  64:Core/Src/mode_select.c ****             modeNumber = 1;
  65:Core/Src/mode_select.c ****     }
  66:Core/Src/mode_select.c **** }
 173              		.loc 1 66 1 view .LVU34
 174 000a 08BD     		pop	{r3, pc}
 175              	.LVL16:
 176              	.L21:
 177              	.LBB7:
  31:Core/Src/mode_select.c **** 
 178              		.loc 1 31 9 is_stmt 1 view .LVU35
  31:Core/Src/mode_select.c **** 
 179              		.loc 1 31 31 is_stmt 0 view .LVU36
 180 000c 0121     		movs	r1, #1
 181 000e 1948     		ldr	r0, .L23
 182              	.LVL17:
  31:Core/Src/mode_select.c **** 
 183              		.loc 1 31 31 view .LVU37
 184 0010 FFF7FEFF 		bl	HAL_GPIO_ReadPin
 185              	.LVL18:
  33:Core/Src/mode_select.c ****         {
 186              		.loc 1 33 9 is_stmt 1 view .LVU38
  33:Core/Src/mode_select.c ****         {
 187              		.loc 1 33 12 is_stmt 0 view .LVU39
 188 0014 0028     		cmp	r0, #0
 189 0016 F8D1     		bne	.L10
  36:Core/Src/mode_select.c ****             {
 190              		.loc 1 36 13 is_stmt 1 view .LVU40
 191 0018 174B     		ldr	r3, .L23+4
 192 001a 1B78     		ldrb	r3, [r3]	@ zero_extendqisi2
 193 001c 013B     		subs	r3, r3, #1
 194 001e 042B     		cmp	r3, #4
 195 0020 F3D8     		bhi	.L10
 196 0022 DFE803F0 		tbb	[pc, r3]
 197              	.L14:
 198 0026 03       		.byte	(.L18-.L14)/2
 199 0027 07       		.byte	(.L17-.L14)/2
 200 0028 0B       		.byte	(.L16-.L14)/2
ARM GAS  C:\Users\93980\AppData\Local\Temp\ccHeIqMb.s 			page 6


 201 0029 0F       		.byte	(.L15-.L14)/2
 202 002a 13       		.byte	(.L13-.L14)/2
 203 002b 00       		.p2align 1
 204              	.L18:
  39:Core/Src/mode_select.c ****                 break;
 205              		.loc 1 39 17 view .LVU41
  39:Core/Src/mode_select.c ****                 break;
 206              		.loc 1 39 27 is_stmt 0 view .LVU42
 207 002c 134B     		ldr	r3, .L23+8
 208 002e 0122     		movs	r2, #1
 209 0030 1A70     		strb	r2, [r3]
  40:Core/Src/mode_select.c ****             case 2:
 210              		.loc 1 40 17 is_stmt 1 view .LVU43
 211 0032 EAE7     		b	.L10
 212              	.L17:
  42:Core/Src/mode_select.c ****                 break;
 213              		.loc 1 42 17 view .LVU44
  42:Core/Src/mode_select.c ****                 break;
 214              		.loc 1 42 27 is_stmt 0 view .LVU45
 215 0034 114B     		ldr	r3, .L23+8
 216 0036 0222     		movs	r2, #2
 217 0038 1A70     		strb	r2, [r3]
  43:Core/Src/mode_select.c ****             case 3:
 218              		.loc 1 43 17 is_stmt 1 view .LVU46
 219 003a E6E7     		b	.L10
 220              	.L16:
  45:Core/Src/mode_select.c ****                 break;
 221              		.loc 1 45 17 view .LVU47
  45:Core/Src/mode_select.c ****                 break;
 222              		.loc 1 45 27 is_stmt 0 view .LVU48
 223 003c 0F4B     		ldr	r3, .L23+8
 224 003e 0322     		movs	r2, #3
 225 0040 1A70     		strb	r2, [r3]
  46:Core/Src/mode_select.c ****             case 4:
 226              		.loc 1 46 17 is_stmt 1 view .LVU49
 227 0042 E2E7     		b	.L10
 228              	.L15:
  48:Core/Src/mode_select.c ****                 break;
 229              		.loc 1 48 17 view .LVU50
  48:Core/Src/mode_select.c ****                 break;
 230              		.loc 1 48 27 is_stmt 0 view .LVU51
 231 0044 0D4B     		ldr	r3, .L23+8
 232 0046 0422     		movs	r2, #4
 233 0048 1A70     		strb	r2, [r3]
  49:Core/Src/mode_select.c ****             case 5:
 234              		.loc 1 49 17 is_stmt 1 view .LVU52
 235 004a DEE7     		b	.L10
 236              	.L13:
  51:Core/Src/mode_select.c ****                 isInStandby = 1;
 237              		.loc 1 51 17 view .LVU53
  51:Core/Src/mode_select.c ****                 isInStandby = 1;
 238              		.loc 1 51 27 is_stmt 0 view .LVU54
 239 004c 0B4B     		ldr	r3, .L23+8
 240 004e 0522     		movs	r2, #5
 241 0050 1A70     		strb	r2, [r3]
  52:Core/Src/mode_select.c ****                 break;
 242              		.loc 1 52 17 is_stmt 1 view .LVU55
ARM GAS  C:\Users\93980\AppData\Local\Temp\ccHeIqMb.s 			page 7


  52:Core/Src/mode_select.c ****                 break;
 243              		.loc 1 52 29 is_stmt 0 view .LVU56
 244 0052 0B4B     		ldr	r3, .L23+12
 245 0054 0122     		movs	r2, #1
 246 0056 1A70     		strb	r2, [r3]
  53:Core/Src/mode_select.c ****             default:
 247              		.loc 1 53 17 is_stmt 1 view .LVU57
 248 0058 D7E7     		b	.L10
 249              	.LVL19:
 250              	.L22:
  53:Core/Src/mode_select.c ****             default:
 251              		.loc 1 53 17 is_stmt 0 view .LVU58
 252              	.LBE7:
  62:Core/Src/mode_select.c ****         if (modeNumber > 5)
 253              		.loc 1 62 9 is_stmt 1 view .LVU59
  62:Core/Src/mode_select.c ****         if (modeNumber > 5)
 254              		.loc 1 62 19 is_stmt 0 view .LVU60
 255 005a 074A     		ldr	r2, .L23+4
 256 005c 1378     		ldrb	r3, [r2]	@ zero_extendqisi2
 257 005e 0133     		adds	r3, r3, #1
 258 0060 DBB2     		uxtb	r3, r3
 259 0062 1370     		strb	r3, [r2]
  63:Core/Src/mode_select.c ****             modeNumber = 1;
 260              		.loc 1 63 9 is_stmt 1 view .LVU61
  63:Core/Src/mode_select.c ****             modeNumber = 1;
 261              		.loc 1 63 24 is_stmt 0 view .LVU62
 262 0064 1378     		ldrb	r3, [r2]	@ zero_extendqisi2
  63:Core/Src/mode_select.c ****             modeNumber = 1;
 263              		.loc 1 63 12 view .LVU63
 264 0066 052B     		cmp	r3, #5
 265 0068 CFD9     		bls	.L10
  64:Core/Src/mode_select.c ****     }
 266              		.loc 1 64 13 is_stmt 1 view .LVU64
  64:Core/Src/mode_select.c ****     }
 267              		.loc 1 64 24 is_stmt 0 view .LVU65
 268 006a 1346     		mov	r3, r2
 269 006c 0122     		movs	r2, #1
 270 006e 1A70     		strb	r2, [r3]
 271              		.loc 1 66 1 view .LVU66
 272 0070 CBE7     		b	.L10
 273              	.L24:
 274 0072 00BF     		.align	2
 275              	.L23:
 276 0074 000C0140 		.word	1073810432
 277 0078 00000000 		.word	modeNumber
 278 007c 00000000 		.word	modeState
 279 0080 00000000 		.word	isInStandby
 280              		.cfi_endproc
 281              	.LFE66:
 283              		.section	.text.run_mode_select,"ax",%progbits
 284              		.align	1
 285              		.global	run_mode_select
 286              		.syntax unified
 287              		.thumb
 288              		.thumb_func
 290              	run_mode_select:
 291              	.LFB67:
ARM GAS  C:\Users\93980\AppData\Local\Temp\ccHeIqMb.s 			page 8


  67:Core/Src/mode_select.c **** 
  68:Core/Src/mode_select.c **** void run_mode_select()
  69:Core/Src/mode_select.c **** {
 292              		.loc 1 69 1 is_stmt 1 view -0
 293              		.cfi_startproc
 294              		@ args = 0, pretend = 0, frame = 8
 295              		@ frame_needed = 0, uses_anonymous_args = 0
 296 0000 00B5     		push	{lr}
 297              	.LCFI2:
 298              		.cfi_def_cfa_offset 4
 299              		.cfi_offset 14, -4
 300 0002 83B0     		sub	sp, sp, #12
 301              	.LCFI3:
 302              		.cfi_def_cfa_offset 16
  70:Core/Src/mode_select.c ****     uint8_t d[4] = {0};
 303              		.loc 1 70 5 view .LVU68
 304              		.loc 1 70 13 is_stmt 0 view .LVU69
 305 0004 0023     		movs	r3, #0
 306 0006 0193     		str	r3, [sp, #4]
  71:Core/Src/mode_select.c ****     // ÊòæÁ§∫Ê®°ÂºèÁºñÂè∑
  72:Core/Src/mode_select.c ****     d[0] = modeNumber / 10;
 307              		.loc 1 72 5 is_stmt 1 view .LVU70
 308              		.loc 1 72 10 is_stmt 0 view .LVU71
 309 0008 0F49     		ldr	r1, .L27
 310 000a 0A78     		ldrb	r2, [r1]	@ zero_extendqisi2
 311 000c D2B2     		uxtb	r2, r2
 312 000e A3F13333 		sub	r3, r3, #858993459
 313 0012 A3FB0202 		umull	r0, r2, r3, r2
 314 0016 D208     		lsrs	r2, r2, #3
 315 0018 8DF80420 		strb	r2, [sp, #4]
  73:Core/Src/mode_select.c ****     d[1] = modeNumber % 10;
 316              		.loc 1 73 5 is_stmt 1 view .LVU72
 317              		.loc 1 73 10 is_stmt 0 view .LVU73
 318 001c 0A78     		ldrb	r2, [r1]	@ zero_extendqisi2
 319 001e D2B2     		uxtb	r2, r2
 320 0020 A3FB0213 		umull	r1, r3, r3, r2
 321 0024 DB08     		lsrs	r3, r3, #3
 322 0026 03EB8303 		add	r3, r3, r3, lsl #2
 323 002a 5900     		lsls	r1, r3, #1
 324 002c 521A     		subs	r2, r2, r1
 325 002e 8DF80520 		strb	r2, [sp, #5]
  74:Core/Src/mode_select.c ****     d[2] = 10; // ‰∏çÊòæÁ§∫
 326              		.loc 1 74 5 is_stmt 1 view .LVU74
 327              		.loc 1 74 10 is_stmt 0 view .LVU75
 328 0032 0A23     		movs	r3, #10
 329 0034 8DF80630 		strb	r3, [sp, #6]
  75:Core/Src/mode_select.c ****     d[3] = 10; // ‰∏çÊòæÁ§∫
 330              		.loc 1 75 5 is_stmt 1 view .LVU76
 331              		.loc 1 75 10 is_stmt 0 view .LVU77
 332 0038 8DF80730 		strb	r3, [sp, #7]
  76:Core/Src/mode_select.c ****     display_mode_select(d);
 333              		.loc 1 76 5 is_stmt 1 view .LVU78
 334 003c 01A8     		add	r0, sp, #4
 335 003e FFF7FEFF 		bl	display_mode_select
 336              	.LVL20:
  77:Core/Src/mode_select.c **** }
 337              		.loc 1 77 1 is_stmt 0 view .LVU79
ARM GAS  C:\Users\93980\AppData\Local\Temp\ccHeIqMb.s 			page 9


 338 0042 03B0     		add	sp, sp, #12
 339              	.LCFI4:
 340              		.cfi_def_cfa_offset 4
 341              		@ sp needed
 342 0044 5DF804FB 		ldr	pc, [sp], #4
 343              	.L28:
 344              		.align	2
 345              	.L27:
 346 0048 00000000 		.word	modeNumber
 347              		.cfi_endproc
 348              	.LFE67:
 350              		.global	ms_lastPA7Time
 351              		.section	.bss.ms_lastPA7Time,"aw",%nobits
 352              		.align	2
 355              	ms_lastPA7Time:
 356 0000 00000000 		.space	4
 357              		.global	ms_lastPB0Time
 358              		.section	.bss.ms_lastPB0Time,"aw",%nobits
 359              		.align	2
 362              	ms_lastPB0Time:
 363 0000 00000000 		.space	4
 364              		.text
 365              	.Letext0:
 366              		.file 2 "D:/arm-none-eabi-gcc/arm-none-eabi/include/machine/_default_types.h"
 367              		.file 3 "D:/arm-none-eabi-gcc/arm-none-eabi/include/sys/_stdint.h"
 368              		.file 4 "Drivers/CMSIS/Device/ST/STM32F1xx/Include/stm32f103xb.h"
 369              		.file 5 "Drivers/STM32F1xx_HAL_Driver/Inc/stm32f1xx_hal_gpio.h"
 370              		.file 6 "Core/Inc/main.h"
 371              		.file 7 "Drivers/STM32F1xx_HAL_Driver/Inc/stm32f1xx_hal.h"
ARM GAS  C:\Users\93980\AppData\Local\Temp\ccHeIqMb.s 			page 10


DEFINED SYMBOLS
                            *ABS*:00000000 mode_select.c
C:\Users\93980\AppData\Local\Temp\ccHeIqMb.s:19     .text.display_mode_select:00000000 $t
C:\Users\93980\AppData\Local\Temp\ccHeIqMb.s:25     .text.display_mode_select:00000000 display_mode_select
C:\Users\93980\AppData\Local\Temp\ccHeIqMb.s:135    .text.display_mode_select:00000060 $d
C:\Users\93980\AppData\Local\Temp\ccHeIqMb.s:144    .text.setting_mode_select:00000000 $t
C:\Users\93980\AppData\Local\Temp\ccHeIqMb.s:150    .text.setting_mode_select:00000000 setting_mode_select
C:\Users\93980\AppData\Local\Temp\ccHeIqMb.s:198    .text.setting_mode_select:00000026 $d
C:\Users\93980\AppData\Local\Temp\ccHeIqMb.s:276    .text.setting_mode_select:00000074 $d
C:\Users\93980\AppData\Local\Temp\ccHeIqMb.s:284    .text.run_mode_select:00000000 $t
C:\Users\93980\AppData\Local\Temp\ccHeIqMb.s:290    .text.run_mode_select:00000000 run_mode_select
C:\Users\93980\AppData\Local\Temp\ccHeIqMb.s:346    .text.run_mode_select:00000048 $d
C:\Users\93980\AppData\Local\Temp\ccHeIqMb.s:355    .bss.ms_lastPA7Time:00000000 ms_lastPA7Time
C:\Users\93980\AppData\Local\Temp\ccHeIqMb.s:352    .bss.ms_lastPA7Time:00000000 $d
C:\Users\93980\AppData\Local\Temp\ccHeIqMb.s:362    .bss.ms_lastPB0Time:00000000 ms_lastPB0Time
C:\Users\93980\AppData\Local\Temp\ccHeIqMb.s:359    .bss.ms_lastPB0Time:00000000 $d
C:\Users\93980\AppData\Local\Temp\ccHeIqMb.s:203    .text.setting_mode_select:0000002b $d
C:\Users\93980\AppData\Local\Temp\ccHeIqMb.s:203    .text.setting_mode_select:0000002c $t

UNDEFINED SYMBOLS
HAL_GPIO_WritePin
HAL_Delay
LED_ARR
DIGIT_COUNT
DIGIT_ARR
segment_code
HAL_GPIO_ReadPin
modeNumber
modeState
isInStandby
