ARM GAS  C:\Users\93980\AppData\Local\Temp\cc22qUAU.s 			page 1


   1              		.cpu cortex-m3
   2              		.arch armv7-m
   3              		.fpu softvfp
   4              		.eabi_attribute 20, 1
   5              		.eabi_attribute 21, 1
   6              		.eabi_attribute 23, 3
   7              		.eabi_attribute 24, 1
   8              		.eabi_attribute 25, 1
   9              		.eabi_attribute 26, 1
  10              		.eabi_attribute 30, 1
  11              		.eabi_attribute 34, 1
  12              		.eabi_attribute 18, 4
  13              		.file	"stm32f1xx_it.c"
  14              		.text
  15              	.Ltext0:
  16              		.cfi_sections	.debug_frame
  17              		.file 1 "Core/Src/stm32f1xx_it.c"
  18              		.section	.text.NMI_Handler,"ax",%progbits
  19              		.align	1
  20              		.global	NMI_Handler
  21              		.syntax unified
  22              		.thumb
  23              		.thumb_func
  25              	NMI_Handler:
  26              	.LFB65:
   1:Core/Src/stm32f1xx_it.c **** /* USER CODE BEGIN Header */
   2:Core/Src/stm32f1xx_it.c **** /**
   3:Core/Src/stm32f1xx_it.c ****  ******************************************************************************
   4:Core/Src/stm32f1xx_it.c ****  * @file    stm32f1xx_it.c
   5:Core/Src/stm32f1xx_it.c ****  * @brief   Interrupt Service Routines.
   6:Core/Src/stm32f1xx_it.c ****  ******************************************************************************
   7:Core/Src/stm32f1xx_it.c ****  * @attention
   8:Core/Src/stm32f1xx_it.c ****  *
   9:Core/Src/stm32f1xx_it.c ****  * Copyright (c) 2025 STMicroelectronics.
  10:Core/Src/stm32f1xx_it.c ****  * All rights reserved.
  11:Core/Src/stm32f1xx_it.c ****  *
  12:Core/Src/stm32f1xx_it.c ****  * This software is licensed under terms that can be found in the LICENSE file
  13:Core/Src/stm32f1xx_it.c ****  * in the root directory of this software component.
  14:Core/Src/stm32f1xx_it.c ****  * If no LICENSE file comes with this software, it is provided AS-IS.
  15:Core/Src/stm32f1xx_it.c ****  *
  16:Core/Src/stm32f1xx_it.c ****  ******************************************************************************
  17:Core/Src/stm32f1xx_it.c ****  */
  18:Core/Src/stm32f1xx_it.c **** /* USER CODE END Header */
  19:Core/Src/stm32f1xx_it.c **** 
  20:Core/Src/stm32f1xx_it.c **** /* Includes ------------------------------------------------------------------*/
  21:Core/Src/stm32f1xx_it.c **** #include "main.h"
  22:Core/Src/stm32f1xx_it.c **** #include "stm32f1xx_it.h"
  23:Core/Src/stm32f1xx_it.c **** /* Private includes ----------------------------------------------------------*/
  24:Core/Src/stm32f1xx_it.c **** /* USER CODE BEGIN Includes */
  25:Core/Src/stm32f1xx_it.c **** 
  26:Core/Src/stm32f1xx_it.c **** #include "time_keep.h"
  27:Core/Src/stm32f1xx_it.c **** #include "countdown.h"
  28:Core/Src/stm32f1xx_it.c **** 
  29:Core/Src/stm32f1xx_it.c **** /* USER CODE END Includes */
  30:Core/Src/stm32f1xx_it.c **** 
  31:Core/Src/stm32f1xx_it.c **** /* Private typedef -----------------------------------------------------------*/
  32:Core/Src/stm32f1xx_it.c **** /* USER CODE BEGIN TD */
ARM GAS  C:\Users\93980\AppData\Local\Temp\cc22qUAU.s 			page 2


  33:Core/Src/stm32f1xx_it.c **** 
  34:Core/Src/stm32f1xx_it.c **** /* USER CODE END TD */
  35:Core/Src/stm32f1xx_it.c **** 
  36:Core/Src/stm32f1xx_it.c **** /* Private define ------------------------------------------------------------*/
  37:Core/Src/stm32f1xx_it.c **** /* USER CODE BEGIN PD */
  38:Core/Src/stm32f1xx_it.c **** 
  39:Core/Src/stm32f1xx_it.c **** /* USER CODE END PD */
  40:Core/Src/stm32f1xx_it.c **** 
  41:Core/Src/stm32f1xx_it.c **** /* Private macro -------------------------------------------------------------*/
  42:Core/Src/stm32f1xx_it.c **** /* USER CODE BEGIN PM */
  43:Core/Src/stm32f1xx_it.c **** 
  44:Core/Src/stm32f1xx_it.c **** /* USER CODE END PM */
  45:Core/Src/stm32f1xx_it.c **** 
  46:Core/Src/stm32f1xx_it.c **** /* Private variables ---------------------------------------------------------*/
  47:Core/Src/stm32f1xx_it.c **** /* USER CODE BEGIN PV */
  48:Core/Src/stm32f1xx_it.c **** 
  49:Core/Src/stm32f1xx_it.c **** /* USER CODE END PV */
  50:Core/Src/stm32f1xx_it.c **** 
  51:Core/Src/stm32f1xx_it.c **** /* Private function prototypes -----------------------------------------------*/
  52:Core/Src/stm32f1xx_it.c **** /* USER CODE BEGIN PFP */
  53:Core/Src/stm32f1xx_it.c **** 
  54:Core/Src/stm32f1xx_it.c **** /* USER CODE END PFP */
  55:Core/Src/stm32f1xx_it.c **** 
  56:Core/Src/stm32f1xx_it.c **** /* Private user code ---------------------------------------------------------*/
  57:Core/Src/stm32f1xx_it.c **** /* USER CODE BEGIN 0 */
  58:Core/Src/stm32f1xx_it.c **** 
  59:Core/Src/stm32f1xx_it.c **** /* USER CODE END 0 */
  60:Core/Src/stm32f1xx_it.c **** 
  61:Core/Src/stm32f1xx_it.c **** /* External variables --------------------------------------------------------*/
  62:Core/Src/stm32f1xx_it.c **** extern TIM_HandleTypeDef htim4;
  63:Core/Src/stm32f1xx_it.c **** /* USER CODE BEGIN EV */
  64:Core/Src/stm32f1xx_it.c **** 
  65:Core/Src/stm32f1xx_it.c **** /* USER CODE END EV */
  66:Core/Src/stm32f1xx_it.c **** 
  67:Core/Src/stm32f1xx_it.c **** /******************************************************************************/
  68:Core/Src/stm32f1xx_it.c **** /*           Cortex-M3 Processor Interruption and Exception Handlers          */
  69:Core/Src/stm32f1xx_it.c **** /******************************************************************************/
  70:Core/Src/stm32f1xx_it.c **** /**
  71:Core/Src/stm32f1xx_it.c ****  * @brief This function handles Non maskable interrupt.
  72:Core/Src/stm32f1xx_it.c ****  */
  73:Core/Src/stm32f1xx_it.c **** void NMI_Handler(void)
  74:Core/Src/stm32f1xx_it.c **** {
  27              		.loc 1 74 1 view -0
  28              		.cfi_startproc
  29              		@ Volatile: function does not return.
  30              		@ args = 0, pretend = 0, frame = 0
  31              		@ frame_needed = 0, uses_anonymous_args = 0
  32              		@ link register save eliminated.
  33              	.L2:
  75:Core/Src/stm32f1xx_it.c ****   /* USER CODE BEGIN NonMaskableInt_IRQn 0 */
  76:Core/Src/stm32f1xx_it.c **** 
  77:Core/Src/stm32f1xx_it.c ****   /* USER CODE END NonMaskableInt_IRQn 0 */
  78:Core/Src/stm32f1xx_it.c ****   /* USER CODE BEGIN NonMaskableInt_IRQn 1 */
  79:Core/Src/stm32f1xx_it.c ****   while (1)
  34              		.loc 1 79 3 view .LVU1
  80:Core/Src/stm32f1xx_it.c ****   {
  81:Core/Src/stm32f1xx_it.c ****   }
ARM GAS  C:\Users\93980\AppData\Local\Temp\cc22qUAU.s 			page 3


  35              		.loc 1 81 3 view .LVU2
  79:Core/Src/stm32f1xx_it.c ****   {
  36              		.loc 1 79 9 view .LVU3
  37 0000 FEE7     		b	.L2
  38              		.cfi_endproc
  39              	.LFE65:
  41              		.section	.text.HardFault_Handler,"ax",%progbits
  42              		.align	1
  43              		.global	HardFault_Handler
  44              		.syntax unified
  45              		.thumb
  46              		.thumb_func
  48              	HardFault_Handler:
  49              	.LFB66:
  82:Core/Src/stm32f1xx_it.c ****   /* USER CODE END NonMaskableInt_IRQn 1 */
  83:Core/Src/stm32f1xx_it.c **** }
  84:Core/Src/stm32f1xx_it.c **** 
  85:Core/Src/stm32f1xx_it.c **** /**
  86:Core/Src/stm32f1xx_it.c ****  * @brief This function handles Hard fault interrupt.
  87:Core/Src/stm32f1xx_it.c ****  */
  88:Core/Src/stm32f1xx_it.c **** void HardFault_Handler(void)
  89:Core/Src/stm32f1xx_it.c **** {
  50              		.loc 1 89 1 view -0
  51              		.cfi_startproc
  52              		@ Volatile: function does not return.
  53              		@ args = 0, pretend = 0, frame = 0
  54              		@ frame_needed = 0, uses_anonymous_args = 0
  55              		@ link register save eliminated.
  56              	.L4:
  90:Core/Src/stm32f1xx_it.c ****   /* USER CODE BEGIN HardFault_IRQn 0 */
  91:Core/Src/stm32f1xx_it.c **** 
  92:Core/Src/stm32f1xx_it.c ****   /* USER CODE END HardFault_IRQn 0 */
  93:Core/Src/stm32f1xx_it.c ****   while (1)
  57              		.loc 1 93 3 view .LVU5
  94:Core/Src/stm32f1xx_it.c ****   {
  95:Core/Src/stm32f1xx_it.c ****     /* USER CODE BEGIN W1_HardFault_IRQn 0 */
  96:Core/Src/stm32f1xx_it.c ****     /* USER CODE END W1_HardFault_IRQn 0 */
  97:Core/Src/stm32f1xx_it.c ****   }
  58              		.loc 1 97 3 view .LVU6
  93:Core/Src/stm32f1xx_it.c ****   {
  59              		.loc 1 93 9 view .LVU7
  60 0000 FEE7     		b	.L4
  61              		.cfi_endproc
  62              	.LFE66:
  64              		.section	.text.MemManage_Handler,"ax",%progbits
  65              		.align	1
  66              		.global	MemManage_Handler
  67              		.syntax unified
  68              		.thumb
  69              		.thumb_func
  71              	MemManage_Handler:
  72              	.LFB67:
  98:Core/Src/stm32f1xx_it.c **** }
  99:Core/Src/stm32f1xx_it.c **** 
 100:Core/Src/stm32f1xx_it.c **** /**
 101:Core/Src/stm32f1xx_it.c ****  * @brief This function handles Memory management fault.
 102:Core/Src/stm32f1xx_it.c ****  */
ARM GAS  C:\Users\93980\AppData\Local\Temp\cc22qUAU.s 			page 4


 103:Core/Src/stm32f1xx_it.c **** void MemManage_Handler(void)
 104:Core/Src/stm32f1xx_it.c **** {
  73              		.loc 1 104 1 view -0
  74              		.cfi_startproc
  75              		@ Volatile: function does not return.
  76              		@ args = 0, pretend = 0, frame = 0
  77              		@ frame_needed = 0, uses_anonymous_args = 0
  78              		@ link register save eliminated.
  79              	.L6:
 105:Core/Src/stm32f1xx_it.c ****   /* USER CODE BEGIN MemoryManagement_IRQn 0 */
 106:Core/Src/stm32f1xx_it.c **** 
 107:Core/Src/stm32f1xx_it.c ****   /* USER CODE END MemoryManagement_IRQn 0 */
 108:Core/Src/stm32f1xx_it.c ****   while (1)
  80              		.loc 1 108 3 view .LVU9
 109:Core/Src/stm32f1xx_it.c ****   {
 110:Core/Src/stm32f1xx_it.c ****     /* USER CODE BEGIN W1_MemoryManagement_IRQn 0 */
 111:Core/Src/stm32f1xx_it.c ****     /* USER CODE END W1_MemoryManagement_IRQn 0 */
 112:Core/Src/stm32f1xx_it.c ****   }
  81              		.loc 1 112 3 view .LVU10
 108:Core/Src/stm32f1xx_it.c ****   {
  82              		.loc 1 108 9 view .LVU11
  83 0000 FEE7     		b	.L6
  84              		.cfi_endproc
  85              	.LFE67:
  87              		.section	.text.BusFault_Handler,"ax",%progbits
  88              		.align	1
  89              		.global	BusFault_Handler
  90              		.syntax unified
  91              		.thumb
  92              		.thumb_func
  94              	BusFault_Handler:
  95              	.LFB68:
 113:Core/Src/stm32f1xx_it.c **** }
 114:Core/Src/stm32f1xx_it.c **** 
 115:Core/Src/stm32f1xx_it.c **** /**
 116:Core/Src/stm32f1xx_it.c ****  * @brief This function handles Prefetch fault, memory access fault.
 117:Core/Src/stm32f1xx_it.c ****  */
 118:Core/Src/stm32f1xx_it.c **** void BusFault_Handler(void)
 119:Core/Src/stm32f1xx_it.c **** {
  96              		.loc 1 119 1 view -0
  97              		.cfi_startproc
  98              		@ Volatile: function does not return.
  99              		@ args = 0, pretend = 0, frame = 0
 100              		@ frame_needed = 0, uses_anonymous_args = 0
 101              		@ link register save eliminated.
 102              	.L8:
 120:Core/Src/stm32f1xx_it.c ****   /* USER CODE BEGIN BusFault_IRQn 0 */
 121:Core/Src/stm32f1xx_it.c **** 
 122:Core/Src/stm32f1xx_it.c ****   /* USER CODE END BusFault_IRQn 0 */
 123:Core/Src/stm32f1xx_it.c ****   while (1)
 103              		.loc 1 123 3 view .LVU13
 124:Core/Src/stm32f1xx_it.c ****   {
 125:Core/Src/stm32f1xx_it.c ****     /* USER CODE BEGIN W1_BusFault_IRQn 0 */
 126:Core/Src/stm32f1xx_it.c ****     /* USER CODE END W1_BusFault_IRQn 0 */
 127:Core/Src/stm32f1xx_it.c ****   }
 104              		.loc 1 127 3 view .LVU14
 123:Core/Src/stm32f1xx_it.c ****   {
ARM GAS  C:\Users\93980\AppData\Local\Temp\cc22qUAU.s 			page 5


 105              		.loc 1 123 9 view .LVU15
 106 0000 FEE7     		b	.L8
 107              		.cfi_endproc
 108              	.LFE68:
 110              		.section	.text.UsageFault_Handler,"ax",%progbits
 111              		.align	1
 112              		.global	UsageFault_Handler
 113              		.syntax unified
 114              		.thumb
 115              		.thumb_func
 117              	UsageFault_Handler:
 118              	.LFB69:
 128:Core/Src/stm32f1xx_it.c **** }
 129:Core/Src/stm32f1xx_it.c **** 
 130:Core/Src/stm32f1xx_it.c **** /**
 131:Core/Src/stm32f1xx_it.c ****  * @brief This function handles Undefined instruction or illegal state.
 132:Core/Src/stm32f1xx_it.c ****  */
 133:Core/Src/stm32f1xx_it.c **** void UsageFault_Handler(void)
 134:Core/Src/stm32f1xx_it.c **** {
 119              		.loc 1 134 1 view -0
 120              		.cfi_startproc
 121              		@ Volatile: function does not return.
 122              		@ args = 0, pretend = 0, frame = 0
 123              		@ frame_needed = 0, uses_anonymous_args = 0
 124              		@ link register save eliminated.
 125              	.L10:
 135:Core/Src/stm32f1xx_it.c ****   /* USER CODE BEGIN UsageFault_IRQn 0 */
 136:Core/Src/stm32f1xx_it.c **** 
 137:Core/Src/stm32f1xx_it.c ****   /* USER CODE END UsageFault_IRQn 0 */
 138:Core/Src/stm32f1xx_it.c ****   while (1)
 126              		.loc 1 138 3 view .LVU17
 139:Core/Src/stm32f1xx_it.c ****   {
 140:Core/Src/stm32f1xx_it.c ****     /* USER CODE BEGIN W1_UsageFault_IRQn 0 */
 141:Core/Src/stm32f1xx_it.c ****     /* USER CODE END W1_UsageFault_IRQn 0 */
 142:Core/Src/stm32f1xx_it.c ****   }
 127              		.loc 1 142 3 view .LVU18
 138:Core/Src/stm32f1xx_it.c ****   {
 128              		.loc 1 138 9 view .LVU19
 129 0000 FEE7     		b	.L10
 130              		.cfi_endproc
 131              	.LFE69:
 133              		.section	.text.SVC_Handler,"ax",%progbits
 134              		.align	1
 135              		.global	SVC_Handler
 136              		.syntax unified
 137              		.thumb
 138              		.thumb_func
 140              	SVC_Handler:
 141              	.LFB70:
 143:Core/Src/stm32f1xx_it.c **** }
 144:Core/Src/stm32f1xx_it.c **** 
 145:Core/Src/stm32f1xx_it.c **** /**
 146:Core/Src/stm32f1xx_it.c ****  * @brief This function handles System service call via SWI instruction.
 147:Core/Src/stm32f1xx_it.c ****  */
 148:Core/Src/stm32f1xx_it.c **** void SVC_Handler(void)
 149:Core/Src/stm32f1xx_it.c **** {
 142              		.loc 1 149 1 view -0
ARM GAS  C:\Users\93980\AppData\Local\Temp\cc22qUAU.s 			page 6


 143              		.cfi_startproc
 144              		@ args = 0, pretend = 0, frame = 0
 145              		@ frame_needed = 0, uses_anonymous_args = 0
 146              		@ link register save eliminated.
 150:Core/Src/stm32f1xx_it.c ****   /* USER CODE BEGIN SVCall_IRQn 0 */
 151:Core/Src/stm32f1xx_it.c **** 
 152:Core/Src/stm32f1xx_it.c ****   /* USER CODE END SVCall_IRQn 0 */
 153:Core/Src/stm32f1xx_it.c ****   /* USER CODE BEGIN SVCall_IRQn 1 */
 154:Core/Src/stm32f1xx_it.c **** 
 155:Core/Src/stm32f1xx_it.c ****   /* USER CODE END SVCall_IRQn 1 */
 156:Core/Src/stm32f1xx_it.c **** }
 147              		.loc 1 156 1 view .LVU21
 148 0000 7047     		bx	lr
 149              		.cfi_endproc
 150              	.LFE70:
 152              		.section	.text.DebugMon_Handler,"ax",%progbits
 153              		.align	1
 154              		.global	DebugMon_Handler
 155              		.syntax unified
 156              		.thumb
 157              		.thumb_func
 159              	DebugMon_Handler:
 160              	.LFB71:
 157:Core/Src/stm32f1xx_it.c **** 
 158:Core/Src/stm32f1xx_it.c **** /**
 159:Core/Src/stm32f1xx_it.c ****  * @brief This function handles Debug monitor.
 160:Core/Src/stm32f1xx_it.c ****  */
 161:Core/Src/stm32f1xx_it.c **** void DebugMon_Handler(void)
 162:Core/Src/stm32f1xx_it.c **** {
 161              		.loc 1 162 1 view -0
 162              		.cfi_startproc
 163              		@ args = 0, pretend = 0, frame = 0
 164              		@ frame_needed = 0, uses_anonymous_args = 0
 165              		@ link register save eliminated.
 163:Core/Src/stm32f1xx_it.c ****   /* USER CODE BEGIN DebugMonitor_IRQn 0 */
 164:Core/Src/stm32f1xx_it.c **** 
 165:Core/Src/stm32f1xx_it.c ****   /* USER CODE END DebugMonitor_IRQn 0 */
 166:Core/Src/stm32f1xx_it.c ****   /* USER CODE BEGIN DebugMonitor_IRQn 1 */
 167:Core/Src/stm32f1xx_it.c **** 
 168:Core/Src/stm32f1xx_it.c ****   /* USER CODE END DebugMonitor_IRQn 1 */
 169:Core/Src/stm32f1xx_it.c **** }
 166              		.loc 1 169 1 view .LVU23
 167 0000 7047     		bx	lr
 168              		.cfi_endproc
 169              	.LFE71:
 171              		.section	.text.PendSV_Handler,"ax",%progbits
 172              		.align	1
 173              		.global	PendSV_Handler
 174              		.syntax unified
 175              		.thumb
 176              		.thumb_func
 178              	PendSV_Handler:
 179              	.LFB72:
 170:Core/Src/stm32f1xx_it.c **** 
 171:Core/Src/stm32f1xx_it.c **** /**
 172:Core/Src/stm32f1xx_it.c ****  * @brief This function handles Pendable request for system service.
 173:Core/Src/stm32f1xx_it.c ****  */
ARM GAS  C:\Users\93980\AppData\Local\Temp\cc22qUAU.s 			page 7


 174:Core/Src/stm32f1xx_it.c **** void PendSV_Handler(void)
 175:Core/Src/stm32f1xx_it.c **** {
 180              		.loc 1 175 1 view -0
 181              		.cfi_startproc
 182              		@ args = 0, pretend = 0, frame = 0
 183              		@ frame_needed = 0, uses_anonymous_args = 0
 184              		@ link register save eliminated.
 176:Core/Src/stm32f1xx_it.c ****   /* USER CODE BEGIN PendSV_IRQn 0 */
 177:Core/Src/stm32f1xx_it.c **** 
 178:Core/Src/stm32f1xx_it.c ****   /* USER CODE END PendSV_IRQn 0 */
 179:Core/Src/stm32f1xx_it.c ****   /* USER CODE BEGIN PendSV_IRQn 1 */
 180:Core/Src/stm32f1xx_it.c **** 
 181:Core/Src/stm32f1xx_it.c ****   /* USER CODE END PendSV_IRQn 1 */
 182:Core/Src/stm32f1xx_it.c **** }
 185              		.loc 1 182 1 view .LVU25
 186 0000 7047     		bx	lr
 187              		.cfi_endproc
 188              	.LFE72:
 190              		.section	.text.SysTick_Handler,"ax",%progbits
 191              		.align	1
 192              		.global	SysTick_Handler
 193              		.syntax unified
 194              		.thumb
 195              		.thumb_func
 197              	SysTick_Handler:
 198              	.LFB73:
 183:Core/Src/stm32f1xx_it.c **** 
 184:Core/Src/stm32f1xx_it.c **** /**
 185:Core/Src/stm32f1xx_it.c ****  * @brief This function handles System tick timer.
 186:Core/Src/stm32f1xx_it.c ****  */
 187:Core/Src/stm32f1xx_it.c **** void SysTick_Handler(void)
 188:Core/Src/stm32f1xx_it.c **** {
 199              		.loc 1 188 1 view -0
 200              		.cfi_startproc
 201              		@ args = 0, pretend = 0, frame = 0
 202              		@ frame_needed = 0, uses_anonymous_args = 0
 203 0000 08B5     		push	{r3, lr}
 204              	.LCFI0:
 205              		.cfi_def_cfa_offset 8
 206              		.cfi_offset 3, -8
 207              		.cfi_offset 14, -4
 189:Core/Src/stm32f1xx_it.c ****   /* USER CODE BEGIN SysTick_IRQn 0 */
 190:Core/Src/stm32f1xx_it.c **** 
 191:Core/Src/stm32f1xx_it.c ****   /* USER CODE END SysTick_IRQn 0 */
 192:Core/Src/stm32f1xx_it.c ****   HAL_IncTick();
 208              		.loc 1 192 3 view .LVU27
 209 0002 FFF7FEFF 		bl	HAL_IncTick
 210              	.LVL0:
 193:Core/Src/stm32f1xx_it.c ****   /* USER CODE BEGIN SysTick_IRQn 1 */
 194:Core/Src/stm32f1xx_it.c **** 
 195:Core/Src/stm32f1xx_it.c ****   switch (modeState)
 211              		.loc 1 195 3 view .LVU28
 212 0006 164B     		ldr	r3, .L22
 213 0008 1B78     		ldrb	r3, [r3]	@ zero_extendqisi2
 214 000a 032B     		cmp	r3, #3
 215 000c 0AD0     		beq	.L15
 216 000e DAB2     		uxtb	r2, r3
ARM GAS  C:\Users\93980\AppData\Local\Temp\cc22qUAU.s 			page 8


 217 0010 052A     		cmp	r2, #5
 218 0012 0FD0     		beq	.L16
 219 0014 012A     		cmp	r2, #1
 220 0016 09D1     		bne	.L14
 196:Core/Src/stm32f1xx_it.c ****   {
 197:Core/Src/stm32f1xx_it.c ****   case MODE_STATE_TIMER:
 198:Core/Src/stm32f1xx_it.c ****     // 计时模式逻辑
 199:Core/Src/stm32f1xx_it.c ****     if (isTiming)
 221              		.loc 1 199 5 view .LVU29
 222              		.loc 1 199 9 is_stmt 0 view .LVU30
 223 0018 124B     		ldr	r3, .L22+4
 224 001a 1B78     		ldrb	r3, [r3]	@ zero_extendqisi2
 225              		.loc 1 199 8 view .LVU31
 226 001c 33B1     		cbz	r3, .L14
 200:Core/Src/stm32f1xx_it.c ****     {
 201:Core/Src/stm32f1xx_it.c ****       addElapsedTime();
 227              		.loc 1 201 7 is_stmt 1 view .LVU32
 228 001e FFF7FEFF 		bl	addElapsedTime
 229              	.LVL1:
 230 0022 03E0     		b	.L14
 231              	.L15:
 202:Core/Src/stm32f1xx_it.c ****     }
 203:Core/Src/stm32f1xx_it.c ****     break;
 204:Core/Src/stm32f1xx_it.c ****   case MODE_STATE_COUNTDOWN:
 205:Core/Src/stm32f1xx_it.c ****     // 倒计时模式逻辑
 206:Core/Src/stm32f1xx_it.c ****     if (countdownState == STATE_COUNTDOWN)
 232              		.loc 1 206 5 view .LVU33
 233              		.loc 1 206 24 is_stmt 0 view .LVU34
 234 0024 104B     		ldr	r3, .L22+8
 235 0026 1B78     		ldrb	r3, [r3]	@ zero_extendqisi2
 236              		.loc 1 206 8 view .LVU35
 237 0028 032B     		cmp	r3, #3
 238 002a 00D0     		beq	.L20
 239              	.L14:
 207:Core/Src/stm32f1xx_it.c ****     {
 208:Core/Src/stm32f1xx_it.c ****       redCountdownTime();
 209:Core/Src/stm32f1xx_it.c ****     }
 210:Core/Src/stm32f1xx_it.c ****     break;
 211:Core/Src/stm32f1xx_it.c ****   case MODE_STATE_STANDBY:
 212:Core/Src/stm32f1xx_it.c ****     // 待机模式下
 213:Core/Src/stm32f1xx_it.c ****     if (lastModeState == MODE_STATE_TIMER)
 214:Core/Src/stm32f1xx_it.c ****     {
 215:Core/Src/stm32f1xx_it.c ****       if (isTiming)
 216:Core/Src/stm32f1xx_it.c ****       {
 217:Core/Src/stm32f1xx_it.c ****         addElapsedTime();
 218:Core/Src/stm32f1xx_it.c ****       }
 219:Core/Src/stm32f1xx_it.c ****     }
 220:Core/Src/stm32f1xx_it.c ****     else if (lastModeState == MODE_STATE_COUNTDOWN)
 221:Core/Src/stm32f1xx_it.c ****     {
 222:Core/Src/stm32f1xx_it.c ****       if (countdownState == STATE_COUNTDOWN)
 223:Core/Src/stm32f1xx_it.c ****       {
 224:Core/Src/stm32f1xx_it.c ****         redCountdownTime();
 225:Core/Src/stm32f1xx_it.c ****       }
 226:Core/Src/stm32f1xx_it.c ****     }
 227:Core/Src/stm32f1xx_it.c ****     break;
 228:Core/Src/stm32f1xx_it.c ****   default:
 229:Core/Src/stm32f1xx_it.c ****     break;
ARM GAS  C:\Users\93980\AppData\Local\Temp\cc22qUAU.s 			page 9


 230:Core/Src/stm32f1xx_it.c ****   }
 231:Core/Src/stm32f1xx_it.c ****   /* USER CODE END SysTick_IRQn 1 */
 232:Core/Src/stm32f1xx_it.c **** }
 240              		.loc 1 232 1 view .LVU36
 241 002c 08BD     		pop	{r3, pc}
 242              	.L20:
 208:Core/Src/stm32f1xx_it.c ****     }
 243              		.loc 1 208 7 is_stmt 1 view .LVU37
 244 002e FFF7FEFF 		bl	redCountdownTime
 245              	.LVL2:
 246 0032 FBE7     		b	.L14
 247              	.L16:
 213:Core/Src/stm32f1xx_it.c ****     {
 248              		.loc 1 213 5 view .LVU38
 213:Core/Src/stm32f1xx_it.c ****     {
 249              		.loc 1 213 23 is_stmt 0 view .LVU39
 250 0034 0D4B     		ldr	r3, .L22+12
 251 0036 1B78     		ldrb	r3, [r3]	@ zero_extendqisi2
 213:Core/Src/stm32f1xx_it.c ****     {
 252              		.loc 1 213 8 view .LVU40
 253 0038 012B     		cmp	r3, #1
 254 003a 0AD0     		beq	.L21
 220:Core/Src/stm32f1xx_it.c ****     {
 255              		.loc 1 220 10 is_stmt 1 view .LVU41
 220:Core/Src/stm32f1xx_it.c ****     {
 256              		.loc 1 220 28 is_stmt 0 view .LVU42
 257 003c 0B4B     		ldr	r3, .L22+12
 258 003e 1B78     		ldrb	r3, [r3]	@ zero_extendqisi2
 220:Core/Src/stm32f1xx_it.c ****     {
 259              		.loc 1 220 13 view .LVU43
 260 0040 032B     		cmp	r3, #3
 261 0042 F3D1     		bne	.L14
 222:Core/Src/stm32f1xx_it.c ****       {
 262              		.loc 1 222 7 is_stmt 1 view .LVU44
 222:Core/Src/stm32f1xx_it.c ****       {
 263              		.loc 1 222 26 is_stmt 0 view .LVU45
 264 0044 084B     		ldr	r3, .L22+8
 265 0046 1B78     		ldrb	r3, [r3]	@ zero_extendqisi2
 222:Core/Src/stm32f1xx_it.c ****       {
 266              		.loc 1 222 10 view .LVU46
 267 0048 032B     		cmp	r3, #3
 268 004a EFD1     		bne	.L14
 224:Core/Src/stm32f1xx_it.c ****       }
 269              		.loc 1 224 9 is_stmt 1 view .LVU47
 270 004c FFF7FEFF 		bl	redCountdownTime
 271              	.LVL3:
 272              		.loc 1 232 1 is_stmt 0 view .LVU48
 273 0050 ECE7     		b	.L14
 274              	.L21:
 215:Core/Src/stm32f1xx_it.c ****       {
 275              		.loc 1 215 7 is_stmt 1 view .LVU49
 215:Core/Src/stm32f1xx_it.c ****       {
 276              		.loc 1 215 11 is_stmt 0 view .LVU50
 277 0052 044B     		ldr	r3, .L22+4
 278 0054 1B78     		ldrb	r3, [r3]	@ zero_extendqisi2
 215:Core/Src/stm32f1xx_it.c ****       {
 279              		.loc 1 215 10 view .LVU51
ARM GAS  C:\Users\93980\AppData\Local\Temp\cc22qUAU.s 			page 10


 280 0056 002B     		cmp	r3, #0
 281 0058 E8D0     		beq	.L14
 217:Core/Src/stm32f1xx_it.c ****       }
 282              		.loc 1 217 9 is_stmt 1 view .LVU52
 283 005a FFF7FEFF 		bl	addElapsedTime
 284              	.LVL4:
 285 005e E5E7     		b	.L14
 286              	.L23:
 287              		.align	2
 288              	.L22:
 289 0060 00000000 		.word	modeState
 290 0064 00000000 		.word	isTiming
 291 0068 00000000 		.word	countdownState
 292 006c 00000000 		.word	lastModeState
 293              		.cfi_endproc
 294              	.LFE73:
 296              		.section	.text.EXTI0_IRQHandler,"ax",%progbits
 297              		.align	1
 298              		.global	EXTI0_IRQHandler
 299              		.syntax unified
 300              		.thumb
 301              		.thumb_func
 303              	EXTI0_IRQHandler:
 304              	.LFB74:
 233:Core/Src/stm32f1xx_it.c **** 
 234:Core/Src/stm32f1xx_it.c **** /******************************************************************************/
 235:Core/Src/stm32f1xx_it.c **** /* STM32F1xx Peripheral Interrupt Handlers                                    */
 236:Core/Src/stm32f1xx_it.c **** /* Add here the Interrupt Handlers for the used peripherals.                  */
 237:Core/Src/stm32f1xx_it.c **** /* For the available peripheral interrupt handler names,                      */
 238:Core/Src/stm32f1xx_it.c **** /* please refer to the startup file (startup_stm32f1xx.s).                    */
 239:Core/Src/stm32f1xx_it.c **** /******************************************************************************/
 240:Core/Src/stm32f1xx_it.c **** 
 241:Core/Src/stm32f1xx_it.c **** /**
 242:Core/Src/stm32f1xx_it.c ****  * @brief This function handles EXTI line0 interrupt.
 243:Core/Src/stm32f1xx_it.c ****  */
 244:Core/Src/stm32f1xx_it.c **** void EXTI0_IRQHandler(void)
 245:Core/Src/stm32f1xx_it.c **** {
 305              		.loc 1 245 1 view -0
 306              		.cfi_startproc
 307              		@ args = 0, pretend = 0, frame = 0
 308              		@ frame_needed = 0, uses_anonymous_args = 0
 309 0000 08B5     		push	{r3, lr}
 310              	.LCFI1:
 311              		.cfi_def_cfa_offset 8
 312              		.cfi_offset 3, -8
 313              		.cfi_offset 14, -4
 246:Core/Src/stm32f1xx_it.c ****   /* USER CODE BEGIN EXTI0_IRQn 0 */
 247:Core/Src/stm32f1xx_it.c **** 
 248:Core/Src/stm32f1xx_it.c ****   /* USER CODE END EXTI0_IRQn 0 */
 249:Core/Src/stm32f1xx_it.c ****   HAL_GPIO_EXTI_IRQHandler(BUTTON_INTERRUPT_1_Pin);
 314              		.loc 1 249 3 view .LVU54
 315 0002 0120     		movs	r0, #1
 316 0004 FFF7FEFF 		bl	HAL_GPIO_EXTI_IRQHandler
 317              	.LVL5:
 250:Core/Src/stm32f1xx_it.c ****   /* USER CODE BEGIN EXTI0_IRQn 1 */
 251:Core/Src/stm32f1xx_it.c **** 
 252:Core/Src/stm32f1xx_it.c ****   /* USER CODE END EXTI0_IRQn 1 */
ARM GAS  C:\Users\93980\AppData\Local\Temp\cc22qUAU.s 			page 11


 253:Core/Src/stm32f1xx_it.c **** }
 318              		.loc 1 253 1 is_stmt 0 view .LVU55
 319 0008 08BD     		pop	{r3, pc}
 320              		.cfi_endproc
 321              	.LFE74:
 323              		.section	.text.EXTI9_5_IRQHandler,"ax",%progbits
 324              		.align	1
 325              		.global	EXTI9_5_IRQHandler
 326              		.syntax unified
 327              		.thumb
 328              		.thumb_func
 330              	EXTI9_5_IRQHandler:
 331              	.LFB75:
 254:Core/Src/stm32f1xx_it.c **** 
 255:Core/Src/stm32f1xx_it.c **** /**
 256:Core/Src/stm32f1xx_it.c ****  * @brief This function handles EXTI line[9:5] interrupts.
 257:Core/Src/stm32f1xx_it.c ****  */
 258:Core/Src/stm32f1xx_it.c **** void EXTI9_5_IRQHandler(void)
 259:Core/Src/stm32f1xx_it.c **** {
 332              		.loc 1 259 1 is_stmt 1 view -0
 333              		.cfi_startproc
 334              		@ args = 0, pretend = 0, frame = 0
 335              		@ frame_needed = 0, uses_anonymous_args = 0
 336 0000 08B5     		push	{r3, lr}
 337              	.LCFI2:
 338              		.cfi_def_cfa_offset 8
 339              		.cfi_offset 3, -8
 340              		.cfi_offset 14, -4
 260:Core/Src/stm32f1xx_it.c ****   /* USER CODE BEGIN EXTI9_5_IRQn 0 */
 261:Core/Src/stm32f1xx_it.c **** 
 262:Core/Src/stm32f1xx_it.c ****   /* USER CODE END EXTI9_5_IRQn 0 */
 263:Core/Src/stm32f1xx_it.c ****   HAL_GPIO_EXTI_IRQHandler(BUTTON_INTERRUPT_2_Pin);
 341              		.loc 1 263 3 view .LVU57
 342 0002 8020     		movs	r0, #128
 343 0004 FFF7FEFF 		bl	HAL_GPIO_EXTI_IRQHandler
 344              	.LVL6:
 264:Core/Src/stm32f1xx_it.c ****   /* USER CODE BEGIN EXTI9_5_IRQn 1 */
 265:Core/Src/stm32f1xx_it.c **** 
 266:Core/Src/stm32f1xx_it.c ****   /* USER CODE END EXTI9_5_IRQn 1 */
 267:Core/Src/stm32f1xx_it.c **** }
 345              		.loc 1 267 1 is_stmt 0 view .LVU58
 346 0008 08BD     		pop	{r3, pc}
 347              		.cfi_endproc
 348              	.LFE75:
 350              		.section	.text.TIM4_IRQHandler,"ax",%progbits
 351              		.align	1
 352              		.global	TIM4_IRQHandler
 353              		.syntax unified
 354              		.thumb
 355              		.thumb_func
 357              	TIM4_IRQHandler:
 358              	.LFB76:
 268:Core/Src/stm32f1xx_it.c **** 
 269:Core/Src/stm32f1xx_it.c **** /**
 270:Core/Src/stm32f1xx_it.c ****  * @brief This function handles TIM4 global interrupt.
 271:Core/Src/stm32f1xx_it.c ****  */
 272:Core/Src/stm32f1xx_it.c **** void TIM4_IRQHandler(void)
ARM GAS  C:\Users\93980\AppData\Local\Temp\cc22qUAU.s 			page 12


 273:Core/Src/stm32f1xx_it.c **** {
 359              		.loc 1 273 1 is_stmt 1 view -0
 360              		.cfi_startproc
 361              		@ args = 0, pretend = 0, frame = 0
 362              		@ frame_needed = 0, uses_anonymous_args = 0
 363 0000 08B5     		push	{r3, lr}
 364              	.LCFI3:
 365              		.cfi_def_cfa_offset 8
 366              		.cfi_offset 3, -8
 367              		.cfi_offset 14, -4
 274:Core/Src/stm32f1xx_it.c ****   /* USER CODE BEGIN TIM4_IRQn 0 */
 275:Core/Src/stm32f1xx_it.c **** 
 276:Core/Src/stm32f1xx_it.c ****   /* USER CODE END TIM4_IRQn 0 */
 277:Core/Src/stm32f1xx_it.c ****   HAL_TIM_IRQHandler(&htim4);
 368              		.loc 1 277 3 view .LVU60
 369 0002 0248     		ldr	r0, .L30
 370 0004 FFF7FEFF 		bl	HAL_TIM_IRQHandler
 371              	.LVL7:
 278:Core/Src/stm32f1xx_it.c ****   /* USER CODE BEGIN TIM4_IRQn 1 */
 279:Core/Src/stm32f1xx_it.c **** 
 280:Core/Src/stm32f1xx_it.c ****   /* USER CODE END TIM4_IRQn 1 */
 281:Core/Src/stm32f1xx_it.c **** }
 372              		.loc 1 281 1 is_stmt 0 view .LVU61
 373 0008 08BD     		pop	{r3, pc}
 374              	.L31:
 375 000a 00BF     		.align	2
 376              	.L30:
 377 000c 00000000 		.word	htim4
 378              		.cfi_endproc
 379              	.LFE76:
 381              		.text
 382              	.Letext0:
 383              		.file 2 "D:/arm-none-eabi-gcc/arm-none-eabi/include/machine/_default_types.h"
 384              		.file 3 "D:/arm-none-eabi-gcc/arm-none-eabi/include/sys/_stdint.h"
 385              		.file 4 "Drivers/CMSIS/Device/ST/STM32F1xx/Include/stm32f103xb.h"
 386              		.file 5 "Drivers/STM32F1xx_HAL_Driver/Inc/stm32f1xx_hal_def.h"
 387              		.file 6 "Drivers/STM32F1xx_HAL_Driver/Inc/stm32f1xx_hal_dma.h"
 388              		.file 7 "Drivers/STM32F1xx_HAL_Driver/Inc/stm32f1xx_hal_tim.h"
 389              		.file 8 "Core/Inc/main.h"
 390              		.file 9 "Core/Inc/time_keep.h"
 391              		.file 10 "Core/Inc/countdown.h"
 392              		.file 11 "Drivers/STM32F1xx_HAL_Driver/Inc/stm32f1xx_hal_gpio.h"
 393              		.file 12 "Drivers/STM32F1xx_HAL_Driver/Inc/stm32f1xx_hal.h"
ARM GAS  C:\Users\93980\AppData\Local\Temp\cc22qUAU.s 			page 13


DEFINED SYMBOLS
                            *ABS*:00000000 stm32f1xx_it.c
C:\Users\93980\AppData\Local\Temp\cc22qUAU.s:19     .text.NMI_Handler:00000000 $t
C:\Users\93980\AppData\Local\Temp\cc22qUAU.s:25     .text.NMI_Handler:00000000 NMI_Handler
C:\Users\93980\AppData\Local\Temp\cc22qUAU.s:42     .text.HardFault_Handler:00000000 $t
C:\Users\93980\AppData\Local\Temp\cc22qUAU.s:48     .text.HardFault_Handler:00000000 HardFault_Handler
C:\Users\93980\AppData\Local\Temp\cc22qUAU.s:65     .text.MemManage_Handler:00000000 $t
C:\Users\93980\AppData\Local\Temp\cc22qUAU.s:71     .text.MemManage_Handler:00000000 MemManage_Handler
C:\Users\93980\AppData\Local\Temp\cc22qUAU.s:88     .text.BusFault_Handler:00000000 $t
C:\Users\93980\AppData\Local\Temp\cc22qUAU.s:94     .text.BusFault_Handler:00000000 BusFault_Handler
C:\Users\93980\AppData\Local\Temp\cc22qUAU.s:111    .text.UsageFault_Handler:00000000 $t
C:\Users\93980\AppData\Local\Temp\cc22qUAU.s:117    .text.UsageFault_Handler:00000000 UsageFault_Handler
C:\Users\93980\AppData\Local\Temp\cc22qUAU.s:134    .text.SVC_Handler:00000000 $t
C:\Users\93980\AppData\Local\Temp\cc22qUAU.s:140    .text.SVC_Handler:00000000 SVC_Handler
C:\Users\93980\AppData\Local\Temp\cc22qUAU.s:153    .text.DebugMon_Handler:00000000 $t
C:\Users\93980\AppData\Local\Temp\cc22qUAU.s:159    .text.DebugMon_Handler:00000000 DebugMon_Handler
C:\Users\93980\AppData\Local\Temp\cc22qUAU.s:172    .text.PendSV_Handler:00000000 $t
C:\Users\93980\AppData\Local\Temp\cc22qUAU.s:178    .text.PendSV_Handler:00000000 PendSV_Handler
C:\Users\93980\AppData\Local\Temp\cc22qUAU.s:191    .text.SysTick_Handler:00000000 $t
C:\Users\93980\AppData\Local\Temp\cc22qUAU.s:197    .text.SysTick_Handler:00000000 SysTick_Handler
C:\Users\93980\AppData\Local\Temp\cc22qUAU.s:289    .text.SysTick_Handler:00000060 $d
C:\Users\93980\AppData\Local\Temp\cc22qUAU.s:297    .text.EXTI0_IRQHandler:00000000 $t
C:\Users\93980\AppData\Local\Temp\cc22qUAU.s:303    .text.EXTI0_IRQHandler:00000000 EXTI0_IRQHandler
C:\Users\93980\AppData\Local\Temp\cc22qUAU.s:324    .text.EXTI9_5_IRQHandler:00000000 $t
C:\Users\93980\AppData\Local\Temp\cc22qUAU.s:330    .text.EXTI9_5_IRQHandler:00000000 EXTI9_5_IRQHandler
C:\Users\93980\AppData\Local\Temp\cc22qUAU.s:351    .text.TIM4_IRQHandler:00000000 $t
C:\Users\93980\AppData\Local\Temp\cc22qUAU.s:357    .text.TIM4_IRQHandler:00000000 TIM4_IRQHandler
C:\Users\93980\AppData\Local\Temp\cc22qUAU.s:377    .text.TIM4_IRQHandler:0000000c $d

UNDEFINED SYMBOLS
HAL_IncTick
addElapsedTime
redCountdownTime
modeState
isTiming
countdownState
lastModeState
HAL_GPIO_EXTI_IRQHandler
HAL_TIM_IRQHandler
htim4
