ARM GAS  C:\Users\93980\AppData\Local\Temp\ccKMA8Ld.s 			page 1


   1              		.cpu cortex-m3
   2              		.arch armv7-m
   3              		.fpu softvfp
   4              		.eabi_attribute 20, 1
   5              		.eabi_attribute 21, 1
   6              		.eabi_attribute 23, 3
   7              		.eabi_attribute 24, 1
   8              		.eabi_attribute 25, 1
   9              		.eabi_attribute 26, 1
  10              		.eabi_attribute 30, 1
  11              		.eabi_attribute 34, 1
  12              		.eabi_attribute 18, 4
  13              		.file	"tim.c"
  14              		.text
  15              	.Ltext0:
  16              		.cfi_sections	.debug_frame
  17              		.file 1 "Core/Src/tim.c"
  18              		.section	.text.MX_TIM4_Init,"ax",%progbits
  19              		.align	1
  20              		.global	MX_TIM4_Init
  21              		.syntax unified
  22              		.thumb
  23              		.thumb_func
  25              	MX_TIM4_Init:
  26              	.LFB65:
   1:Core/Src/tim.c **** /* USER CODE BEGIN Header */
   2:Core/Src/tim.c **** /**
   3:Core/Src/tim.c ****   ******************************************************************************
   4:Core/Src/tim.c ****   * @file    tim.c
   5:Core/Src/tim.c ****   * @brief   This file provides code for the configuration
   6:Core/Src/tim.c ****   *          of the TIM instances.
   7:Core/Src/tim.c ****   ******************************************************************************
   8:Core/Src/tim.c ****   * @attention
   9:Core/Src/tim.c ****   *
  10:Core/Src/tim.c ****   * Copyright (c) 2025 STMicroelectronics.
  11:Core/Src/tim.c ****   * All rights reserved.
  12:Core/Src/tim.c ****   *
  13:Core/Src/tim.c ****   * This software is licensed under terms that can be found in the LICENSE file
  14:Core/Src/tim.c ****   * in the root directory of this software component.
  15:Core/Src/tim.c ****   * If no LICENSE file comes with this software, it is provided AS-IS.
  16:Core/Src/tim.c ****   *
  17:Core/Src/tim.c ****   ******************************************************************************
  18:Core/Src/tim.c ****   */
  19:Core/Src/tim.c **** /* USER CODE END Header */
  20:Core/Src/tim.c **** /* Includes ------------------------------------------------------------------*/
  21:Core/Src/tim.c **** #include "tim.h"
  22:Core/Src/tim.c **** 
  23:Core/Src/tim.c **** /* USER CODE BEGIN 0 */
  24:Core/Src/tim.c **** 
  25:Core/Src/tim.c **** /* USER CODE END 0 */
  26:Core/Src/tim.c **** 
  27:Core/Src/tim.c **** TIM_HandleTypeDef htim4;
  28:Core/Src/tim.c **** 
  29:Core/Src/tim.c **** /* TIM4 init function */
  30:Core/Src/tim.c **** void MX_TIM4_Init(void)
  31:Core/Src/tim.c **** {
  27              		.loc 1 31 1 view -0
ARM GAS  C:\Users\93980\AppData\Local\Temp\ccKMA8Ld.s 			page 2


  28              		.cfi_startproc
  29              		@ args = 0, pretend = 0, frame = 24
  30              		@ frame_needed = 0, uses_anonymous_args = 0
  31 0000 00B5     		push	{lr}
  32              	.LCFI0:
  33              		.cfi_def_cfa_offset 4
  34              		.cfi_offset 14, -4
  35 0002 87B0     		sub	sp, sp, #28
  36              	.LCFI1:
  37              		.cfi_def_cfa_offset 32
  32:Core/Src/tim.c **** 
  33:Core/Src/tim.c ****   /* USER CODE BEGIN TIM4_Init 0 */
  34:Core/Src/tim.c **** 
  35:Core/Src/tim.c ****   /* USER CODE END TIM4_Init 0 */
  36:Core/Src/tim.c **** 
  37:Core/Src/tim.c ****   TIM_ClockConfigTypeDef sClockSourceConfig = {0};
  38              		.loc 1 37 3 view .LVU1
  39              		.loc 1 37 26 is_stmt 0 view .LVU2
  40 0004 0023     		movs	r3, #0
  41 0006 0293     		str	r3, [sp, #8]
  42 0008 0393     		str	r3, [sp, #12]
  43 000a 0493     		str	r3, [sp, #16]
  44 000c 0593     		str	r3, [sp, #20]
  38:Core/Src/tim.c ****   TIM_MasterConfigTypeDef sMasterConfig = {0};
  45              		.loc 1 38 3 is_stmt 1 view .LVU3
  46              		.loc 1 38 27 is_stmt 0 view .LVU4
  47 000e 0093     		str	r3, [sp]
  48 0010 0193     		str	r3, [sp, #4]
  39:Core/Src/tim.c **** 
  40:Core/Src/tim.c ****   /* USER CODE BEGIN TIM4_Init 1 */
  41:Core/Src/tim.c **** 
  42:Core/Src/tim.c ****   /* USER CODE END TIM4_Init 1 */
  43:Core/Src/tim.c ****   htim4.Instance = TIM4;
  49              		.loc 1 43 3 is_stmt 1 view .LVU5
  50              		.loc 1 43 18 is_stmt 0 view .LVU6
  51 0012 1B48     		ldr	r0, .L9
  52 0014 1B4A     		ldr	r2, .L9+4
  53 0016 0260     		str	r2, [r0]
  44:Core/Src/tim.c ****   htim4.Init.Prescaler = 7199;
  54              		.loc 1 44 3 is_stmt 1 view .LVU7
  55              		.loc 1 44 24 is_stmt 0 view .LVU8
  56 0018 41F61F42 		movw	r2, #7199
  57 001c 4260     		str	r2, [r0, #4]
  45:Core/Src/tim.c ****   htim4.Init.CounterMode = TIM_COUNTERMODE_UP;
  58              		.loc 1 45 3 is_stmt 1 view .LVU9
  59              		.loc 1 45 26 is_stmt 0 view .LVU10
  60 001e 8360     		str	r3, [r0, #8]
  46:Core/Src/tim.c ****   htim4.Init.Period = 10000;
  61              		.loc 1 46 3 is_stmt 1 view .LVU11
  62              		.loc 1 46 21 is_stmt 0 view .LVU12
  63 0020 42F21072 		movw	r2, #10000
  64 0024 C260     		str	r2, [r0, #12]
  47:Core/Src/tim.c ****   htim4.Init.ClockDivision = TIM_CLOCKDIVISION_DIV1;
  65              		.loc 1 47 3 is_stmt 1 view .LVU13
  66              		.loc 1 47 28 is_stmt 0 view .LVU14
  67 0026 0361     		str	r3, [r0, #16]
  48:Core/Src/tim.c ****   htim4.Init.AutoReloadPreload = TIM_AUTORELOAD_PRELOAD_DISABLE;
ARM GAS  C:\Users\93980\AppData\Local\Temp\ccKMA8Ld.s 			page 3


  68              		.loc 1 48 3 is_stmt 1 view .LVU15
  69              		.loc 1 48 32 is_stmt 0 view .LVU16
  70 0028 8361     		str	r3, [r0, #24]
  49:Core/Src/tim.c ****   if (HAL_TIM_Base_Init(&htim4) != HAL_OK)
  71              		.loc 1 49 3 is_stmt 1 view .LVU17
  72              		.loc 1 49 7 is_stmt 0 view .LVU18
  73 002a FFF7FEFF 		bl	HAL_TIM_Base_Init
  74              	.LVL0:
  75              		.loc 1 49 6 discriminator 1 view .LVU19
  76 002e E8B9     		cbnz	r0, .L6
  77              	.L2:
  50:Core/Src/tim.c ****   {
  51:Core/Src/tim.c ****     Error_Handler();
  52:Core/Src/tim.c ****   }
  53:Core/Src/tim.c ****   sClockSourceConfig.ClockSource = TIM_CLOCKSOURCE_INTERNAL;
  78              		.loc 1 53 3 is_stmt 1 view .LVU20
  79              		.loc 1 53 34 is_stmt 0 view .LVU21
  80 0030 4FF48053 		mov	r3, #4096
  81 0034 0293     		str	r3, [sp, #8]
  54:Core/Src/tim.c ****   if (HAL_TIM_ConfigClockSource(&htim4, &sClockSourceConfig) != HAL_OK)
  82              		.loc 1 54 3 is_stmt 1 view .LVU22
  83              		.loc 1 54 7 is_stmt 0 view .LVU23
  84 0036 02A9     		add	r1, sp, #8
  85 0038 1148     		ldr	r0, .L9
  86 003a FFF7FEFF 		bl	HAL_TIM_ConfigClockSource
  87              	.LVL1:
  88              		.loc 1 54 6 discriminator 1 view .LVU24
  89 003e C0B9     		cbnz	r0, .L7
  90              	.L3:
  55:Core/Src/tim.c ****   {
  56:Core/Src/tim.c ****     Error_Handler();
  57:Core/Src/tim.c ****   }
  58:Core/Src/tim.c ****   sMasterConfig.MasterOutputTrigger = TIM_TRGO_RESET;
  91              		.loc 1 58 3 is_stmt 1 view .LVU25
  92              		.loc 1 58 37 is_stmt 0 view .LVU26
  93 0040 0023     		movs	r3, #0
  94 0042 0093     		str	r3, [sp]
  59:Core/Src/tim.c ****   sMasterConfig.MasterSlaveMode = TIM_MASTERSLAVEMODE_DISABLE;
  95              		.loc 1 59 3 is_stmt 1 view .LVU27
  96              		.loc 1 59 33 is_stmt 0 view .LVU28
  97 0044 0193     		str	r3, [sp, #4]
  60:Core/Src/tim.c ****   if (HAL_TIMEx_MasterConfigSynchronization(&htim4, &sMasterConfig) != HAL_OK)
  98              		.loc 1 60 3 is_stmt 1 view .LVU29
  99              		.loc 1 60 7 is_stmt 0 view .LVU30
 100 0046 6946     		mov	r1, sp
 101 0048 0D48     		ldr	r0, .L9
 102 004a FFF7FEFF 		bl	HAL_TIMEx_MasterConfigSynchronization
 103              	.LVL2:
 104              		.loc 1 60 6 discriminator 1 view .LVU31
 105 004e 98B9     		cbnz	r0, .L8
 106              	.L4:
  61:Core/Src/tim.c ****   {
  62:Core/Src/tim.c ****     Error_Handler();
  63:Core/Src/tim.c ****   }
  64:Core/Src/tim.c ****   /* USER CODE BEGIN TIM4_Init 2 */
  65:Core/Src/tim.c ****   // **手动添加：TIM4 更新中断**
  66:Core/Src/tim.c ****   HAL_TIM_Base_Start_IT(&htim4);
ARM GAS  C:\Users\93980\AppData\Local\Temp\ccKMA8Ld.s 			page 4


 107              		.loc 1 66 3 is_stmt 1 view .LVU32
 108 0050 0B48     		ldr	r0, .L9
 109 0052 FFF7FEFF 		bl	HAL_TIM_Base_Start_IT
 110              	.LVL3:
  67:Core/Src/tim.c **** 
  68:Core/Src/tim.c ****   // **手动添加：NVIC 优先级并启用 TIM4 IRQ**
  69:Core/Src/tim.c ****   HAL_NVIC_SetPriority(TIM4_IRQn, 2, 0);
 111              		.loc 1 69 3 view .LVU33
 112 0056 0022     		movs	r2, #0
 113 0058 0221     		movs	r1, #2
 114 005a 1E20     		movs	r0, #30
 115 005c FFF7FEFF 		bl	HAL_NVIC_SetPriority
 116              	.LVL4:
  70:Core/Src/tim.c ****   HAL_NVIC_EnableIRQ(TIM4_IRQn);
 117              		.loc 1 70 3 view .LVU34
 118 0060 1E20     		movs	r0, #30
 119 0062 FFF7FEFF 		bl	HAL_NVIC_EnableIRQ
 120              	.LVL5:
  71:Core/Src/tim.c ****   /* USER CODE END TIM4_Init 2 */
  72:Core/Src/tim.c **** 
  73:Core/Src/tim.c **** }
 121              		.loc 1 73 1 is_stmt 0 view .LVU35
 122 0066 07B0     		add	sp, sp, #28
 123              	.LCFI2:
 124              		.cfi_remember_state
 125              		.cfi_def_cfa_offset 4
 126              		@ sp needed
 127 0068 5DF804FB 		ldr	pc, [sp], #4
 128              	.L6:
 129              	.LCFI3:
 130              		.cfi_restore_state
  51:Core/Src/tim.c ****   }
 131              		.loc 1 51 5 is_stmt 1 view .LVU36
 132 006c FFF7FEFF 		bl	Error_Handler
 133              	.LVL6:
 134 0070 DEE7     		b	.L2
 135              	.L7:
  56:Core/Src/tim.c ****   }
 136              		.loc 1 56 5 view .LVU37
 137 0072 FFF7FEFF 		bl	Error_Handler
 138              	.LVL7:
 139 0076 E3E7     		b	.L3
 140              	.L8:
  62:Core/Src/tim.c ****   }
 141              		.loc 1 62 5 view .LVU38
 142 0078 FFF7FEFF 		bl	Error_Handler
 143              	.LVL8:
 144 007c E8E7     		b	.L4
 145              	.L10:
 146 007e 00BF     		.align	2
 147              	.L9:
 148 0080 00000000 		.word	htim4
 149 0084 00080040 		.word	1073743872
 150              		.cfi_endproc
 151              	.LFE65:
 153              		.section	.text.HAL_TIM_Base_MspInit,"ax",%progbits
 154              		.align	1
ARM GAS  C:\Users\93980\AppData\Local\Temp\ccKMA8Ld.s 			page 5


 155              		.global	HAL_TIM_Base_MspInit
 156              		.syntax unified
 157              		.thumb
 158              		.thumb_func
 160              	HAL_TIM_Base_MspInit:
 161              	.LVL9:
 162              	.LFB66:
  74:Core/Src/tim.c **** 
  75:Core/Src/tim.c **** void HAL_TIM_Base_MspInit(TIM_HandleTypeDef* tim_baseHandle)
  76:Core/Src/tim.c **** {
 163              		.loc 1 76 1 view -0
 164              		.cfi_startproc
 165              		@ args = 0, pretend = 0, frame = 8
 166              		@ frame_needed = 0, uses_anonymous_args = 0
  77:Core/Src/tim.c **** 
  78:Core/Src/tim.c ****   if(tim_baseHandle->Instance==TIM4)
 167              		.loc 1 78 3 view .LVU40
 168              		.loc 1 78 20 is_stmt 0 view .LVU41
 169 0000 0268     		ldr	r2, [r0]
 170              		.loc 1 78 5 view .LVU42
 171 0002 0E4B     		ldr	r3, .L18
 172 0004 9A42     		cmp	r2, r3
 173 0006 00D0     		beq	.L17
 174 0008 7047     		bx	lr
 175              	.L17:
  76:Core/Src/tim.c **** 
 176              		.loc 1 76 1 view .LVU43
 177 000a 00B5     		push	{lr}
 178              	.LCFI4:
 179              		.cfi_def_cfa_offset 4
 180              		.cfi_offset 14, -4
 181 000c 83B0     		sub	sp, sp, #12
 182              	.LCFI5:
 183              		.cfi_def_cfa_offset 16
  79:Core/Src/tim.c ****   {
  80:Core/Src/tim.c ****   /* USER CODE BEGIN TIM4_MspInit 0 */
  81:Core/Src/tim.c **** 
  82:Core/Src/tim.c ****   /* USER CODE END TIM4_MspInit 0 */
  83:Core/Src/tim.c ****     /* TIM4 clock enable */
  84:Core/Src/tim.c ****     __HAL_RCC_TIM4_CLK_ENABLE();
 184              		.loc 1 84 5 is_stmt 1 view .LVU44
 185              	.LBB2:
 186              		.loc 1 84 5 view .LVU45
 187              		.loc 1 84 5 view .LVU46
 188 000e 03F50233 		add	r3, r3, #133120
 189 0012 DA69     		ldr	r2, [r3, #28]
 190 0014 42F00402 		orr	r2, r2, #4
 191 0018 DA61     		str	r2, [r3, #28]
 192              		.loc 1 84 5 view .LVU47
 193 001a DB69     		ldr	r3, [r3, #28]
 194 001c 03F00403 		and	r3, r3, #4
 195 0020 0193     		str	r3, [sp, #4]
 196              		.loc 1 84 5 view .LVU48
 197 0022 019B     		ldr	r3, [sp, #4]
 198              	.LBE2:
 199              		.loc 1 84 5 view .LVU49
  85:Core/Src/tim.c **** 
ARM GAS  C:\Users\93980\AppData\Local\Temp\ccKMA8Ld.s 			page 6


  86:Core/Src/tim.c ****     /* TIM4 interrupt Init */
  87:Core/Src/tim.c ****     HAL_NVIC_SetPriority(TIM4_IRQn, 2, 0);
 200              		.loc 1 87 5 view .LVU50
 201 0024 0022     		movs	r2, #0
 202 0026 0221     		movs	r1, #2
 203 0028 1E20     		movs	r0, #30
 204              	.LVL10:
 205              		.loc 1 87 5 is_stmt 0 view .LVU51
 206 002a FFF7FEFF 		bl	HAL_NVIC_SetPriority
 207              	.LVL11:
  88:Core/Src/tim.c ****     HAL_NVIC_EnableIRQ(TIM4_IRQn);
 208              		.loc 1 88 5 is_stmt 1 view .LVU52
 209 002e 1E20     		movs	r0, #30
 210 0030 FFF7FEFF 		bl	HAL_NVIC_EnableIRQ
 211              	.LVL12:
  89:Core/Src/tim.c ****   /* USER CODE BEGIN TIM4_MspInit 1 */
  90:Core/Src/tim.c **** 
  91:Core/Src/tim.c ****   /* USER CODE END TIM4_MspInit 1 */
  92:Core/Src/tim.c ****   }
  93:Core/Src/tim.c **** }
 212              		.loc 1 93 1 is_stmt 0 view .LVU53
 213 0034 03B0     		add	sp, sp, #12
 214              	.LCFI6:
 215              		.cfi_def_cfa_offset 4
 216              		@ sp needed
 217 0036 5DF804FB 		ldr	pc, [sp], #4
 218              	.L19:
 219 003a 00BF     		.align	2
 220              	.L18:
 221 003c 00080040 		.word	1073743872
 222              		.cfi_endproc
 223              	.LFE66:
 225              		.section	.text.HAL_TIM_Base_MspDeInit,"ax",%progbits
 226              		.align	1
 227              		.global	HAL_TIM_Base_MspDeInit
 228              		.syntax unified
 229              		.thumb
 230              		.thumb_func
 232              	HAL_TIM_Base_MspDeInit:
 233              	.LVL13:
 234              	.LFB67:
  94:Core/Src/tim.c **** 
  95:Core/Src/tim.c **** void HAL_TIM_Base_MspDeInit(TIM_HandleTypeDef* tim_baseHandle)
  96:Core/Src/tim.c **** {
 235              		.loc 1 96 1 is_stmt 1 view -0
 236              		.cfi_startproc
 237              		@ args = 0, pretend = 0, frame = 0
 238              		@ frame_needed = 0, uses_anonymous_args = 0
 239              		.loc 1 96 1 is_stmt 0 view .LVU55
 240 0000 08B5     		push	{r3, lr}
 241              	.LCFI7:
 242              		.cfi_def_cfa_offset 8
 243              		.cfi_offset 3, -8
 244              		.cfi_offset 14, -4
  97:Core/Src/tim.c **** 
  98:Core/Src/tim.c ****   if(tim_baseHandle->Instance==TIM4)
 245              		.loc 1 98 3 is_stmt 1 view .LVU56
ARM GAS  C:\Users\93980\AppData\Local\Temp\ccKMA8Ld.s 			page 7


 246              		.loc 1 98 20 is_stmt 0 view .LVU57
 247 0002 0268     		ldr	r2, [r0]
 248              		.loc 1 98 5 view .LVU58
 249 0004 064B     		ldr	r3, .L24
 250 0006 9A42     		cmp	r2, r3
 251 0008 00D0     		beq	.L23
 252              	.LVL14:
 253              	.L20:
  99:Core/Src/tim.c ****   {
 100:Core/Src/tim.c ****   /* USER CODE BEGIN TIM4_MspDeInit 0 */
 101:Core/Src/tim.c **** 
 102:Core/Src/tim.c ****   /* USER CODE END TIM4_MspDeInit 0 */
 103:Core/Src/tim.c ****     /* Peripheral clock disable */
 104:Core/Src/tim.c ****     __HAL_RCC_TIM4_CLK_DISABLE();
 105:Core/Src/tim.c **** 
 106:Core/Src/tim.c ****     /* TIM4 interrupt Deinit */
 107:Core/Src/tim.c ****     HAL_NVIC_DisableIRQ(TIM4_IRQn);
 108:Core/Src/tim.c ****   /* USER CODE BEGIN TIM4_MspDeInit 1 */
 109:Core/Src/tim.c **** 
 110:Core/Src/tim.c ****   /* USER CODE END TIM4_MspDeInit 1 */
 111:Core/Src/tim.c ****   }
 112:Core/Src/tim.c **** }
 254              		.loc 1 112 1 view .LVU59
 255 000a 08BD     		pop	{r3, pc}
 256              	.LVL15:
 257              	.L23:
 104:Core/Src/tim.c **** 
 258              		.loc 1 104 5 is_stmt 1 view .LVU60
 259 000c 054A     		ldr	r2, .L24+4
 260 000e D369     		ldr	r3, [r2, #28]
 261 0010 23F00403 		bic	r3, r3, #4
 262 0014 D361     		str	r3, [r2, #28]
 107:Core/Src/tim.c ****   /* USER CODE BEGIN TIM4_MspDeInit 1 */
 263              		.loc 1 107 5 view .LVU61
 264 0016 1E20     		movs	r0, #30
 265              	.LVL16:
 107:Core/Src/tim.c ****   /* USER CODE BEGIN TIM4_MspDeInit 1 */
 266              		.loc 1 107 5 is_stmt 0 view .LVU62
 267 0018 FFF7FEFF 		bl	HAL_NVIC_DisableIRQ
 268              	.LVL17:
 269              		.loc 1 112 1 view .LVU63
 270 001c F5E7     		b	.L20
 271              	.L25:
 272 001e 00BF     		.align	2
 273              	.L24:
 274 0020 00080040 		.word	1073743872
 275 0024 00100240 		.word	1073876992
 276              		.cfi_endproc
 277              	.LFE67:
 279              		.global	htim4
 280              		.section	.bss.htim4,"aw",%nobits
 281              		.align	2
 284              	htim4:
 285 0000 00000000 		.space	72
 285      00000000 
 285      00000000 
 285      00000000 
ARM GAS  C:\Users\93980\AppData\Local\Temp\ccKMA8Ld.s 			page 8


 285      00000000 
 286              		.text
 287              	.Letext0:
 288              		.file 2 "Drivers/CMSIS/Device/ST/STM32F1xx/Include/stm32f103xb.h"
 289              		.file 3 "D:/arm-none-eabi-gcc/arm-none-eabi/include/machine/_default_types.h"
 290              		.file 4 "D:/arm-none-eabi-gcc/arm-none-eabi/include/sys/_stdint.h"
 291              		.file 5 "Drivers/STM32F1xx_HAL_Driver/Inc/stm32f1xx_hal_def.h"
 292              		.file 6 "Drivers/STM32F1xx_HAL_Driver/Inc/stm32f1xx_hal_dma.h"
 293              		.file 7 "Drivers/STM32F1xx_HAL_Driver/Inc/stm32f1xx_hal_tim.h"
 294              		.file 8 "Drivers/STM32F1xx_HAL_Driver/Inc/stm32f1xx_hal_cortex.h"
 295              		.file 9 "Drivers/STM32F1xx_HAL_Driver/Inc/stm32f1xx_hal_tim_ex.h"
 296              		.file 10 "Core/Inc/tim.h"
 297              		.file 11 "Core/Inc/main.h"
ARM GAS  C:\Users\93980\AppData\Local\Temp\ccKMA8Ld.s 			page 9


DEFINED SYMBOLS
                            *ABS*:00000000 tim.c
C:\Users\93980\AppData\Local\Temp\ccKMA8Ld.s:19     .text.MX_TIM4_Init:00000000 $t
C:\Users\93980\AppData\Local\Temp\ccKMA8Ld.s:25     .text.MX_TIM4_Init:00000000 MX_TIM4_Init
C:\Users\93980\AppData\Local\Temp\ccKMA8Ld.s:148    .text.MX_TIM4_Init:00000080 $d
C:\Users\93980\AppData\Local\Temp\ccKMA8Ld.s:284    .bss.htim4:00000000 htim4
C:\Users\93980\AppData\Local\Temp\ccKMA8Ld.s:154    .text.HAL_TIM_Base_MspInit:00000000 $t
C:\Users\93980\AppData\Local\Temp\ccKMA8Ld.s:160    .text.HAL_TIM_Base_MspInit:00000000 HAL_TIM_Base_MspInit
C:\Users\93980\AppData\Local\Temp\ccKMA8Ld.s:221    .text.HAL_TIM_Base_MspInit:0000003c $d
C:\Users\93980\AppData\Local\Temp\ccKMA8Ld.s:226    .text.HAL_TIM_Base_MspDeInit:00000000 $t
C:\Users\93980\AppData\Local\Temp\ccKMA8Ld.s:232    .text.HAL_TIM_Base_MspDeInit:00000000 HAL_TIM_Base_MspDeInit
C:\Users\93980\AppData\Local\Temp\ccKMA8Ld.s:274    .text.HAL_TIM_Base_MspDeInit:00000020 $d
C:\Users\93980\AppData\Local\Temp\ccKMA8Ld.s:281    .bss.htim4:00000000 $d

UNDEFINED SYMBOLS
HAL_TIM_Base_Init
HAL_TIM_ConfigClockSource
HAL_TIMEx_MasterConfigSynchronization
HAL_TIM_Base_Start_IT
HAL_NVIC_SetPriority
HAL_NVIC_EnableIRQ
Error_Handler
HAL_NVIC_DisableIRQ
